<?xml version="1.0" encoding="UTF-8"?>
<!-- Generated by org.testng.reporters.JUnitXMLReporter -->
<testsuite ignored="0" hostname="DESKTOP-582AH23" failures="0" tests="6" name="Surefire test" time="69.833" errors="0" timestamp="2024-09-19T15:39:29 GMT-04:00">
  <testcase classname="yashwanthgunapatiqa.tests.SubmitOrder_E2E_TestCase" name="checkOutProduct" time="9.707"/>
  <testcase classname="yashwanthgunapatiqa.tests.SubmitOrder_E2E_TestCase" name="checkOutProduct" time="10.07"/>
  <testcase classname="yashwanthgunapatiqa.tests.SubmitOrder_E2E_TestCase" name="checkOutProduct" time="9.561"/>
  <testcase classname="yashwanthgunapatiqa.tests.SubmitOrder_E2E_TestCase" name="checkOrderConfirmationofProduct" time="1.815"/>
  <testcase classname="yashwanthgunapatiqa.tests.SubmitOrder_E2E_TestCase" name="checkOrderConfirmationofProduct" time="1.738"/>
  <testcase classname="yashwanthgunapatiqa.tests.SubmitOrder_E2E_TestCase" name="checkOrderConfirmationofProduct" time="1.806"/>
</testsuite> <!-- Surefire test -->
