<?xml version="1.0" encoding="UTF-8"?>
<!-- Generated by org.testng.reporters.JUnitXMLReporter -->
<testsuite ignored="1" hostname="DESKTOP-582AH23" failures="2" tests="3" name="Errors Validation in Application" time="0.108" errors="0" timestamp="2024-09-23T17:12:56 GMT-04:00">
  <testcase classname="yashwanthgunapatiqa.tests.Errorvalidation" name="checkOutWithOutCountry" time="0.014">
    <failure type="java.lang.IllegalStateException" message="WebDriver is not initialized.">
      <![CDATA[java.lang.IllegalStateException: WebDriver is not initialized.
at yashwanthgunapatiqa.globalcomponents.Wrapper.userLoginDetails(Wrapper.java:64)
at yashwanthgunapatiqa.tests.Errorvalidation.checkOutWithOutCountry(Errorvalidation.java:39)
at java.base/java.util.ArrayList.forEach(ArrayList.java:1511)
... Removed 27 stack frames]]>
    </failure>
  </testcase> <!-- checkOutWithOutCountry -->
  <testcase classname="yashwanthgunapatiqa.tests.Errorvalidation" name="loginErrorValidation" time="0.003">
    <skipped/>
  </testcase> <!-- loginErrorValidation -->
  <testcase classname="yashwanthgunapatiqa.tests.Errorvalidation" name="loginErrorValidation" time="0.002">
    <failure type="java.lang.IllegalStateException" message="WebDriver is not initialized.">
      <![CDATA[java.lang.IllegalStateException: WebDriver is not initialized.
at yashwanthgunapatiqa.globalcomponents.Wrapper.userLoginDetails(Wrapper.java:64)
at yashwanthgunapatiqa.tests.Errorvalidation.loginErrorValidation(Errorvalidation.java:17)
at java.base/java.util.ArrayList.forEach(ArrayList.java:1511)
... Removed 27 stack frames]]>
    </failure>
  </testcase> <!-- loginErrorValidation -->
  <testcase classname="yashwanthgunapatiqa.tests.Errorvalidation" name="productRemovalValidation" time="0.0">
    <ignored/>
  </testcase> <!-- productRemovalValidation -->
</testsuite> <!-- Errors Validation in Application -->
