<?xml version="1.0" encoding="UTF-8"?>
<!-- Generated by org.testng.reporters.JUnitXMLReporter -->
<testsuite ignored="1" hostname="DESKTOP-582AH23" failures="2" tests="3" name="Errors Validation in Application" time="0.235" errors="0" timestamp="2024-09-26T16:52:48 GMT-04:00">
  <testcase classname="yashwanthgunapatiqa.tests.Errorvalidation" name="checkOutWithOutCountry" time="0.014">
    <failure type="java.lang.IllegalStateException" message="WebDriver is not initialized.">
      <![CDATA[java.lang.IllegalStateException: WebDriver is not initialized.
at yashwanthgunapatiqa.globalcomponents.Wrapper.userLoginDetails(Wrapper.java:66)
at yashwanthgunapatiqa.tests.Errorvalidation.checkOutWithOutCountry(Errorvalidation.java:39)
at java.base/java.util.ArrayList.forEach(ArrayList.java:1511)
... Removed 27 stack frames]]>
    </failure>
  </testcase> <!-- checkOutWithOutCountry -->
  <testcase classname="yashwanthgunapatiqa.tests.Errorvalidation" name="loginErrorValidation" time="0.007">
    <skipped/>
  </testcase> <!-- loginErrorValidation -->
  <testcase classname="yashwanthgunapatiqa.tests.Errorvalidation" name="loginErrorValidation" time="0.102">
    <failure type="java.lang.IllegalStateException" message="WebDriver is not initialized.">
      <![CDATA[java.lang.IllegalStateException: WebDriver is not initialized.
at yashwanthgunapatiqa.globalcomponents.Wrapper.userLoginDetails(Wrapper.java:66)
at yashwanthgunapatiqa.tests.Errorvalidation.loginErrorValidation(Errorvalidation.java:17)
at java.base/java.util.ArrayList.forEach(ArrayList.java:1511)
... Removed 27 stack frames]]>
    </failure>
  </testcase> <!-- loginErrorValidation -->
  <testcase classname="yashwanthgunapatiqa.tests.Errorvalidation" name="productRemovalValidation" time="0.0">
    <ignored/>
  </testcase> <!-- productRemovalValidation -->
</testsuite> <!-- Errors Validation in Application -->
