<?xml version="1.0" encoding="UTF-8"?>
<!-- Generated by org.testng.reporters.JUnitXMLReporter -->
<testsuite ignored="0" hostname="DESKTOP-582AH23" failures="0" tests="3" name="Test" time="14.167" errors="0" timestamp="2024-09-23T17:16:37 GMT-04:00">
  <testcase classname="yashwanthgunapatiqa.globalcomponents.Wrapper" name="@AfterMethod quitBrowser" time="0.075">
    <failure type="java.lang.StackOverflowError">
      <![CDATA[java.lang.StackOverflowError
at java.base/sun.nio.cs.UTF_8$Encoder.encodeArrayLoop(UTF_8.java:456)
at java.base/sun.nio.cs.UTF_8$Encoder.encodeLoop(UTF_8.java:564)
at java.base/java.nio.charset.CharsetEncoder.encode(CharsetEncoder.java:585)
at java.base/sun.nio.cs.StreamEncoder.implWrite(StreamEncoder.java:293)
at java.base/sun.nio.cs.StreamEncoder.implWrite(StreamEncoder.java:282)
at java.base/sun.nio.cs.StreamEncoder.write(StreamEncoder.java:132)
at java.base/java.io.OutputStreamWriter.write(OutputStreamWriter.java:205)
at java.base/java.io.BufferedWriter.flushBuffer(BufferedWriter.java:120)
at java.base/java.io.PrintStream.writeln(PrintStream.java:722)
at java.base/java.io.PrintStream.println(PrintStream.java:1028)
at yashwanthgunapatiqa.globalcomponents.Wrapper.tearDown(Wrapper.java:57)
at yashwanthgunapatiqa.globalcomponents.Wrapper.quitBrowser(Wrapper.java:49)
at yashwanthgunapatiqa.globalcomponents.Wrapper.tearDown(Wrapper.java:58)
at yashwanthgunapatiqa.globalcomponents.Wrapper.quitBrowser(Wrapper.java:49)
at yashwanthgunapatiqa.globalcomponents.Wrapper.tearDown(Wrapper.java:58)
at yashwanthgunapatiqa.globalcomponents.Wrapper.quitBrowser(Wrapper.java:49)
at yashwanthgunapatiqa.globalcomponents.Wrapper.tearDown(Wrapper.java:58)
at yashwanthgunapatiqa.globalcomponents.Wrapper.quitBrowser(Wrapper.java:49)
at yashwanthgunapatiqa.globalcomponents.Wrapper.tearDown(Wrapper.java:58)
at yashwanthgunapatiqa.globalcomponents.Wrapper.quitBrowser(Wrapper.java:49)
at yashwanthgunapatiqa.globalcomponents.Wrapper.tearDown(Wrapper.java:58)
at yashwanthgunapatiqa.globalcomponents.Wrapper.quitBrowser(Wrapper.java:49)
at yashwanthgunapatiqa.globalcomponents.Wrapper.tearDown(Wrapper.java:58)
at yashwanthgunapatiqa.globalcomponents.Wrapper.quitBrowser(Wrapper.java:49)
at yashwanthgunapatiqa.globalcomponents.Wrapper.tearDown(Wrapper.java:58)
at yashwanthgunapatiqa.globalcomponents.Wrapper.quitBrowser(Wrapper.java:49)
at yashwanthgunapatiqa.globalcomponents.Wrapper.tearDown(Wrapper.java:58)
at yashwanthgunapatiqa.globalcomponents.Wrapper.quitBrowser(Wrapper.java:49)
at yashwanthgunapatiqa.globalcomponents.Wrapper.tearDown(Wrapper.java:58)
at yashwanthgunapatiqa.globalcomponents.Wrapper.quitBrowser(Wrapper.java:49)
at yashwanthgunapatiqa.globalcomponents.Wrapper.tearDown(Wrapper.java:58)
at yashwanthgunapatiqa.globalcomponents.Wrapper.quitBrowser(Wrapper.java:49)
at yashwanthgunapatiqa.globalcomponents.Wrapper.tearDown(Wrapper.java:58)
at yashwanthgunapatiqa.globalcomponents.Wrapper.quitBrowser(Wrapper.java:49)
at yashwanthgunapatiqa.globalcomponents.Wrapper.tearDown(Wrapper.java:58)
at yashwanthgunapatiqa.globalcomponents.Wrapper.quitBrowser(Wrapper.java:49)
at yashwanthgunapatiqa.globalcomponents.Wrapper.tearDown(Wrapper.java:58)
at yashwanthgunapatiqa.globalcomponents.Wrapper.quitBrowser(Wrapper.java:49)
at yashwanthgunapatiqa.globalcomponents.Wrapper.tearDown(Wrapper.java:58)
at yashwanthgunapatiqa.globalcomponents.Wrapper.quitBrowser(Wrapper.java:49)
at yashwanthgunapatiqa.globalcomponents.Wrapper.tearDown(Wrapper.java:58)
at yashwanthgunapatiqa.globalcomponents.Wrapper.quitBrowser(Wrapper.java:49)
at yashwanthgunapatiqa.globalcomponents.Wrapper.tearDown(Wrapper.java:58)
at yashwanthgunapatiqa.globalcomponents.Wrapper.quitBrowser(Wrapper.java:49)
at yashwanthgunapatiqa.globalcomponents.Wrapper.tearDown(Wrapper.java:58)
at yashwanthgunapatiqa.globalcomponents.Wrapper.quitBrowser(Wrapper.java:49)
at yashwanthgunapatiqa.globalcomponents.Wrapper.tearDown(Wrapper.java:58)
at yashwanthgunapatiqa.globalcomponents.Wrapper.quitBrowser(Wrapper.java:49)
at yashwanthgunapatiqa.globalcomponents.Wrapper.tearDown(Wrapper.java:58)
at yashwanthgunapatiqa.globalcomponents.Wrapper.quitBrowser(Wrapper.java:49)
at yashwanthgunapatiqa.globalcomponents.Wrapper.tearDown(Wrapper.java:58)
at yashwanthgunapatiqa.globalcomponents.Wrapper.quitBrowser(Wrapper.java:49)
at yashwanthgunapatiqa.globalcomponents.Wrapper.tearDown(Wrapper.java:58)
at yashwanthgunapatiqa.globalcomponents.Wrapper.quitBrowser(Wrapper.java:49)
at yashwanthgunapatiqa.globalcomponents.Wrapper.tearDown(Wrapper.java:58)
at yashwanthgunapatiqa.globalcomponents.Wrapper.quitBrowser(Wrapper.java:49)
at yashwanthgunapatiqa.globalcomponents.Wrapper.tearDown(Wrapper.java:58)
at yashwanthgunapatiqa.globalcomponents.Wrapper.quitBrowser(Wrapper.java:49)
at yashwanthgunapatiqa.globalcomponents.Wrapper.tearDown(Wrapper.java:58)
at yashwanthgunapatiqa.globalcomponents.Wrapper.quitBrowser(Wrapper.java:49)
at yashwanthgunapatiqa.globalcomponents.Wrapper.tearDown(Wrapper.java:58)
at yashwanthgunapatiqa.globalcomponents.Wrapper.quitBrowser(Wrapper.java:49)
at yashwanthgunapatiqa.globalcomponents.Wrapper.tearDown(Wrapper.java:58)
at yashwanthgunapatiqa.globalcomponents.Wrapper.quitBrowser(Wrapper.java:49)
at yashwanthgunapatiqa.globalcomponents.Wrapper.tearDown(Wrapper.java:58)
at yashwanthgunapatiqa.globalcomponents.Wrapper.quitBrowser(Wrapper.java:49)
at yashwanthgunapatiqa.globalcomponents.Wrapper.tearDown(Wrapper.java:58)
at yashwanthgunapatiqa.globalcomponents.Wrapper.quitBrowser(Wrapper.java:49)
at yashwanthgunapatiqa.globalcomponents.Wrapper.tearDown(Wrapper.java:58)
at yashwanthgunapatiqa.globalcomponents.Wrapper.quitBrowser(Wrapper.java:49)
at yashwanthgunapatiqa.globalcomponents.Wrapper.tearDown(Wrapper.java:58)
at yashwanthgunapatiqa.globalcomponents.Wrapper.quitBrowser(Wrapper.java:49)
at yashwanthgunapatiqa.globalcomponents.Wrapper.tearDown(Wrapper.java:58)
at yashwanthgunapatiqa.globalcomponents.Wrapper.quitBrowser(Wrapper.java:49)
at yashwanthgunapatiqa.globalcomponents.Wrapper.tearDown(Wrapper.java:58)
at yashwanthgunapatiqa.globalcomponents.Wrapper.quitBrowser(Wrapper.java:49)
at yashwanthgunapatiqa.globalcomponents.Wrapper.tearDown(Wrapper.java:58)
at yashwanthgunapatiqa.globalcomponents.Wrapper.quitBrowser(Wrapper.java:49)
at yashwanthgunapatiqa.globalcomponents.Wrapper.tearDown(Wrapper.java:58)
at yashwanthgunapatiqa.globalcomponents.Wrapper.quitBrowser(Wrapper.java:49)
at yashwanthgunapatiqa.globalcomponents.Wrapper.tearDown(Wrapper.java:58)
at yashwanthgunapatiqa.globalcomponents.Wrapper.quitBrowser(Wrapper.java:49)
at yashwanthgunapatiqa.globalcomponents.Wrapper.tearDown(Wrapper.java:58)
at yashwanthgunapatiqa.globalcomponents.Wrapper.quitBrowser(Wrapper.java:49)
at yashwanthgunapatiqa.globalcomponents.Wrapper.tearDown(Wrapper.java:58)
at yashwanthgunapatiqa.globalcomponents.Wrapper.quitBrowser(Wrapper.java:49)
at yashwanthgunapatiqa.globalcomponents.Wrapper.tearDown(Wrapper.java:58)
at yashwanthgunapatiqa.globalcomponents.Wrapper.quitBrowser(Wrapper.java:49)
at yashwanthgunapatiqa.globalcomponents.Wrapper.tearDown(Wrapper.java:58)
at yashwanthgunapatiqa.globalcomponents.Wrapper.quitBrowser(Wrapper.java:49)
at yashwanthgunapatiqa.globalcomponents.Wrapper.tearDown(Wrapper.java:58)
at yashwanthgunapatiqa.globalcomponents.Wrapper.quitBrowser(Wrapper.java:49)
at yashwanthgunapatiqa.globalcomponents.Wrapper.tearDown(Wrapper.java:58)
at yashwanthgunapatiqa.globalcomponents.Wrapper.quitBrowser(Wrapper.java:49)
at yashwanthgunapatiqa.globalcomponents.Wrapper.tearDown(Wrapper.java:58)
at yashwanthgunapatiqa.globalcomponents.Wrapper.quitBrowser(Wrapper.java:49)
at yashwanthgunapatiqa.globalcomponents.Wrapper.tearDown(Wrapper.java:58)
at yashwanthgunapatiqa.globalcomponents.Wrapper.quitBrowser(Wrapper.java:49)
at yashwanthgunapatiqa.globalcomponents.Wrapper.tearDown(Wrapper.java:58)
at yashwanthgunapatiqa.globalcomponents.Wrapper.quitBrowser(Wrapper.java:49)
at yashwanthgunapatiqa.globalcomponents.Wrapper.tearDown(Wrapper.java:58)
at yashwanthgunapatiqa.globalcomponents.Wrapper.quitBrowser(Wrapper.java:49)
at yashwanthgunapatiqa.globalcomponents.Wrapper.tearDown(Wrapper.java:58)
at yashwanthgunapatiqa.globalcomponents.Wrapper.quitBrowser(Wrapper.java:49)
at yashwanthgunapatiqa.globalcomponents.Wrapper.tearDown(Wrapper.java:58)
at yashwanthgunapatiqa.globalcomponents.Wrapper.quitBrowser(Wrapper.java:49)
at yashwanthgunapatiqa.globalcomponents.Wrapper.tearDown(Wrapper.java:58)
at yashwanthgunapatiqa.globalcomponents.Wrapper.quitBrowser(Wrapper.java:49)
at yashwanthgunapatiqa.globalcomponents.Wrapper.tearDown(Wrapper.java:58)
at yashwanthgunapatiqa.globalcomponents.Wrapper.quitBrowser(Wrapper.java:49)
at yashwanthgunapatiqa.globalcomponents.Wrapper.tearDown(Wrapper.java:58)
at yashwanthgunapatiqa.globalcomponents.Wrapper.quitBrowser(Wrapper.java:49)
at yashwanthgunapatiqa.globalcomponents.Wrapper.tearDown(Wrapper.java:58)
at yashwanthgunapatiqa.globalcomponents.Wrapper.quitBrowser(Wrapper.java:49)
at yashwanthgunapatiqa.globalcomponents.Wrapper.tearDown(Wrapper.java:58)
at yashwanthgunapatiqa.globalcomponents.Wrapper.quitBrowser(Wrapper.java:49)
at yashwanthgunapatiqa.globalcomponents.Wrapper.tearDown(Wrapper.java:58)
at yashwanthgunapatiqa.globalcomponents.Wrapper.quitBrowser(Wrapper.java:49)
at yashwanthgunapatiqa.globalcomponents.Wrapper.tearDown(Wrapper.java:58)
at yashwanthgunapatiqa.globalcomponents.Wrapper.quitBrowser(Wrapper.java:49)
at yashwanthgunapatiqa.globalcomponents.Wrapper.tearDown(Wrapper.java:58)
at yashwanthgunapatiqa.globalcomponents.Wrapper.quitBrowser(Wrapper.java:49)
at yashwanthgunapatiqa.globalcomponents.Wrapper.tearDown(Wrapper.java:58)
at yashwanthgunapatiqa.globalcomponents.Wrapper.quitBrowser(Wrapper.java:49)
at yashwanthgunapatiqa.globalcomponents.Wrapper.tearDown(Wrapper.java:58)
at yashwanthgunapatiqa.globalcomponents.Wrapper.quitBrowser(Wrapper.java:49)
at yashwanthgunapatiqa.globalcomponents.Wrapper.tearDown(Wrapper.java:58)
at yashwanthgunapatiqa.globalcomponents.Wrapper.quitBrowser(Wrapper.java:49)
at yashwanthgunapatiqa.globalcomponents.Wrapper.tearDown(Wrapper.java:58)
at yashwanthgunapatiqa.globalcomponents.Wrapper.quitBrowser(Wrapper.java:49)
at yashwanthgunapatiqa.globalcomponents.Wrapper.tearDown(Wrapper.java:58)
at yashwanthgunapatiqa.globalcomponents.Wrapper.quitBrowser(Wrapper.java:49)
at yashwanthgunapatiqa.globalcomponents.Wrapper.tearDown(Wrapper.java:58)
at yashwanthgunapatiqa.globalcomponents.Wrapper.quitBrowser(Wrapper.java:49)
at yashwanthgunapatiqa.globalcomponents.Wrapper.tearDown(Wrapper.java:58)
at yashwanthgunapatiqa.globalcomponents.Wrapper.quitBrowser(Wrapper.java:49)
at yashwanthgunapatiqa.globalcomponents.Wrapper.tearDown(Wrapper.java:58)
at yashwanthgunapatiqa.globalcomponents.Wrapper.quitBrowser(Wrapper.java:49)
at yashwanthgunapatiqa.globalcomponents.Wrapper.tearDown(Wrapper.java:58)
at yashwanthgunapatiqa.globalcomponents.Wrapper.quitBrowser(Wrapper.java:49)
at yashwanthgunapatiqa.globalcomponents.Wrapper.tearDown(Wrapper.java:58)
at yashwanthgunapatiqa.globalcomponents.Wrapper.quitBrowser(Wrapper.java:49)
at yashwanthgunapatiqa.globalcomponents.Wrapper.tearDown(Wrapper.java:58)
at yashwanthgunapatiqa.globalcomponents.Wrapper.quitBrowser(Wrapper.java:49)
at yashwanthgunapatiqa.globalcomponents.Wrapper.tearDown(Wrapper.java:58)
at yashwanthgunapatiqa.globalcomponents.Wrapper.quitBrowser(Wrapper.java:49)
at yashwanthgunapatiqa.globalcomponents.Wrapper.tearDown(Wrapper.java:58)
at yashwanthgunapatiqa.globalcomponents.Wrapper.quitBrowser(Wrapper.java:49)
at yashwanthgunapatiqa.globalcomponents.Wrapper.tearDown(Wrapper.java:58)
at yashwanthgunapatiqa.globalcomponents.Wrapper.quitBrowser(Wrapper.java:49)
at yashwanthgunapatiqa.globalcomponents.Wrapper.tearDown(Wrapper.java:58)
at yashwanthgunapatiqa.globalcomponents.Wrapper.quitBrowser(Wrapper.java:49)
at yashwanthgunapatiqa.globalcomponents.Wrapper.tearDown(Wrapper.java:58)
at yashwanthgunapatiqa.globalcomponents.Wrapper.quitBrowser(Wrapper.java:49)
at yashwanthgunapatiqa.globalcomponents.Wrapper.tearDown(Wrapper.java:58)
at yashwanthgunapatiqa.globalcomponents.Wrapper.quitBrowser(Wrapper.java:49)
at yashwanthgunapatiqa.globalcomponents.Wrapper.tearDown(Wrapper.java:58)
at yashwanthgunapatiqa.globalcomponents.Wrapper.quitBrowser(Wrapper.java:49)
at yashwanthgunapatiqa.globalcomponents.Wrapper.tearDown(Wrapper.java:58)
at yashwanthgunapatiqa.globalcomponents.Wrapper.quitBrowser(Wrapper.java:49)
at yashwanthgunapatiqa.globalcomponents.Wrapper.tearDown(Wrapper.java:58)
at yashwanthgunapatiqa.globalcomponents.Wrapper.quitBrowser(Wrapper.java:49)
at yashwanthgunapatiqa.globalcomponents.Wrapper.tearDown(Wrapper.java:58)
at yashwanthgunapatiqa.globalcomponents.Wrapper.quitBrowser(Wrapper.java:49)
at yashwanthgunapatiqa.globalcomponents.Wrapper.tearDown(Wrapper.java:58)
at yashwanthgunapatiqa.globalcomponents.Wrapper.quitBrowser(Wrapper.java:49)
at yashwanthgunapatiqa.globalcomponents.Wrapper.tearDown(Wrapper.java:58)
at yashwanthgunapatiqa.globalcomponents.Wrapper.quitBrowser(Wrapper.java:49)
at yashwanthgunapatiqa.globalcomponents.Wrapper.tearDown(Wrapper.java:58)
at yashwanthgunapatiqa.globalcomponents.Wrapper.quitBrowser(Wrapper.java:49)
at yashwanthgunapatiqa.globalcomponents.Wrapper.tearDown(Wrapper.java:58)
at yashwanthgunapatiqa.globalcomponents.Wrapper.quitBrowser(Wrapper.java:49)
at yashwanthgunapatiqa.globalcomponents.Wrapper.tearDown(Wrapper.java:58)
at yashwanthgunapatiqa.globalcomponents.Wrapper.quitBrowser(Wrapper.java:49)
at yashwanthgunapatiqa.globalcomponents.Wrapper.tearDown(Wrapper.java:58)
at yashwanthgunapatiqa.globalcomponents.Wrapper.quitBrowser(Wrapper.java:49)
at yashwanthgunapatiqa.globalcomponents.Wrapper.tearDown(Wrapper.java:58)
at yashwanthgunapatiqa.globalcomponents.Wrapper.quitBrowser(Wrapper.java:49)
at yashwanthgunapatiqa.globalcomponents.Wrapper.tearDown(Wrapper.java:58)
at yashwanthgunapatiqa.globalcomponents.Wrapper.quitBrowser(Wrapper.java:49)
at yashwanthgunapatiqa.globalcomponents.Wrapper.tearDown(Wrapper.java:58)
at yashwanthgunapatiqa.globalcomponents.Wrapper.quitBrowser(Wrapper.java:49)
at yashwanthgunapatiqa.globalcomponents.Wrapper.tearDown(Wrapper.java:58)
at yashwanthgunapatiqa.globalcomponents.Wrapper.quitBrowser(Wrapper.java:49)
at yashwanthgunapatiqa.globalcomponents.Wrapper.tearDown(Wrapper.java:58)
at yashwanthgunapatiqa.globalcomponents.Wrapper.quitBrowser(Wrapper.java:49)
at yashwanthgunapatiqa.globalcomponents.Wrapper.tearDown(Wrapper.java:58)
at yashwanthgunapatiqa.globalcomponents.Wrapper.quitBrowser(Wrapper.java:49)
at yashwanthgunapatiqa.globalcomponents.Wrapper.tearDown(Wrapper.java:58)
at yashwanthgunapatiqa.globalcomponents.Wrapper.quitBrowser(Wrapper.java:49)
at yashwanthgunapatiqa.globalcomponents.Wrapper.tearDown(Wrapper.java:58)
at yashwanthgunapatiqa.globalcomponents.Wrapper.quitBrowser(Wrapper.java:49)
at yashwanthgunapatiqa.globalcomponents.Wrapper.tearDown(Wrapper.java:58)
at yashwanthgunapatiqa.globalcomponents.Wrapper.quitBrowser(Wrapper.java:49)
at yashwanthgunapatiqa.globalcomponents.Wrapper.tearDown(Wrapper.java:58)
at yashwanthgunapatiqa.globalcomponents.Wrapper.quitBrowser(Wrapper.java:49)
at yashwanthgunapatiqa.globalcomponents.Wrapper.tearDown(Wrapper.java:58)
at yashwanthgunapatiqa.globalcomponents.Wrapper.quitBrowser(Wrapper.java:49)
at yashwanthgunapatiqa.globalcomponents.Wrapper.tearDown(Wrapper.java:58)
at yashwanthgunapatiqa.globalcomponents.Wrapper.quitBrowser(Wrapper.java:49)
at yashwanthgunapatiqa.globalcomponents.Wrapper.tearDown(Wrapper.java:58)
at yashwanthgunapatiqa.globalcomponents.Wrapper.quitBrowser(Wrapper.java:49)
at yashwanthgunapatiqa.globalcomponents.Wrapper.tearDown(Wrapper.java:58)
at yashwanthgunapatiqa.globalcomponents.Wrapper.quitBrowser(Wrapper.java:49)
at yashwanthgunapatiqa.globalcomponents.Wrapper.tearDown(Wrapper.java:58)
at yashwanthgunapatiqa.globalcomponents.Wrapper.quitBrowser(Wrapper.java:49)
at yashwanthgunapatiqa.globalcomponents.Wrapper.tearDown(Wrapper.java:58)
at yashwanthgunapatiqa.globalcomponents.Wrapper.quitBrowser(Wrapper.java:49)
at yashwanthgunapatiqa.globalcomponents.Wrapper.tearDown(Wrapper.java:58)
at yashwanthgunapatiqa.globalcomponents.Wrapper.quitBrowser(Wrapper.java:49)
at yashwanthgunapatiqa.globalcomponents.Wrapper.tearDown(Wrapper.java:58)
at yashwanthgunapatiqa.globalcomponents.Wrapper.quitBrowser(Wrapper.java:49)
at yashwanthgunapatiqa.globalcomponents.Wrapper.tearDown(Wrapper.java:58)
at yashwanthgunapatiqa.globalcomponents.Wrapper.quitBrowser(Wrapper.java:49)
at yashwanthgunapatiqa.globalcomponents.Wrapper.tearDown(Wrapper.java:58)
at yashwanthgunapatiqa.globalcomponents.Wrapper.quitBrowser(Wrapper.java:49)
at yashwanthgunapatiqa.globalcomponents.Wrapper.tearDown(Wrapper.java:58)
at yashwanthgunapatiqa.globalcomponents.Wrapper.quitBrowser(Wrapper.java:49)
at yashwanthgunapatiqa.globalcomponents.Wrapper.tearDown(Wrapper.java:58)
at yashwanthgunapatiqa.globalcomponents.Wrapper.quitBrowser(Wrapper.java:49)
at yashwanthgunapatiqa.globalcomponents.Wrapper.tearDown(Wrapper.java:58)
at yashwanthgunapatiqa.globalcomponents.Wrapper.quitBrowser(Wrapper.java:49)
at yashwanthgunapatiqa.globalcomponents.Wrapper.tearDown(Wrapper.java:58)
at yashwanthgunapatiqa.globalcomponents.Wrapper.quitBrowser(Wrapper.java:49)
at yashwanthgunapatiqa.globalcomponents.Wrapper.tearDown(Wrapper.java:58)
at yashwanthgunapatiqa.globalcomponents.Wrapper.quitBrowser(Wrapper.java:49)
at yashwanthgunapatiqa.globalcomponents.Wrapper.tearDown(Wrapper.java:58)
at yashwanthgunapatiqa.globalcomponents.Wrapper.quitBrowser(Wrapper.java:49)
at yashwanthgunapatiqa.globalcomponents.Wrapper.tearDown(Wrapper.java:58)
at yashwanthgunapatiqa.globalcomponents.Wrapper.quitBrowser(Wrapper.java:49)
at yashwanthgunapatiqa.globalcomponents.Wrapper.tearDown(Wrapper.java:58)
at yashwanthgunapatiqa.globalcomponents.Wrapper.quitBrowser(Wrapper.java:49)
at yashwanthgunapatiqa.globalcomponents.Wrapper.tearDown(Wrapper.java:58)
at yashwanthgunapatiqa.globalcomponents.Wrapper.quitBrowser(Wrapper.java:49)
at yashwanthgunapatiqa.globalcomponents.Wrapper.tearDown(Wrapper.java:58)
at yashwanthgunapatiqa.globalcomponents.Wrapper.quitBrowser(Wrapper.java:49)
at yashwanthgunapatiqa.globalcomponents.Wrapper.tearDown(Wrapper.java:58)
at yashwanthgunapatiqa.globalcomponents.Wrapper.quitBrowser(Wrapper.java:49)
at yashwanthgunapatiqa.globalcomponents.Wrapper.tearDown(Wrapper.java:58)
at yashwanthgunapatiqa.globalcomponents.Wrapper.quitBrowser(Wrapper.java:49)
at yashwanthgunapatiqa.globalcomponents.Wrapper.tearDown(Wrapper.java:58)
at yashwanthgunapatiqa.globalcomponents.Wrapper.quitBrowser(Wrapper.java:49)
at yashwanthgunapatiqa.globalcomponents.Wrapper.tearDown(Wrapper.java:58)
at yashwanthgunapatiqa.globalcomponents.Wrapper.quitBrowser(Wrapper.java:49)
at yashwanthgunapatiqa.globalcomponents.Wrapper.tearDown(Wrapper.java:58)
at yashwanthgunapatiqa.globalcomponents.Wrapper.quitBrowser(Wrapper.java:49)
at yashwanthgunapatiqa.globalcomponents.Wrapper.tearDown(Wrapper.java:58)
at yashwanthgunapatiqa.globalcomponents.Wrapper.quitBrowser(Wrapper.java:49)
at yashwanthgunapatiqa.globalcomponents.Wrapper.tearDown(Wrapper.java:58)
at yashwanthgunapatiqa.globalcomponents.Wrapper.quitBrowser(Wrapper.java:49)
at yashwanthgunapatiqa.globalcomponents.Wrapper.tearDown(Wrapper.java:58)
at yashwanthgunapatiqa.globalcomponents.Wrapper.quitBrowser(Wrapper.java:49)
at yashwanthgunapatiqa.globalcomponents.Wrapper.tearDown(Wrapper.java:58)
at yashwanthgunapatiqa.globalcomponents.Wrapper.quitBrowser(Wrapper.java:49)
at yashwanthgunapatiqa.globalcomponents.Wrapper.tearDown(Wrapper.java:58)
at yashwanthgunapatiqa.globalcomponents.Wrapper.quitBrowser(Wrapper.java:49)
at yashwanthgunapatiqa.globalcomponents.Wrapper.tearDown(Wrapper.java:58)
at yashwanthgunapatiqa.globalcomponents.Wrapper.quitBrowser(Wrapper.java:49)
at yashwanthgunapatiqa.globalcomponents.Wrapper.tearDown(Wrapper.java:58)
at yashwanthgunapatiqa.globalcomponents.Wrapper.quitBrowser(Wrapper.java:49)
at yashwanthgunapatiqa.globalcomponents.Wrapper.tearDown(Wrapper.java:58)
at yashwanthgunapatiqa.globalcomponents.Wrapper.quitBrowser(Wrapper.java:49)
at yashwanthgunapatiqa.globalcomponents.Wrapper.tearDown(Wrapper.java:58)
at yashwanthgunapatiqa.globalcomponents.Wrapper.quitBrowser(Wrapper.java:49)
at yashwanthgunapatiqa.globalcomponents.Wrapper.tearDown(Wrapper.java:58)
at yashwanthgunapatiqa.globalcomponents.Wrapper.quitBrowser(Wrapper.java:49)
at yashwanthgunapatiqa.globalcomponents.Wrapper.tearDown(Wrapper.java:58)
at yashwanthgunapatiqa.globalcomponents.Wrapper.quitBrowser(Wrapper.java:49)
at yashwanthgunapatiqa.globalcomponents.Wrapper.tearDown(Wrapper.java:58)
at yashwanthgunapatiqa.globalcomponents.Wrapper.quitBrowser(Wrapper.java:49)
at yashwanthgunapatiqa.globalcomponents.Wrapper.tearDown(Wrapper.java:58)
at yashwanthgunapatiqa.globalcomponents.Wrapper.quitBrowser(Wrapper.java:49)
at yashwanthgunapatiqa.globalcomponents.Wrapper.tearDown(Wrapper.java:58)
at yashwanthgunapatiqa.globalcomponents.Wrapper.quitBrowser(Wrapper.java:49)
at yashwanthgunapatiqa.globalcomponents.Wrapper.tearDown(Wrapper.java:58)
at yashwanthgunapatiqa.globalcomponents.Wrapper.quitBrowser(Wrapper.java:49)
at yashwanthgunapatiqa.globalcomponents.Wrapper.tearDown(Wrapper.java:58)
at yashwanthgunapatiqa.globalcomponents.Wrapper.quitBrowser(Wrapper.java:49)
at yashwanthgunapatiqa.globalcomponents.Wrapper.tearDown(Wrapper.java:58)
at yashwanthgunapatiqa.globalcomponents.Wrapper.quitBrowser(Wrapper.java:49)
at yashwanthgunapatiqa.globalcomponents.Wrapper.tearDown(Wrapper.java:58)
at yashwanthgunapatiqa.globalcomponents.Wrapper.quitBrowser(Wrapper.java:49)
at yashwanthgunapatiqa.globalcomponents.Wrapper.tearDown(Wrapper.java:58)
at yashwanthgunapatiqa.globalcomponents.Wrapper.quitBrowser(Wrapper.java:49)
at yashwanthgunapatiqa.globalcomponents.Wrapper.tearDown(Wrapper.java:58)
at yashwanthgunapatiqa.globalcomponents.Wrapper.quitBrowser(Wrapper.java:49)
at yashwanthgunapatiqa.globalcomponents.Wrapper.tearDown(Wrapper.java:58)
at yashwanthgunapatiqa.globalcomponents.Wrapper.quitBrowser(Wrapper.java:49)
at yashwanthgunapatiqa.globalcomponents.Wrapper.tearDown(Wrapper.java:58)
at yashwanthgunapatiqa.globalcomponents.Wrapper.quitBrowser(Wrapper.java:49)
at yashwanthgunapatiqa.globalcomponents.Wrapper.tearDown(Wrapper.java:58)
at yashwanthgunapatiqa.globalcomponents.Wrapper.quitBrowser(Wrapper.java:49)
at yashwanthgunapatiqa.globalcomponents.Wrapper.tearDown(Wrapper.java:58)
at yashwanthgunapatiqa.globalcomponents.Wrapper.quitBrowser(Wrapper.java:49)
at yashwanthgunapatiqa.globalcomponents.Wrapper.tearDown(Wrapper.java:58)
at yashwanthgunapatiqa.globalcomponents.Wrapper.quitBrowser(Wrapper.java:49)
at yashwanthgunapatiqa.globalcomponents.Wrapper.tearDown(Wrapper.java:58)
at yashwanthgunapatiqa.globalcomponents.Wrapper.quitBrowser(Wrapper.java:49)
at yashwanthgunapatiqa.globalcomponents.Wrapper.tearDown(Wrapper.java:58)
at yashwanthgunapatiqa.globalcomponents.Wrapper.quitBrowser(Wrapper.java:49)
at yashwanthgunapatiqa.globalcomponents.Wrapper.tearDown(Wrapper.java:58)
at yashwanthgunapatiqa.globalcomponents.Wrapper.quitBrowser(Wrapper.java:49)
at yashwanthgunapatiqa.globalcomponents.Wrapper.tearDown(Wrapper.java:58)
at yashwanthgunapatiqa.globalcomponents.Wrapper.quitBrowser(Wrapper.java:49)
at yashwanthgunapatiqa.globalcomponents.Wrapper.tearDown(Wrapper.java:58)
at yashwanthgunapatiqa.globalcomponents.Wrapper.quitBrowser(Wrapper.java:49)
at yashwanthgunapatiqa.globalcomponents.Wrapper.tearDown(Wrapper.java:58)
at yashwanthgunapatiqa.globalcomponents.Wrapper.quitBrowser(Wrapper.java:49)
at yashwanthgunapatiqa.globalcomponents.Wrapper.tearDown(Wrapper.java:58)
at yashwanthgunapatiqa.globalcomponents.Wrapper.quitBrowser(Wrapper.java:49)
at yashwanthgunapatiqa.globalcomponents.Wrapper.tearDown(Wrapper.java:58)
at yashwanthgunapatiqa.globalcomponents.Wrapper.quitBrowser(Wrapper.java:49)
at yashwanthgunapatiqa.globalcomponents.Wrapper.tearDown(Wrapper.java:58)
at yashwanthgunapatiqa.globalcomponents.Wrapper.quitBrowser(Wrapper.java:49)
at yashwanthgunapatiqa.globalcomponents.Wrapper.tearDown(Wrapper.java:58)
at yashwanthgunapatiqa.globalcomponents.Wrapper.quitBrowser(Wrapper.java:49)
at yashwanthgunapatiqa.globalcomponents.Wrapper.tearDown(Wrapper.java:58)
at yashwanthgunapatiqa.globalcomponents.Wrapper.quitBrowser(Wrapper.java:49)
at yashwanthgunapatiqa.globalcomponents.Wrapper.tearDown(Wrapper.java:58)
at yashwanthgunapatiqa.globalcomponents.Wrapper.quitBrowser(Wrapper.java:49)
at yashwanthgunapatiqa.globalcomponents.Wrapper.tearDown(Wrapper.java:58)
at yashwanthgunapatiqa.globalcomponents.Wrapper.quitBrowser(Wrapper.java:49)
at yashwanthgunapatiqa.globalcomponents.Wrapper.tearDown(Wrapper.java:58)
at yashwanthgunapatiqa.globalcomponents.Wrapper.quitBrowser(Wrapper.java:49)
at yashwanthgunapatiqa.globalcomponents.Wrapper.tearDown(Wrapper.java:58)
at yashwanthgunapatiqa.globalcomponents.Wrapper.quitBrowser(Wrapper.java:49)
at yashwanthgunapatiqa.globalcomponents.Wrapper.tearDown(Wrapper.java:58)
at yashwanthgunapatiqa.globalcomponents.Wrapper.quitBrowser(Wrapper.java:49)
at yashwanthgunapatiqa.globalcomponents.Wrapper.tearDown(Wrapper.java:58)
at yashwanthgunapatiqa.globalcomponents.Wrapper.quitBrowser(Wrapper.java:49)
at yashwanthgunapatiqa.globalcomponents.Wrapper.tearDown(Wrapper.java:58)
at yashwanthgunapatiqa.globalcomponents.Wrapper.quitBrowser(Wrapper.java:49)
at yashwanthgunapatiqa.globalcomponents.Wrapper.tearDown(Wrapper.java:58)
at yashwanthgunapatiqa.globalcomponents.Wrapper.quitBrowser(Wrapper.java:49)
at yashwanthgunapatiqa.globalcomponents.Wrapper.tearDown(Wrapper.java:58)
at yashwanthgunapatiqa.globalcomponents.Wrapper.quitBrowser(Wrapper.java:49)
at yashwanthgunapatiqa.globalcomponents.Wrapper.tearDown(Wrapper.java:58)
at yashwanthgunapatiqa.globalcomponents.Wrapper.quitBrowser(Wrapper.java:49)
at yashwanthgunapatiqa.globalcomponents.Wrapper.tearDown(Wrapper.java:58)
at yashwanthgunapatiqa.globalcomponents.Wrapper.quitBrowser(Wrapper.java:49)
at yashwanthgunapatiqa.globalcomponents.Wrapper.tearDown(Wrapper.java:58)
at yashwanthgunapatiqa.globalcomponents.Wrapper.quitBrowser(Wrapper.java:49)
at yashwanthgunapatiqa.globalcomponents.Wrapper.tearDown(Wrapper.java:58)
at yashwanthgunapatiqa.globalcomponents.Wrapper.quitBrowser(Wrapper.java:49)
at yashwanthgunapatiqa.globalcomponents.Wrapper.tearDown(Wrapper.java:58)
at yashwanthgunapatiqa.globalcomponents.Wrapper.quitBrowser(Wrapper.java:49)
at yashwanthgunapatiqa.globalcomponents.Wrapper.tearDown(Wrapper.java:58)
at yashwanthgunapatiqa.globalcomponents.Wrapper.quitBrowser(Wrapper.java:49)
at yashwanthgunapatiqa.globalcomponents.Wrapper.tearDown(Wrapper.java:58)
at yashwanthgunapatiqa.globalcomponents.Wrapper.quitBrowser(Wrapper.java:49)
at yashwanthgunapatiqa.globalcomponents.Wrapper.tearDown(Wrapper.java:58)
at yashwanthgunapatiqa.globalcomponents.Wrapper.quitBrowser(Wrapper.java:49)
at yashwanthgunapatiqa.globalcomponents.Wrapper.tearDown(Wrapper.java:58)
at yashwanthgunapatiqa.globalcomponents.Wrapper.quitBrowser(Wrapper.java:49)
at yashwanthgunapatiqa.globalcomponents.Wrapper.tearDown(Wrapper.java:58)
at yashwanthgunapatiqa.globalcomponents.Wrapper.quitBrowser(Wrapper.java:49)
at yashwanthgunapatiqa.globalcomponents.Wrapper.tearDown(Wrapper.java:58)
at yashwanthgunapatiqa.globalcomponents.Wrapper.quitBrowser(Wrapper.java:49)
at yashwanthgunapatiqa.globalcomponents.Wrapper.tearDown(Wrapper.java:58)
at yashwanthgunapatiqa.globalcomponents.Wrapper.quitBrowser(Wrapper.java:49)
at yashwanthgunapatiqa.globalcomponents.Wrapper.tearDown(Wrapper.java:58)
at yashwanthgunapatiqa.globalcomponents.Wrapper.quitBrowser(Wrapper.java:49)
at yashwanthgunapatiqa.globalcomponents.Wrapper.tearDown(Wrapper.java:58)
at yashwanthgunapatiqa.globalcomponents.Wrapper.quitBrowser(Wrapper.java:49)
at yashwanthgunapatiqa.globalcomponents.Wrapper.tearDown(Wrapper.java:58)
at yashwanthgunapatiqa.globalcomponents.Wrapper.quitBrowser(Wrapper.java:49)
at yashwanthgunapatiqa.globalcomponents.Wrapper.tearDown(Wrapper.java:58)
at yashwanthgunapatiqa.globalcomponents.Wrapper.quitBrowser(Wrapper.java:49)
at yashwanthgunapatiqa.globalcomponents.Wrapper.tearDown(Wrapper.java:58)
at yashwanthgunapatiqa.globalcomponents.Wrapper.quitBrowser(Wrapper.java:49)
at yashwanthgunapatiqa.globalcomponents.Wrapper.tearDown(Wrapper.java:58)
at yashwanthgunapatiqa.globalcomponents.Wrapper.quitBrowser(Wrapper.java:49)
at yashwanthgunapatiqa.globalcomponents.Wrapper.tearDown(Wrapper.java:58)
at yashwanthgunapatiqa.globalcomponents.Wrapper.quitBrowser(Wrapper.java:49)
at yashwanthgunapatiqa.globalcomponents.Wrapper.tearDown(Wrapper.java:58)
at yashwanthgunapatiqa.globalcomponents.Wrapper.quitBrowser(Wrapper.java:49)
at yashwanthgunapatiqa.globalcomponents.Wrapper.tearDown(Wrapper.java:58)
at yashwanthgunapatiqa.globalcomponents.Wrapper.quitBrowser(Wrapper.java:49)
at yashwanthgunapatiqa.globalcomponents.Wrapper.tearDown(Wrapper.java:58)
at yashwanthgunapatiqa.globalcomponents.Wrapper.quitBrowser(Wrapper.java:49)
at yashwanthgunapatiqa.globalcomponents.Wrapper.tearDown(Wrapper.java:58)
at yashwanthgunapatiqa.globalcomponents.Wrapper.quitBrowser(Wrapper.java:49)
at yashwanthgunapatiqa.globalcomponents.Wrapper.tearDown(Wrapper.java:58)
at yashwanthgunapatiqa.globalcomponents.Wrapper.quitBrowser(Wrapper.java:49)
at yashwanthgunapatiqa.globalcomponents.Wrapper.tearDown(Wrapper.java:58)
at yashwanthgunapatiqa.globalcomponents.Wrapper.quitBrowser(Wrapper.java:49)
at yashwanthgunapatiqa.globalcomponents.Wrapper.tearDown(Wrapper.java:58)
at yashwanthgunapatiqa.globalcomponents.Wrapper.quitBrowser(Wrapper.java:49)
at yashwanthgunapatiqa.globalcomponents.Wrapper.tearDown(Wrapper.java:58)
at yashwanthgunapatiqa.globalcomponents.Wrapper.quitBrowser(Wrapper.java:49)
at yashwanthgunapatiqa.globalcomponents.Wrapper.tearDown(Wrapper.java:58)
at yashwanthgunapatiqa.globalcomponents.Wrapper.quitBrowser(Wrapper.java:49)
at yashwanthgunapatiqa.globalcomponents.Wrapper.tearDown(Wrapper.java:58)
at yashwanthgunapatiqa.globalcomponents.Wrapper.quitBrowser(Wrapper.java:49)
at yashwanthgunapatiqa.globalcomponents.Wrapper.tearDown(Wrapper.java:58)
at yashwanthgunapatiqa.globalcomponents.Wrapper.quitBrowser(Wrapper.java:49)
at yashwanthgunapatiqa.globalcomponents.Wrapper.tearDown(Wrapper.java:58)
at yashwanthgunapatiqa.globalcomponents.Wrapper.quitBrowser(Wrapper.java:49)
at yashwanthgunapatiqa.globalcomponents.Wrapper.tearDown(Wrapper.java:58)
at yashwanthgunapatiqa.globalcomponents.Wrapper.quitBrowser(Wrapper.java:49)
at yashwanthgunapatiqa.globalcomponents.Wrapper.tearDown(Wrapper.java:58)
at yashwanthgunapatiqa.globalcomponents.Wrapper.quitBrowser(Wrapper.java:49)
at yashwanthgunapatiqa.globalcomponents.Wrapper.tearDown(Wrapper.java:58)
at yashwanthgunapatiqa.globalcomponents.Wrapper.quitBrowser(Wrapper.java:49)
at yashwanthgunapatiqa.globalcomponents.Wrapper.tearDown(Wrapper.java:58)
at yashwanthgunapatiqa.globalcomponents.Wrapper.quitBrowser(Wrapper.java:49)
at yashwanthgunapatiqa.globalcomponents.Wrapper.tearDown(Wrapper.java:58)
at yashwanthgunapatiqa.globalcomponents.Wrapper.quitBrowser(Wrapper.java:49)
at yashwanthgunapatiqa.globalcomponents.Wrapper.tearDown(Wrapper.java:58)
at yashwanthgunapatiqa.globalcomponents.Wrapper.quitBrowser(Wrapper.java:49)
at yashwanthgunapatiqa.globalcomponents.Wrapper.tearDown(Wrapper.java:58)
at yashwanthgunapatiqa.globalcomponents.Wrapper.quitBrowser(Wrapper.java:49)
at yashwanthgunapatiqa.globalcomponents.Wrapper.tearDown(Wrapper.java:58)
at yashwanthgunapatiqa.globalcomponents.Wrapper.quitBrowser(Wrapper.java:49)
at yashwanthgunapatiqa.globalcomponents.Wrapper.tearDown(Wrapper.java:58)
at yashwanthgunapatiqa.globalcomponents.Wrapper.quitBrowser(Wrapper.java:49)
at yashwanthgunapatiqa.globalcomponents.Wrapper.tearDown(Wrapper.java:58)
at yashwanthgunapatiqa.globalcomponents.Wrapper.quitBrowser(Wrapper.java:49)
at yashwanthgunapatiqa.globalcomponents.Wrapper.tearDown(Wrapper.java:58)
at yashwanthgunapatiqa.globalcomponents.Wrapper.quitBrowser(Wrapper.java:49)
at yashwanthgunapatiqa.globalcomponents.Wrapper.tearDown(Wrapper.java:58)
at yashwanthgunapatiqa.globalcomponents.Wrapper.quitBrowser(Wrapper.java:49)
at yashwanthgunapatiqa.globalcomponents.Wrapper.tearDown(Wrapper.java:58)
at yashwanthgunapatiqa.globalcomponents.Wrapper.quitBrowser(Wrapper.java:49)
at yashwanthgunapatiqa.globalcomponents.Wrapper.tearDown(Wrapper.java:58)
at yashwanthgunapatiqa.globalcomponents.Wrapper.quitBrowser(Wrapper.java:49)
at yashwanthgunapatiqa.globalcomponents.Wrapper.tearDown(Wrapper.java:58)
at yashwanthgunapatiqa.globalcomponents.Wrapper.quitBrowser(Wrapper.java:49)
at yashwanthgunapatiqa.globalcomponents.Wrapper.tearDown(Wrapper.java:58)
at yashwanthgunapatiqa.globalcomponents.Wrapper.quitBrowser(Wrapper.java:49)
at yashwanthgunapatiqa.globalcomponents.Wrapper.tearDown(Wrapper.java:58)
at yashwanthgunapatiqa.globalcomponents.Wrapper.quitBrowser(Wrapper.java:49)
at yashwanthgunapatiqa.globalcomponents.Wrapper.tearDown(Wrapper.java:58)
at yashwanthgunapatiqa.globalcomponents.Wrapper.quitBrowser(Wrapper.java:49)
at yashwanthgunapatiqa.globalcomponents.Wrapper.tearDown(Wrapper.java:58)
at yashwanthgunapatiqa.globalcomponents.Wrapper.quitBrowser(Wrapper.java:49)
at yashwanthgunapatiqa.globalcomponents.Wrapper.tearDown(Wrapper.java:58)
at yashwanthgunapatiqa.globalcomponents.Wrapper.quitBrowser(Wrapper.java:49)
at yashwanthgunapatiqa.globalcomponents.Wrapper.tearDown(Wrapper.java:58)
at yashwanthgunapatiqa.globalcomponents.Wrapper.quitBrowser(Wrapper.java:49)
at yashwanthgunapatiqa.globalcomponents.Wrapper.tearDown(Wrapper.java:58)
at yashwanthgunapatiqa.globalcomponents.Wrapper.quitBrowser(Wrapper.java:49)
at yashwanthgunapatiqa.globalcomponents.Wrapper.tearDown(Wrapper.java:58)
at yashwanthgunapatiqa.globalcomponents.Wrapper.quitBrowser(Wrapper.java:49)
at yashwanthgunapatiqa.globalcomponents.Wrapper.tearDown(Wrapper.java:58)
at yashwanthgunapatiqa.globalcomponents.Wrapper.quitBrowser(Wrapper.java:49)
at yashwanthgunapatiqa.globalcomponents.Wrapper.tearDown(Wrapper.java:58)
at yashwanthgunapatiqa.globalcomponents.Wrapper.quitBrowser(Wrapper.java:49)
at yashwanthgunapatiqa.globalcomponents.Wrapper.tearDown(Wrapper.java:58)
at yashwanthgunapatiqa.globalcomponents.Wrapper.quitBrowser(Wrapper.java:49)
at yashwanthgunapatiqa.globalcomponents.Wrapper.tearDown(Wrapper.java:58)
at yashwanthgunapatiqa.globalcomponents.Wrapper.quitBrowser(Wrapper.java:49)
at yashwanthgunapatiqa.globalcomponents.Wrapper.tearDown(Wrapper.java:58)
at yashwanthgunapatiqa.globalcomponents.Wrapper.quitBrowser(Wrapper.java:49)
at yashwanthgunapatiqa.globalcomponents.Wrapper.tearDown(Wrapper.java:58)
at yashwanthgunapatiqa.globalcomponents.Wrapper.quitBrowser(Wrapper.java:49)
at yashwanthgunapatiqa.globalcomponents.Wrapper.tearDown(Wrapper.java:58)
at yashwanthgunapatiqa.globalcomponents.Wrapper.quitBrowser(Wrapper.java:49)
at yashwanthgunapatiqa.globalcomponents.Wrapper.tearDown(Wrapper.java:58)
at yashwanthgunapatiqa.globalcomponents.Wrapper.quitBrowser(Wrapper.java:49)
at yashwanthgunapatiqa.globalcomponents.Wrapper.tearDown(Wrapper.java:58)
at yashwanthgunapatiqa.globalcomponents.Wrapper.quitBrowser(Wrapper.java:49)
at yashwanthgunapatiqa.globalcomponents.Wrapper.tearDown(Wrapper.java:58)
at yashwanthgunapatiqa.globalcomponents.Wrapper.quitBrowser(Wrapper.java:49)
at yashwanthgunapatiqa.globalcomponents.Wrapper.tearDown(Wrapper.java:58)
at yashwanthgunapatiqa.globalcomponents.Wrapper.quitBrowser(Wrapper.java:49)
at yashwanthgunapatiqa.globalcomponents.Wrapper.tearDown(Wrapper.java:58)
at yashwanthgunapatiqa.globalcomponents.Wrapper.quitBrowser(Wrapper.java:49)
at yashwanthgunapatiqa.globalcomponents.Wrapper.tearDown(Wrapper.java:58)
at yashwanthgunapatiqa.globalcomponents.Wrapper.quitBrowser(Wrapper.java:49)
at yashwanthgunapatiqa.globalcomponents.Wrapper.tearDown(Wrapper.java:58)
at yashwanthgunapatiqa.globalcomponents.Wrapper.quitBrowser(Wrapper.java:49)
at yashwanthgunapatiqa.globalcomponents.Wrapper.tearDown(Wrapper.java:58)
at yashwanthgunapatiqa.globalcomponents.Wrapper.quitBrowser(Wrapper.java:49)
at yashwanthgunapatiqa.globalcomponents.Wrapper.tearDown(Wrapper.java:58)
at yashwanthgunapatiqa.globalcomponents.Wrapper.quitBrowser(Wrapper.java:49)
at yashwanthgunapatiqa.globalcomponents.Wrapper.tearDown(Wrapper.java:58)
at yashwanthgunapatiqa.globalcomponents.Wrapper.quitBrowser(Wrapper.java:49)
at yashwanthgunapatiqa.globalcomponents.Wrapper.tearDown(Wrapper.java:58)
at yashwanthgunapatiqa.globalcomponents.Wrapper.quitBrowser(Wrapper.java:49)
at yashwanthgunapatiqa.globalcomponents.Wrapper.tearDown(Wrapper.java:58)
at yashwanthgunapatiqa.globalcomponents.Wrapper.quitBrowser(Wrapper.java:49)
at yashwanthgunapatiqa.globalcomponents.Wrapper.tearDown(Wrapper.java:58)
at yashwanthgunapatiqa.globalcomponents.Wrapper.quitBrowser(Wrapper.java:49)
at yashwanthgunapatiqa.globalcomponents.Wrapper.tearDown(Wrapper.java:58)
at yashwanthgunapatiqa.globalcomponents.Wrapper.quitBrowser(Wrapper.java:49)
at yashwanthgunapatiqa.globalcomponents.Wrapper.tearDown(Wrapper.java:58)
at yashwanthgunapatiqa.globalcomponents.Wrapper.quitBrowser(Wrapper.java:49)
at yashwanthgunapatiqa.globalcomponents.Wrapper.tearDown(Wrapper.java:58)
at yashwanthgunapatiqa.globalcomponents.Wrapper.quitBrowser(Wrapper.java:49)
at yashwanthgunapatiqa.globalcomponents.Wrapper.tearDown(Wrapper.java:58)
at yashwanthgunapatiqa.globalcomponents.Wrapper.quitBrowser(Wrapper.java:49)
at yashwanthgunapatiqa.globalcomponents.Wrapper.tearDown(Wrapper.java:58)
at yashwanthgunapatiqa.globalcomponents.Wrapper.quitBrowser(Wrapper.java:49)
at yashwanthgunapatiqa.globalcomponents.Wrapper.tearDown(Wrapper.java:58)
at yashwanthgunapatiqa.globalcomponents.Wrapper.quitBrowser(Wrapper.java:49)
at yashwanthgunapatiqa.globalcomponents.Wrapper.tearDown(Wrapper.java:58)
at yashwanthgunapatiqa.globalcomponents.Wrapper.quitBrowser(Wrapper.java:49)
at yashwanthgunapatiqa.globalcomponents.Wrapper.tearDown(Wrapper.java:58)
at yashwanthgunapatiqa.globalcomponents.Wrapper.quitBrowser(Wrapper.java:49)
at yashwanthgunapatiqa.globalcomponents.Wrapper.tearDown(Wrapper.java:58)
at yashwanthgunapatiqa.globalcomponents.Wrapper.quitBrowser(Wrapper.java:49)
at yashwanthgunapatiqa.globalcomponents.Wrapper.tearDown(Wrapper.java:58)
at yashwanthgunapatiqa.globalcomponents.Wrapper.quitBrowser(Wrapper.java:49)
at yashwanthgunapatiqa.globalcomponents.Wrapper.tearDown(Wrapper.java:58)
at yashwanthgunapatiqa.globalcomponents.Wrapper.quitBrowser(Wrapper.java:49)
at yashwanthgunapatiqa.globalcomponents.Wrapper.tearDown(Wrapper.java:58)
at yashwanthgunapatiqa.globalcomponents.Wrapper.quitBrowser(Wrapper.java:49)
at yashwanthgunapatiqa.globalcomponents.Wrapper.tearDown(Wrapper.java:58)
at yashwanthgunapatiqa.globalcomponents.Wrapper.quitBrowser(Wrapper.java:49)
at yashwanthgunapatiqa.globalcomponents.Wrapper.tearDown(Wrapper.java:58)
at yashwanthgunapatiqa.globalcomponents.Wrapper.quitBrowser(Wrapper.java:49)
at yashwanthgunapatiqa.globalcomponents.Wrapper.tearDown(Wrapper.java:58)
at yashwanthgunapatiqa.globalcomponents.Wrapper.quitBrowser(Wrapper.java:49)
at yashwanthgunapatiqa.globalcomponents.Wrapper.tearDown(Wrapper.java:58)
at yashwanthgunapatiqa.globalcomponents.Wrapper.quitBrowser(Wrapper.java:49)
at yashwanthgunapatiqa.globalcomponents.Wrapper.tearDown(Wrapper.java:58)
at yashwanthgunapatiqa.globalcomponents.Wrapper.quitBrowser(Wrapper.java:49)
at yashwanthgunapatiqa.globalcomponents.Wrapper.tearDown(Wrapper.java:58)
at yashwanthgunapatiqa.globalcomponents.Wrapper.quitBrowser(Wrapper.java:49)
at yashwanthgunapatiqa.globalcomponents.Wrapper.tearDown(Wrapper.java:58)
at yashwanthgunapatiqa.globalcomponents.Wrapper.quitBrowser(Wrapper.java:49)
at yashwanthgunapatiqa.globalcomponents.Wrapper.tearDown(Wrapper.java:58)
at yashwanthgunapatiqa.globalcomponents.Wrapper.quitBrowser(Wrapper.java:49)
at yashwanthgunapatiqa.globalcomponents.Wrapper.tearDown(Wrapper.java:58)
at yashwanthgunapatiqa.globalcomponents.Wrapper.quitBrowser(Wrapper.java:49)
at yashwanthgunapatiqa.globalcomponents.Wrapper.tearDown(Wrapper.java:58)
at yashwanthgunapatiqa.globalcomponents.Wrapper.quitBrowser(Wrapper.java:49)
at yashwanthgunapatiqa.globalcomponents.Wrapper.tearDown(Wrapper.java:58)
at yashwanthgunapatiqa.globalcomponents.Wrapper.quitBrowser(Wrapper.java:49)
at yashwanthgunapatiqa.globalcomponents.Wrapper.tearDown(Wrapper.java:58)
at yashwanthgunapatiqa.globalcomponents.Wrapper.quitBrowser(Wrapper.java:49)
at yashwanthgunapatiqa.globalcomponents.Wrapper.tearDown(Wrapper.java:58)
at yashwanthgunapatiqa.globalcomponents.Wrapper.quitBrowser(Wrapper.java:49)
at yashwanthgunapatiqa.globalcomponents.Wrapper.tearDown(Wrapper.java:58)
at yashwanthgunapatiqa.globalcomponents.Wrapper.quitBrowser(Wrapper.java:49)
at yashwanthgunapatiqa.globalcomponents.Wrapper.tearDown(Wrapper.java:58)
at yashwanthgunapatiqa.globalcomponents.Wrapper.quitBrowser(Wrapper.java:49)
at yashwanthgunapatiqa.globalcomponents.Wrapper.tearDown(Wrapper.java:58)
at yashwanthgunapatiqa.globalcomponents.Wrapper.quitBrowser(Wrapper.java:49)
at yashwanthgunapatiqa.globalcomponents.Wrapper.tearDown(Wrapper.java:58)
at yashwanthgunapatiqa.globalcomponents.Wrapper.quitBrowser(Wrapper.java:49)
at yashwanthgunapatiqa.globalcomponents.Wrapper.tearDown(Wrapper.java:58)
at yashwanthgunapatiqa.globalcomponents.Wrapper.quitBrowser(Wrapper.java:49)
at yashwanthgunapatiqa.globalcomponents.Wrapper.tearDown(Wrapper.java:58)
at yashwanthgunapatiqa.globalcomponents.Wrapper.quitBrowser(Wrapper.java:49)
at yashwanthgunapatiqa.globalcomponents.Wrapper.tearDown(Wrapper.java:58)
at yashwanthgunapatiqa.globalcomponents.Wrapper.quitBrowser(Wrapper.java:49)
at yashwanthgunapatiqa.globalcomponents.Wrapper.tearDown(Wrapper.java:58)
at yashwanthgunapatiqa.globalcomponents.Wrapper.quitBrowser(Wrapper.java:49)
at yashwanthgunapatiqa.globalcomponents.Wrapper.tearDown(Wrapper.java:58)
at yashwanthgunapatiqa.globalcomponents.Wrapper.quitBrowser(Wrapper.java:49)
at yashwanthgunapatiqa.globalcomponents.Wrapper.tearDown(Wrapper.java:58)
at yashwanthgunapatiqa.globalcomponents.Wrapper.quitBrowser(Wrapper.java:49)
at yashwanthgunapatiqa.globalcomponents.Wrapper.tearDown(Wrapper.java:58)
at yashwanthgunapatiqa.globalcomponents.Wrapper.quitBrowser(Wrapper.java:49)
at yashwanthgunapatiqa.globalcomponents.Wrapper.tearDown(Wrapper.java:58)
at yashwanthgunapatiqa.globalcomponents.Wrapper.quitBrowser(Wrapper.java:49)
at yashwanthgunapatiqa.globalcomponents.Wrapper.tearDown(Wrapper.java:58)
at yashwanthgunapatiqa.globalcomponents.Wrapper.quitBrowser(Wrapper.java:49)
at yashwanthgunapatiqa.globalcomponents.Wrapper.tearDown(Wrapper.java:58)
at yashwanthgunapatiqa.globalcomponents.Wrapper.quitBrowser(Wrapper.java:49)
at yashwanthgunapatiqa.globalcomponents.Wrapper.tearDown(Wrapper.java:58)
at yashwanthgunapatiqa.globalcomponents.Wrapper.quitBrowser(Wrapper.java:49)
at yashwanthgunapatiqa.globalcomponents.Wrapper.tearDown(Wrapper.java:58)
at yashwanthgunapatiqa.globalcomponents.Wrapper.quitBrowser(Wrapper.java:49)
at yashwanthgunapatiqa.globalcomponents.Wrapper.tearDown(Wrapper.java:58)
at yashwanthgunapatiqa.globalcomponents.Wrapper.quitBrowser(Wrapper.java:49)
at yashwanthgunapatiqa.globalcomponents.Wrapper.tearDown(Wrapper.java:58)
at yashwanthgunapatiqa.globalcomponents.Wrapper.quitBrowser(Wrapper.java:49)
at yashwanthgunapatiqa.globalcomponents.Wrapper.tearDown(Wrapper.java:58)
at yashwanthgunapatiqa.globalcomponents.Wrapper.quitBrowser(Wrapper.java:49)
at yashwanthgunapatiqa.globalcomponents.Wrapper.tearDown(Wrapper.java:58)
at yashwanthgunapatiqa.globalcomponents.Wrapper.quitBrowser(Wrapper.java:49)
at yashwanthgunapatiqa.globalcomponents.Wrapper.tearDown(Wrapper.java:58)
at yashwanthgunapatiqa.globalcomponents.Wrapper.quitBrowser(Wrapper.java:49)
at yashwanthgunapatiqa.globalcomponents.Wrapper.tearDown(Wrapper.java:58)
at yashwanthgunapatiqa.globalcomponents.Wrapper.quitBrowser(Wrapper.java:49)
at yashwanthgunapatiqa.globalcomponents.Wrapper.tearDown(Wrapper.java:58)
at yashwanthgunapatiqa.globalcomponents.Wrapper.quitBrowser(Wrapper.java:49)
at yashwanthgunapatiqa.globalcomponents.Wrapper.tearDown(Wrapper.java:58)
at yashwanthgunapatiqa.globalcomponents.Wrapper.quitBrowser(Wrapper.java:49)
at yashwanthgunapatiqa.globalcomponents.Wrapper.tearDown(Wrapper.java:58)
at yashwanthgunapatiqa.globalcomponents.Wrapper.quitBrowser(Wrapper.java:49)
at yashwanthgunapatiqa.globalcomponents.Wrapper.tearDown(Wrapper.java:58)
at yashwanthgunapatiqa.globalcomponents.Wrapper.quitBrowser(Wrapper.java:49)
at yashwanthgunapatiqa.globalcomponents.Wrapper.tearDown(Wrapper.java:58)
at yashwanthgunapatiqa.globalcomponents.Wrapper.quitBrowser(Wrapper.java:49)
at yashwanthgunapatiqa.globalcomponents.Wrapper.tearDown(Wrapper.java:58)
at yashwanthgunapatiqa.globalcomponents.Wrapper.quitBrowser(Wrapper.java:49)
at yashwanthgunapatiqa.globalcomponents.Wrapper.tearDown(Wrapper.java:58)
at yashwanthgunapatiqa.globalcomponents.Wrapper.quitBrowser(Wrapper.java:49)
at yashwanthgunapatiqa.globalcomponents.Wrapper.tearDown(Wrapper.java:58)
at yashwanthgunapatiqa.globalcomponents.Wrapper.quitBrowser(Wrapper.java:49)
at yashwanthgunapatiqa.globalcomponents.Wrapper.tearDown(Wrapper.java:58)
at yashwanthgunapatiqa.globalcomponents.Wrapper.quitBrowser(Wrapper.java:49)
at yashwanthgunapatiqa.globalcomponents.Wrapper.tearDown(Wrapper.java:58)
at yashwanthgunapatiqa.globalcomponents.Wrapper.quitBrowser(Wrapper.java:49)
at yashwanthgunapatiqa.globalcomponents.Wrapper.tearDown(Wrapper.java:58)
at yashwanthgunapatiqa.globalcomponents.Wrapper.quitBrowser(Wrapper.java:49)
at yashwanthgunapatiqa.globalcomponents.Wrapper.tearDown(Wrapper.java:58)
at yashwanthgunapatiqa.globalcomponents.Wrapper.quitBrowser(Wrapper.java:49)
at yashwanthgunapatiqa.globalcomponents.Wrapper.tearDown(Wrapper.java:58)
at yashwanthgunapatiqa.globalcomponents.Wrapper.quitBrowser(Wrapper.java:49)
at yashwanthgunapatiqa.globalcomponents.Wrapper.tearDown(Wrapper.java:58)
at yashwanthgunapatiqa.globalcomponents.Wrapper.quitBrowser(Wrapper.java:49)
at yashwanthgunapatiqa.globalcomponents.Wrapper.tearDown(Wrapper.java:58)
at yashwanthgunapatiqa.globalcomponents.Wrapper.quitBrowser(Wrapper.java:49)
at yashwanthgunapatiqa.globalcomponents.Wrapper.tearDown(Wrapper.java:58)
at yashwanthgunapatiqa.globalcomponents.Wrapper.quitBrowser(Wrapper.java:49)
at yashwanthgunapatiqa.globalcomponents.Wrapper.tearDown(Wrapper.java:58)
at yashwanthgunapatiqa.globalcomponents.Wrapper.quitBrowser(Wrapper.java:49)
at yashwanthgunapatiqa.globalcomponents.Wrapper.tearDown(Wrapper.java:58)
at yashwanthgunapatiqa.globalcomponents.Wrapper.quitBrowser(Wrapper.java:49)
at yashwanthgunapatiqa.globalcomponents.Wrapper.tearDown(Wrapper.java:58)
at yashwanthgunapatiqa.globalcomponents.Wrapper.quitBrowser(Wrapper.java:49)
at yashwanthgunapatiqa.globalcomponents.Wrapper.tearDown(Wrapper.java:58)
at yashwanthgunapatiqa.globalcomponents.Wrapper.quitBrowser(Wrapper.java:49)
at yashwanthgunapatiqa.globalcomponents.Wrapper.tearDown(Wrapper.java:58)
at yashwanthgunapatiqa.globalcomponents.Wrapper.quitBrowser(Wrapper.java:49)
at yashwanthgunapatiqa.globalcomponents.Wrapper.tearDown(Wrapper.java:58)
at yashwanthgunapatiqa.globalcomponents.Wrapper.quitBrowser(Wrapper.java:49)
at yashwanthgunapatiqa.globalcomponents.Wrapper.tearDown(Wrapper.java:58)
at yashwanthgunapatiqa.globalcomponents.Wrapper.quitBrowser(Wrapper.java:49)
at yashwanthgunapatiqa.globalcomponents.Wrapper.tearDown(Wrapper.java:58)
at yashwanthgunapatiqa.globalcomponents.Wrapper.quitBrowser(Wrapper.java:49)
at yashwanthgunapatiqa.globalcomponents.Wrapper.tearDown(Wrapper.java:58)
at yashwanthgunapatiqa.globalcomponents.Wrapper.quitBrowser(Wrapper.java:49)
at yashwanthgunapatiqa.globalcomponents.Wrapper.tearDown(Wrapper.java:58)
at yashwanthgunapatiqa.globalcomponents.Wrapper.quitBrowser(Wrapper.java:49)
at yashwanthgunapatiqa.globalcomponents.Wrapper.tearDown(Wrapper.java:58)
at yashwanthgunapatiqa.globalcomponents.Wrapper.quitBrowser(Wrapper.java:49)
at yashwanthgunapatiqa.globalcomponents.Wrapper.tearDown(Wrapper.java:58)
at yashwanthgunapatiqa.globalcomponents.Wrapper.quitBrowser(Wrapper.java:49)
at yashwanthgunapatiqa.globalcomponents.Wrapper.tearDown(Wrapper.java:58)
at yashwanthgunapatiqa.globalcomponents.Wrapper.quitBrowser(Wrapper.java:49)
at yashwanthgunapatiqa.globalcomponents.Wrapper.tearDown(Wrapper.java:58)
at yashwanthgunapatiqa.globalcomponents.Wrapper.quitBrowser(Wrapper.java:49)
at yashwanthgunapatiqa.globalcomponents.Wrapper.tearDown(Wrapper.java:58)
at yashwanthgunapatiqa.globalcomponents.Wrapper.quitBrowser(Wrapper.java:49)
at yashwanthgunapatiqa.globalcomponents.Wrapper.tearDown(Wrapper.java:58)
at yashwanthgunapatiqa.globalcomponents.Wrapper.quitBrowser(Wrapper.java:49)
at yashwanthgunapatiqa.globalcomponents.Wrapper.tearDown(Wrapper.java:58)
at yashwanthgunapatiqa.globalcomponents.Wrapper.quitBrowser(Wrapper.java:49)
at yashwanthgunapatiqa.globalcomponents.Wrapper.tearDown(Wrapper.java:58)
at yashwanthgunapatiqa.globalcomponents.Wrapper.quitBrowser(Wrapper.java:49)
at yashwanthgunapatiqa.globalcomponents.Wrapper.tearDown(Wrapper.java:58)
at yashwanthgunapatiqa.globalcomponents.Wrapper.quitBrowser(Wrapper.java:49)
at yashwanthgunapatiqa.globalcomponents.Wrapper.tearDown(Wrapper.java:58)
at yashwanthgunapatiqa.globalcomponents.Wrapper.quitBrowser(Wrapper.java:49)
at yashwanthgunapatiqa.globalcomponents.Wrapper.tearDown(Wrapper.java:58)
at yashwanthgunapatiqa.globalcomponents.Wrapper.quitBrowser(Wrapper.java:49)
at yashwanthgunapatiqa.globalcomponents.Wrapper.tearDown(Wrapper.java:58)
at yashwanthgunapatiqa.globalcomponents.Wrapper.quitBrowser(Wrapper.java:49)
at yashwanthgunapatiqa.globalcomponents.Wrapper.tearDown(Wrapper.java:58)
at yashwanthgunapatiqa.globalcomponents.Wrapper.quitBrowser(Wrapper.java:49)
at yashwanthgunapatiqa.globalcomponents.Wrapper.tearDown(Wrapper.java:58)
at yashwanthgunapatiqa.globalcomponents.Wrapper.quitBrowser(Wrapper.java:49)
at yashwanthgunapatiqa.globalcomponents.Wrapper.tearDown(Wrapper.java:58)
at yashwanthgunapatiqa.globalcomponents.Wrapper.quitBrowser(Wrapper.java:49)
at yashwanthgunapatiqa.globalcomponents.Wrapper.tearDown(Wrapper.java:58)
at yashwanthgunapatiqa.globalcomponents.Wrapper.quitBrowser(Wrapper.java:49)
at yashwanthgunapatiqa.globalcomponents.Wrapper.tearDown(Wrapper.java:58)
at yashwanthgunapatiqa.globalcomponents.Wrapper.quitBrowser(Wrapper.java:49)
at yashwanthgunapatiqa.globalcomponents.Wrapper.tearDown(Wrapper.java:58)
at yashwanthgunapatiqa.globalcomponents.Wrapper.quitBrowser(Wrapper.java:49)
at yashwanthgunapatiqa.globalcomponents.Wrapper.tearDown(Wrapper.java:58)
at yashwanthgunapatiqa.globalcomponents.Wrapper.quitBrowser(Wrapper.java:49)
at yashwanthgunapatiqa.globalcomponents.Wrapper.tearDown(Wrapper.java:58)
at yashwanthgunapatiqa.globalcomponents.Wrapper.quitBrowser(Wrapper.java:49)
at yashwanthgunapatiqa.globalcomponents.Wrapper.tearDown(Wrapper.java:58)
at yashwanthgunapatiqa.globalcomponents.Wrapper.quitBrowser(Wrapper.java:49)
at yashwanthgunapatiqa.globalcomponents.Wrapper.tearDown(Wrapper.java:58)
at yashwanthgunapatiqa.globalcomponents.Wrapper.quitBrowser(Wrapper.java:49)
at yashwanthgunapatiqa.globalcomponents.Wrapper.tearDown(Wrapper.java:58)
at yashwanthgunapatiqa.globalcomponents.Wrapper.quitBrowser(Wrapper.java:49)
at yashwanthgunapatiqa.globalcomponents.Wrapper.tearDown(Wrapper.java:58)
at yashwanthgunapatiqa.globalcomponents.Wrapper.quitBrowser(Wrapper.java:49)
at yashwanthgunapatiqa.globalcomponents.Wrapper.tearDown(Wrapper.java:58)
at yashwanthgunapatiqa.globalcomponents.Wrapper.quitBrowser(Wrapper.java:49)
at yashwanthgunapatiqa.globalcomponents.Wrapper.tearDown(Wrapper.java:58)
at yashwanthgunapatiqa.globalcomponents.Wrapper.quitBrowser(Wrapper.java:49)
at yashwanthgunapatiqa.globalcomponents.Wrapper.tearDown(Wrapper.java:58)
at yashwanthgunapatiqa.globalcomponents.Wrapper.quitBrowser(Wrapper.java:49)
at yashwanthgunapatiqa.globalcomponents.Wrapper.tearDown(Wrapper.java:58)
at yashwanthgunapatiqa.globalcomponents.Wrapper.quitBrowser(Wrapper.java:49)
at yashwanthgunapatiqa.globalcomponents.Wrapper.tearDown(Wrapper.java:58)
at yashwanthgunapatiqa.globalcomponents.Wrapper.quitBrowser(Wrapper.java:49)
at yashwanthgunapatiqa.globalcomponents.Wrapper.tearDown(Wrapper.java:58)
at yashwanthgunapatiqa.globalcomponents.Wrapper.quitBrowser(Wrapper.java:49)
at yashwanthgunapatiqa.globalcomponents.Wrapper.tearDown(Wrapper.java:58)
at yashwanthgunapatiqa.globalcomponents.Wrapper.quitBrowser(Wrapper.java:49)
at yashwanthgunapatiqa.globalcomponents.Wrapper.tearDown(Wrapper.java:58)
at yashwanthgunapatiqa.globalcomponents.Wrapper.quitBrowser(Wrapper.java:49)
at yashwanthgunapatiqa.globalcomponents.Wrapper.tearDown(Wrapper.java:58)
at yashwanthgunapatiqa.globalcomponents.Wrapper.quitBrowser(Wrapper.java:49)
at yashwanthgunapatiqa.globalcomponents.Wrapper.tearDown(Wrapper.java:58)
at yashwanthgunapatiqa.globalcomponents.Wrapper.quitBrowser(Wrapper.java:49)
at yashwanthgunapatiqa.globalcomponents.Wrapper.tearDown(Wrapper.java:58)
at yashwanthgunapatiqa.globalcomponents.Wrapper.quitBrowser(Wrapper.java:49)
at yashwanthgunapatiqa.globalcomponents.Wrapper.tearDown(Wrapper.java:58)
at yashwanthgunapatiqa.globalcomponents.Wrapper.quitBrowser(Wrapper.java:49)
at yashwanthgunapatiqa.globalcomponents.Wrapper.tearDown(Wrapper.java:58)
at yashwanthgunapatiqa.globalcomponents.Wrapper.quitBrowser(Wrapper.java:49)
at yashwanthgunapatiqa.globalcomponents.Wrapper.tearDown(Wrapper.java:58)
at yashwanthgunapatiqa.globalcomponents.Wrapper.quitBrowser(Wrapper.java:49)
at yashwanthgunapatiqa.globalcomponents.Wrapper.tearDown(Wrapper.java:58)
at yashwanthgunapatiqa.globalcomponents.Wrapper.quitBrowser(Wrapper.java:49)
at yashwanthgunapatiqa.globalcomponents.Wrapper.tearDown(Wrapper.java:58)
at yashwanthgunapatiqa.globalcomponents.Wrapper.quitBrowser(Wrapper.java:49)
at yashwanthgunapatiqa.globalcomponents.Wrapper.tearDown(Wrapper.java:58)
at yashwanthgunapatiqa.globalcomponents.Wrapper.quitBrowser(Wrapper.java:49)
at yashwanthgunapatiqa.globalcomponents.Wrapper.tearDown(Wrapper.java:58)
at yashwanthgunapatiqa.globalcomponents.Wrapper.quitBrowser(Wrapper.java:49)
at yashwanthgunapatiqa.globalcomponents.Wrapper.tearDown(Wrapper.java:58)
at yashwanthgunapatiqa.globalcomponents.Wrapper.quitBrowser(Wrapper.java:49)
at yashwanthgunapatiqa.globalcomponents.Wrapper.tearDown(Wrapper.java:58)
at yashwanthgunapatiqa.globalcomponents.Wrapper.quitBrowser(Wrapper.java:49)
at yashwanthgunapatiqa.globalcomponents.Wrapper.tearDown(Wrapper.java:58)
at yashwanthgunapatiqa.globalcomponents.Wrapper.quitBrowser(Wrapper.java:49)
at yashwanthgunapatiqa.globalcomponents.Wrapper.tearDown(Wrapper.java:58)
at yashwanthgunapatiqa.globalcomponents.Wrapper.quitBrowser(Wrapper.java:49)
at yashwanthgunapatiqa.globalcomponents.Wrapper.tearDown(Wrapper.java:58)
at yashwanthgunapatiqa.globalcomponents.Wrapper.quitBrowser(Wrapper.java:49)
at yashwanthgunapatiqa.globalcomponents.Wrapper.tearDown(Wrapper.java:58)
at yashwanthgunapatiqa.globalcomponents.Wrapper.quitBrowser(Wrapper.java:49)
at yashwanthgunapatiqa.globalcomponents.Wrapper.tearDown(Wrapper.java:58)
at yashwanthgunapatiqa.globalcomponents.Wrapper.quitBrowser(Wrapper.java:49)
at yashwanthgunapatiqa.globalcomponents.Wrapper.tearDown(Wrapper.java:58)
at yashwanthgunapatiqa.globalcomponents.Wrapper.quitBrowser(Wrapper.java:49)
at yashwanthgunapatiqa.globalcomponents.Wrapper.tearDown(Wrapper.java:58)
at yashwanthgunapatiqa.globalcomponents.Wrapper.quitBrowser(Wrapper.java:49)
at yashwanthgunapatiqa.globalcomponents.Wrapper.tearDown(Wrapper.java:58)
at yashwanthgunapatiqa.globalcomponents.Wrapper.quitBrowser(Wrapper.java:49)
at yashwanthgunapatiqa.globalcomponents.Wrapper.tearDown(Wrapper.java:58)
at yashwanthgunapatiqa.globalcomponents.Wrapper.quitBrowser(Wrapper.java:49)
at yashwanthgunapatiqa.globalcomponents.Wrapper.tearDown(Wrapper.java:58)
at yashwanthgunapatiqa.globalcomponents.Wrapper.quitBrowser(Wrapper.java:49)
at yashwanthgunapatiqa.globalcomponents.Wrapper.tearDown(Wrapper.java:58)
at yashwanthgunapatiqa.globalcomponents.Wrapper.quitBrowser(Wrapper.java:49)
at yashwanthgunapatiqa.globalcomponents.Wrapper.tearDown(Wrapper.java:58)
at yashwanthgunapatiqa.globalcomponents.Wrapper.quitBrowser(Wrapper.java:49)
at yashwanthgunapatiqa.globalcomponents.Wrapper.tearDown(Wrapper.java:58)
at yashwanthgunapatiqa.globalcomponents.Wrapper.quitBrowser(Wrapper.java:49)
at yashwanthgunapatiqa.globalcomponents.Wrapper.tearDown(Wrapper.java:58)
at yashwanthgunapatiqa.globalcomponents.Wrapper.quitBrowser(Wrapper.java:49)
at yashwanthgunapatiqa.globalcomponents.Wrapper.tearDown(Wrapper.java:58)
at yashwanthgunapatiqa.globalcomponents.Wrapper.quitBrowser(Wrapper.java:49)
at yashwanthgunapatiqa.globalcomponents.Wrapper.tearDown(Wrapper.java:58)
at yashwanthgunapatiqa.globalcomponents.Wrapper.quitBrowser(Wrapper.java:49)
at yashwanthgunapatiqa.globalcomponents.Wrapper.tearDown(Wrapper.java:58)
at yashwanthgunapatiqa.globalcomponents.Wrapper.quitBrowser(Wrapper.java:49)
at yashwanthgunapatiqa.globalcomponents.Wrapper.tearDown(Wrapper.java:58)
at yashwanthgunapatiqa.globalcomponents.Wrapper.quitBrowser(Wrapper.java:49)
at yashwanthgunapatiqa.globalcomponents.Wrapper.tearDown(Wrapper.java:58)
at yashwanthgunapatiqa.globalcomponents.Wrapper.quitBrowser(Wrapper.java:49)
at yashwanthgunapatiqa.globalcomponents.Wrapper.tearDown(Wrapper.java:58)
at yashwanthgunapatiqa.globalcomponents.Wrapper.quitBrowser(Wrapper.java:49)
at yashwanthgunapatiqa.globalcomponents.Wrapper.tearDown(Wrapper.java:58)
at yashwanthgunapatiqa.globalcomponents.Wrapper.quitBrowser(Wrapper.java:49)
at yashwanthgunapatiqa.globalcomponents.Wrapper.tearDown(Wrapper.java:58)
at yashwanthgunapatiqa.globalcomponents.Wrapper.quitBrowser(Wrapper.java:49)
at yashwanthgunapatiqa.globalcomponents.Wrapper.tearDown(Wrapper.java:58)
at yashwanthgunapatiqa.globalcomponents.Wrapper.quitBrowser(Wrapper.java:49)
at yashwanthgunapatiqa.globalcomponents.Wrapper.tearDown(Wrapper.java:58)
at yashwanthgunapatiqa.globalcomponents.Wrapper.quitBrowser(Wrapper.java:49)
at yashwanthgunapatiqa.globalcomponents.Wrapper.tearDown(Wrapper.java:58)
at yashwanthgunapatiqa.globalcomponents.Wrapper.quitBrowser(Wrapper.java:49)
at yashwanthgunapatiqa.globalcomponents.Wrapper.tearDown(Wrapper.java:58)
at yashwanthgunapatiqa.globalcomponents.Wrapper.quitBrowser(Wrapper.java:49)
at yashwanthgunapatiqa.globalcomponents.Wrapper.tearDown(Wrapper.java:58)
at yashwanthgunapatiqa.globalcomponents.Wrapper.quitBrowser(Wrapper.java:49)
at yashwanthgunapatiqa.globalcomponents.Wrapper.tearDown(Wrapper.java:58)
at yashwanthgunapatiqa.globalcomponents.Wrapper.quitBrowser(Wrapper.java:49)
at yashwanthgunapatiqa.globalcomponents.Wrapper.tearDown(Wrapper.java:58)
at yashwanthgunapatiqa.globalcomponents.Wrapper.quitBrowser(Wrapper.java:49)
at yashwanthgunapatiqa.globalcomponents.Wrapper.tearDown(Wrapper.java:58)
at yashwanthgunapatiqa.globalcomponents.Wrapper.quitBrowser(Wrapper.java:49)
at yashwanthgunapatiqa.globalcomponents.Wrapper.tearDown(Wrapper.java:58)
at yashwanthgunapatiqa.globalcomponents.Wrapper.quitBrowser(Wrapper.java:49)
at yashwanthgunapatiqa.globalcomponents.Wrapper.tearDown(Wrapper.java:58)
at yashwanthgunapatiqa.globalcomponents.Wrapper.quitBrowser(Wrapper.java:49)
at yashwanthgunapatiqa.globalcomponents.Wrapper.tearDown(Wrapper.java:58)
at yashwanthgunapatiqa.globalcomponents.Wrapper.quitBrowser(Wrapper.java:49)
at yashwanthgunapatiqa.globalcomponents.Wrapper.tearDown(Wrapper.java:58)
at yashwanthgunapatiqa.globalcomponents.Wrapper.quitBrowser(Wrapper.java:49)
at yashwanthgunapatiqa.globalcomponents.Wrapper.tearDown(Wrapper.java:58)
at yashwanthgunapatiqa.globalcomponents.Wrapper.quitBrowser(Wrapper.java:49)
at yashwanthgunapatiqa.globalcomponents.Wrapper.tearDown(Wrapper.java:58)
at yashwanthgunapatiqa.globalcomponents.Wrapper.quitBrowser(Wrapper.java:49)
at yashwanthgunapatiqa.globalcomponents.Wrapper.tearDown(Wrapper.java:58)
at yashwanthgunapatiqa.globalcomponents.Wrapper.quitBrowser(Wrapper.java:49)
at yashwanthgunapatiqa.globalcomponents.Wrapper.tearDown(Wrapper.java:58)
at yashwanthgunapatiqa.globalcomponents.Wrapper.quitBrowser(Wrapper.java:49)
at yashwanthgunapatiqa.globalcomponents.Wrapper.tearDown(Wrapper.java:58)
at yashwanthgunapatiqa.globalcomponents.Wrapper.quitBrowser(Wrapper.java:49)
at yashwanthgunapatiqa.globalcomponents.Wrapper.tearDown(Wrapper.java:58)
at yashwanthgunapatiqa.globalcomponents.Wrapper.quitBrowser(Wrapper.java:49)
at yashwanthgunapatiqa.globalcomponents.Wrapper.tearDown(Wrapper.java:58)
at yashwanthgunapatiqa.globalcomponents.Wrapper.quitBrowser(Wrapper.java:49)
at yashwanthgunapatiqa.globalcomponents.Wrapper.tearDown(Wrapper.java:58)
at yashwanthgunapatiqa.globalcomponents.Wrapper.quitBrowser(Wrapper.java:49)
at yashwanthgunapatiqa.globalcomponents.Wrapper.tearDown(Wrapper.java:58)
at yashwanthgunapatiqa.globalcomponents.Wrapper.quitBrowser(Wrapper.java:49)
at yashwanthgunapatiqa.globalcomponents.Wrapper.tearDown(Wrapper.java:58)
at yashwanthgunapatiqa.globalcomponents.Wrapper.quitBrowser(Wrapper.java:49)
at yashwanthgunapatiqa.globalcomponents.Wrapper.tearDown(Wrapper.java:58)
at yashwanthgunapatiqa.globalcomponents.Wrapper.quitBrowser(Wrapper.java:49)
at yashwanthgunapatiqa.globalcomponents.Wrapper.tearDown(Wrapper.java:58)
at yashwanthgunapatiqa.globalcomponents.Wrapper.quitBrowser(Wrapper.java:49)
at yashwanthgunapatiqa.globalcomponents.Wrapper.tearDown(Wrapper.java:58)
at yashwanthgunapatiqa.globalcomponents.Wrapper.quitBrowser(Wrapper.java:49)
at yashwanthgunapatiqa.globalcomponents.Wrapper.tearDown(Wrapper.java:58)
at yashwanthgunapatiqa.globalcomponents.Wrapper.quitBrowser(Wrapper.java:49)
at yashwanthgunapatiqa.globalcomponents.Wrapper.tearDown(Wrapper.java:58)
at yashwanthgunapatiqa.globalcomponents.Wrapper.quitBrowser(Wrapper.java:49)
at yashwanthgunapatiqa.globalcomponents.Wrapper.tearDown(Wrapper.java:58)
at yashwanthgunapatiqa.globalcomponents.Wrapper.quitBrowser(Wrapper.java:49)
at yashwanthgunapatiqa.globalcomponents.Wrapper.tearDown(Wrapper.java:58)
at yashwanthgunapatiqa.globalcomponents.Wrapper.quitBrowser(Wrapper.java:49)
at yashwanthgunapatiqa.globalcomponents.Wrapper.tearDown(Wrapper.java:58)
at yashwanthgunapatiqa.globalcomponents.Wrapper.quitBrowser(Wrapper.java:49)
at yashwanthgunapatiqa.globalcomponents.Wrapper.tearDown(Wrapper.java:58)
at yashwanthgunapatiqa.globalcomponents.Wrapper.quitBrowser(Wrapper.java:49)
at yashwanthgunapatiqa.globalcomponents.Wrapper.tearDown(Wrapper.java:58)
at yashwanthgunapatiqa.globalcomponents.Wrapper.quitBrowser(Wrapper.java:49)
at yashwanthgunapatiqa.globalcomponents.Wrapper.tearDown(Wrapper.java:58)
at yashwanthgunapatiqa.globalcomponents.Wrapper.quitBrowser(Wrapper.java:49)
at yashwanthgunapatiqa.globalcomponents.Wrapper.tearDown(Wrapper.java:58)
at yashwanthgunapatiqa.globalcomponents.Wrapper.quitBrowser(Wrapper.java:49)
at yashwanthgunapatiqa.globalcomponents.Wrapper.tearDown(Wrapper.java:58)
at yashwanthgunapatiqa.globalcomponents.Wrapper.quitBrowser(Wrapper.java:49)
at yashwanthgunapatiqa.globalcomponents.Wrapper.tearDown(Wrapper.java:58)
at yashwanthgunapatiqa.globalcomponents.Wrapper.quitBrowser(Wrapper.java:49)
at yashwanthgunapatiqa.globalcomponents.Wrapper.tearDown(Wrapper.java:58)
at yashwanthgunapatiqa.globalcomponents.Wrapper.quitBrowser(Wrapper.java:49)
at yashwanthgunapatiqa.globalcomponents.Wrapper.tearDown(Wrapper.java:58)
at yashwanthgunapatiqa.globalcomponents.Wrapper.quitBrowser(Wrapper.java:49)
at yashwanthgunapatiqa.globalcomponents.Wrapper.tearDown(Wrapper.java:58)
at yashwanthgunapatiqa.globalcomponents.Wrapper.quitBrowser(Wrapper.java:49)
at yashwanthgunapatiqa.globalcomponents.Wrapper.tearDown(Wrapper.java:58)
at yashwanthgunapatiqa.globalcomponents.Wrapper.quitBrowser(Wrapper.java:49)
at yashwanthgunapatiqa.globalcomponents.Wrapper.tearDown(Wrapper.java:58)
at yashwanthgunapatiqa.globalcomponents.Wrapper.quitBrowser(Wrapper.java:49)
at yashwanthgunapatiqa.globalcomponents.Wrapper.tearDown(Wrapper.java:58)
at yashwanthgunapatiqa.globalcomponents.Wrapper.quitBrowser(Wrapper.java:49)
at yashwanthgunapatiqa.globalcomponents.Wrapper.tearDown(Wrapper.java:58)
at yashwanthgunapatiqa.globalcomponents.Wrapper.quitBrowser(Wrapper.java:49)
at yashwanthgunapatiqa.globalcomponents.Wrapper.tearDown(Wrapper.java:58)
at yashwanthgunapatiqa.globalcomponents.Wrapper.quitBrowser(Wrapper.java:49)
at yashwanthgunapatiqa.globalcomponents.Wrapper.tearDown(Wrapper.java:58)
at yashwanthgunapatiqa.globalcomponents.Wrapper.quitBrowser(Wrapper.java:49)
at yashwanthgunapatiqa.globalcomponents.Wrapper.tearDown(Wrapper.java:58)
at yashwanthgunapatiqa.globalcomponents.Wrapper.quitBrowser(Wrapper.java:49)
at yashwanthgunapatiqa.globalcomponents.Wrapper.tearDown(Wrapper.java:58)
at yashwanthgunapatiqa.globalcomponents.Wrapper.quitBrowser(Wrapper.java:49)
at yashwanthgunapatiqa.globalcomponents.Wrapper.tearDown(Wrapper.java:58)
at yashwanthgunapatiqa.globalcomponents.Wrapper.quitBrowser(Wrapper.java:49)
at yashwanthgunapatiqa.globalcomponents.Wrapper.tearDown(Wrapper.java:58)
at yashwanthgunapatiqa.globalcomponents.Wrapper.quitBrowser(Wrapper.java:49)
at yashwanthgunapatiqa.globalcomponents.Wrapper.tearDown(Wrapper.java:58)
at yashwanthgunapatiqa.globalcomponents.Wrapper.quitBrowser(Wrapper.java:49)
at yashwanthgunapatiqa.globalcomponents.Wrapper.tearDown(Wrapper.java:58)
at yashwanthgunapatiqa.globalcomponents.Wrapper.quitBrowser(Wrapper.java:49)
at yashwanthgunapatiqa.globalcomponents.Wrapper.tearDown(Wrapper.java:58)
at yashwanthgunapatiqa.globalcomponents.Wrapper.quitBrowser(Wrapper.java:49)
at yashwanthgunapatiqa.globalcomponents.Wrapper.tearDown(Wrapper.java:58)
at yashwanthgunapatiqa.globalcomponents.Wrapper.quitBrowser(Wrapper.java:49)
at yashwanthgunapatiqa.globalcomponents.Wrapper.tearDown(Wrapper.java:58)
at yashwanthgunapatiqa.globalcomponents.Wrapper.quitBrowser(Wrapper.java:49)
at yashwanthgunapatiqa.globalcomponents.Wrapper.tearDown(Wrapper.java:58)
at yashwanthgunapatiqa.globalcomponents.Wrapper.quitBrowser(Wrapper.java:49)
at yashwanthgunapatiqa.globalcomponents.Wrapper.tearDown(Wrapper.java:58)
at yashwanthgunapatiqa.globalcomponents.Wrapper.quitBrowser(Wrapper.java:49)
at yashwanthgunapatiqa.globalcomponents.Wrapper.tearDown(Wrapper.java:58)
at yashwanthgunapatiqa.globalcomponents.Wrapper.quitBrowser(Wrapper.java:49)
at yashwanthgunapatiqa.globalcomponents.Wrapper.tearDown(Wrapper.java:58)
at yashwanthgunapatiqa.globalcomponents.Wrapper.quitBrowser(Wrapper.java:49)
at yashwanthgunapatiqa.globalcomponents.Wrapper.tearDown(Wrapper.java:58)
at yashwanthgunapatiqa.globalcomponents.Wrapper.quitBrowser(Wrapper.java:49)
at yashwanthgunapatiqa.globalcomponents.Wrapper.tearDown(Wrapper.java:58)
at yashwanthgunapatiqa.globalcomponents.Wrapper.quitBrowser(Wrapper.java:49)
at yashwanthgunapatiqa.globalcomponents.Wrapper.tearDown(Wrapper.java:58)
at yashwanthgunapatiqa.globalcomponents.Wrapper.quitBrowser(Wrapper.java:49)
at yashwanthgunapatiqa.globalcomponents.Wrapper.tearDown(Wrapper.java:58)
at yashwanthgunapatiqa.globalcomponents.Wrapper.quitBrowser(Wrapper.java:49)
at yashwanthgunapatiqa.globalcomponents.Wrapper.tearDown(Wrapper.java:58)
at yashwanthgunapatiqa.globalcomponents.Wrapper.quitBrowser(Wrapper.java:49)
at yashwanthgunapatiqa.globalcomponents.Wrapper.tearDown(Wrapper.java:58)
at yashwanthgunapatiqa.globalcomponents.Wrapper.quitBrowser(Wrapper.java:49)
at yashwanthgunapatiqa.globalcomponents.Wrapper.tearDown(Wrapper.java:58)
at yashwanthgunapatiqa.globalcomponents.Wrapper.quitBrowser(Wrapper.java:49)
at yashwanthgunapatiqa.globalcomponents.Wrapper.tearDown(Wrapper.java:58)
at yashwanthgunapatiqa.globalcomponents.Wrapper.quitBrowser(Wrapper.java:49)
at yashwanthgunapatiqa.globalcomponents.Wrapper.tearDown(Wrapper.java:58)
at yashwanthgunapatiqa.globalcomponents.Wrapper.quitBrowser(Wrapper.java:49)
at yashwanthgunapatiqa.globalcomponents.Wrapper.tearDown(Wrapper.java:58)
at yashwanthgunapatiqa.globalcomponents.Wrapper.quitBrowser(Wrapper.java:49)
at yashwanthgunapatiqa.globalcomponents.Wrapper.tearDown(Wrapper.java:58)
at yashwanthgunapatiqa.globalcomponents.Wrapper.quitBrowser(Wrapper.java:49)
at yashwanthgunapatiqa.globalcomponents.Wrapper.tearDown(Wrapper.java:58)
at yashwanthgunapatiqa.globalcomponents.Wrapper.quitBrowser(Wrapper.java:49)
at yashwanthgunapatiqa.globalcomponents.Wrapper.tearDown(Wrapper.java:58)
at yashwanthgunapatiqa.globalcomponents.Wrapper.quitBrowser(Wrapper.java:49)
at yashwanthgunapatiqa.globalcomponents.Wrapper.tearDown(Wrapper.java:58)
at yashwanthgunapatiqa.globalcomponents.Wrapper.quitBrowser(Wrapper.java:49)
at yashwanthgunapatiqa.globalcomponents.Wrapper.tearDown(Wrapper.java:58)
at yashwanthgunapatiqa.globalcomponents.Wrapper.quitBrowser(Wrapper.java:49)
at yashwanthgunapatiqa.globalcomponents.Wrapper.tearDown(Wrapper.java:58)
at yashwanthgunapatiqa.globalcomponents.Wrapper.quitBrowser(Wrapper.java:49)
at yashwanthgunapatiqa.globalcomponents.Wrapper.tearDown(Wrapper.java:58)
at yashwanthgunapatiqa.globalcomponents.Wrapper.quitBrowser(Wrapper.java:49)
at yashwanthgunapatiqa.globalcomponents.Wrapper.tearDown(Wrapper.java:58)
at yashwanthgunapatiqa.globalcomponents.Wrapper.quitBrowser(Wrapper.java:49)
at yashwanthgunapatiqa.globalcomponents.Wrapper.tearDown(Wrapper.java:58)
at yashwanthgunapatiqa.globalcomponents.Wrapper.quitBrowser(Wrapper.java:49)
at yashwanthgunapatiqa.globalcomponents.Wrapper.tearDown(Wrapper.java:58)
at yashwanthgunapatiqa.globalcomponents.Wrapper.quitBrowser(Wrapper.java:49)
at yashwanthgunapatiqa.globalcomponents.Wrapper.tearDown(Wrapper.java:58)
at yashwanthgunapatiqa.globalcomponents.Wrapper.quitBrowser(Wrapper.java:49)
at yashwanthgunapatiqa.globalcomponents.Wrapper.tearDown(Wrapper.java:58)
at yashwanthgunapatiqa.globalcomponents.Wrapper.quitBrowser(Wrapper.java:49)
at yashwanthgunapatiqa.globalcomponents.Wrapper.tearDown(Wrapper.java:58)
at yashwanthgunapatiqa.globalcomponents.Wrapper.quitBrowser(Wrapper.java:49)
at yashwanthgunapatiqa.globalcomponents.Wrapper.tearDown(Wrapper.java:58)
at yashwanthgunapatiqa.globalcomponents.Wrapper.quitBrowser(Wrapper.java:49)
at yashwanthgunapatiqa.globalcomponents.Wrapper.tearDown(Wrapper.java:58)
at yashwanthgunapatiqa.globalcomponents.Wrapper.quitBrowser(Wrapper.java:49)
at yashwanthgunapatiqa.globalcomponents.Wrapper.tearDown(Wrapper.java:58)
at yashwanthgunapatiqa.globalcomponents.Wrapper.quitBrowser(Wrapper.java:49)
at yashwanthgunapatiqa.globalcomponents.Wrapper.tearDown(Wrapper.java:58)
at yashwanthgunapatiqa.globalcomponents.Wrapper.quitBrowser(Wrapper.java:49)
at yashwanthgunapatiqa.globalcomponents.Wrapper.tearDown(Wrapper.java:58)
at yashwanthgunapatiqa.globalcomponents.Wrapper.quitBrowser(Wrapper.java:49)
at yashwanthgunapatiqa.globalcomponents.Wrapper.tearDown(Wrapper.java:58)
at yashwanthgunapatiqa.globalcomponents.Wrapper.quitBrowser(Wrapper.java:49)
at yashwanthgunapatiqa.globalcomponents.Wrapper.tearDown(Wrapper.java:58)
at yashwanthgunapatiqa.globalcomponents.Wrapper.quitBrowser(Wrapper.java:49)
at yashwanthgunapatiqa.globalcomponents.Wrapper.tearDown(Wrapper.java:58)
at yashwanthgunapatiqa.globalcomponents.Wrapper.quitBrowser(Wrapper.java:49)
at yashwanthgunapatiqa.globalcomponents.Wrapper.tearDown(Wrapper.java:58)
at yashwanthgunapatiqa.globalcomponents.Wrapper.quitBrowser(Wrapper.java:49)
at yashwanthgunapatiqa.globalcomponents.Wrapper.tearDown(Wrapper.java:58)
at yashwanthgunapatiqa.globalcomponents.Wrapper.quitBrowser(Wrapper.java:49)
at yashwanthgunapatiqa.globalcomponents.Wrapper.tearDown(Wrapper.java:58)
at yashwanthgunapatiqa.globalcomponents.Wrapper.quitBrowser(Wrapper.java:49)
at yashwanthgunapatiqa.globalcomponents.Wrapper.tearDown(Wrapper.java:58)
at yashwanthgunapatiqa.globalcomponents.Wrapper.quitBrowser(Wrapper.java:49)
at yashwanthgunapatiqa.globalcomponents.Wrapper.tearDown(Wrapper.java:58)
at yashwanthgunapatiqa.globalcomponents.Wrapper.quitBrowser(Wrapper.java:49)
at yashwanthgunapatiqa.globalcomponents.Wrapper.tearDown(Wrapper.java:58)
at yashwanthgunapatiqa.globalcomponents.Wrapper.quitBrowser(Wrapper.java:49)
at yashwanthgunapatiqa.globalcomponents.Wrapper.tearDown(Wrapper.java:58)
at yashwanthgunapatiqa.globalcomponents.Wrapper.quitBrowser(Wrapper.java:49)
at yashwanthgunapatiqa.globalcomponents.Wrapper.tearDown(Wrapper.java:58)
at yashwanthgunapatiqa.globalcomponents.Wrapper.quitBrowser(Wrapper.java:49)
at yashwanthgunapatiqa.globalcomponents.Wrapper.tearDown(Wrapper.java:58)
at yashwanthgunapatiqa.globalcomponents.Wrapper.quitBrowser(Wrapper.java:49)
at yashwanthgunapatiqa.globalcomponents.Wrapper.tearDown(Wrapper.java:58)
at yashwanthgunapatiqa.globalcomponents.Wrapper.quitBrowser(Wrapper.java:49)
at yashwanthgunapatiqa.globalcomponents.Wrapper.tearDown(Wrapper.java:58)
at yashwanthgunapatiqa.globalcomponents.Wrapper.quitBrowser(Wrapper.java:49)
at yashwanthgunapatiqa.globalcomponents.Wrapper.tearDown(Wrapper.java:58)
at yashwanthgunapatiqa.globalcomponents.Wrapper.quitBrowser(Wrapper.java:49)
at yashwanthgunapatiqa.globalcomponents.Wrapper.tearDown(Wrapper.java:58)
at yashwanthgunapatiqa.globalcomponents.Wrapper.quitBrowser(Wrapper.java:49)
at yashwanthgunapatiqa.globalcomponents.Wrapper.tearDown(Wrapper.java:58)
at yashwanthgunapatiqa.globalcomponents.Wrapper.quitBrowser(Wrapper.java:49)
at yashwanthgunapatiqa.globalcomponents.Wrapper.tearDown(Wrapper.java:58)
at yashwanthgunapatiqa.globalcomponents.Wrapper.quitBrowser(Wrapper.java:49)
at yashwanthgunapatiqa.globalcomponents.Wrapper.tearDown(Wrapper.java:58)
at yashwanthgunapatiqa.globalcomponents.Wrapper.quitBrowser(Wrapper.java:49)
at yashwanthgunapatiqa.globalcomponents.Wrapper.tearDown(Wrapper.java:58)
at yashwanthgunapatiqa.globalcomponents.Wrapper.quitBrowser(Wrapper.java:49)
at yashwanthgunapatiqa.globalcomponents.Wrapper.tearDown(Wrapper.java:58)
at yashwanthgunapatiqa.globalcomponents.Wrapper.quitBrowser(Wrapper.java:49)
at yashwanthgunapatiqa.globalcomponents.Wrapper.tearDown(Wrapper.java:58)
at yashwanthgunapatiqa.globalcomponents.Wrapper.quitBrowser(Wrapper.java:49)
at yashwanthgunapatiqa.globalcomponents.Wrapper.tearDown(Wrapper.java:58)
at yashwanthgunapatiqa.globalcomponents.Wrapper.quitBrowser(Wrapper.java:49)
at yashwanthgunapatiqa.globalcomponents.Wrapper.tearDown(Wrapper.java:58)
at yashwanthgunapatiqa.globalcomponents.Wrapper.quitBrowser(Wrapper.java:49)
at yashwanthgunapatiqa.globalcomponents.Wrapper.tearDown(Wrapper.java:58)
at yashwanthgunapatiqa.globalcomponents.Wrapper.quitBrowser(Wrapper.java:49)
at yashwanthgunapatiqa.globalcomponents.Wrapper.tearDown(Wrapper.java:58)
at yashwanthgunapatiqa.globalcomponents.Wrapper.quitBrowser(Wrapper.java:49)
at yashwanthgunapatiqa.globalcomponents.Wrapper.tearDown(Wrapper.java:58)
at yashwanthgunapatiqa.globalcomponents.Wrapper.quitBrowser(Wrapper.java:49)
at yashwanthgunapatiqa.globalcomponents.Wrapper.tearDown(Wrapper.java:58)
at yashwanthgunapatiqa.globalcomponents.Wrapper.quitBrowser(Wrapper.java:49)
at yashwanthgunapatiqa.globalcomponents.Wrapper.tearDown(Wrapper.java:58)
at yashwanthgunapatiqa.globalcomponents.Wrapper.quitBrowser(Wrapper.java:49)
at yashwanthgunapatiqa.globalcomponents.Wrapper.tearDown(Wrapper.java:58)
at yashwanthgunapatiqa.globalcomponents.Wrapper.quitBrowser(Wrapper.java:49)
at yashwanthgunapatiqa.globalcomponents.Wrapper.tearDown(Wrapper.java:58)
at yashwanthgunapatiqa.globalcomponents.Wrapper.quitBrowser(Wrapper.java:49)
at yashwanthgunapatiqa.globalcomponents.Wrapper.tearDown(Wrapper.java:58)
at yashwanthgunapatiqa.globalcomponents.Wrapper.quitBrowser(Wrapper.java:49)
at yashwanthgunapatiqa.globalcomponents.Wrapper.tearDown(Wrapper.java:58)
at yashwanthgunapatiqa.globalcomponents.Wrapper.quitBrowser(Wrapper.java:49)
at yashwanthgunapatiqa.globalcomponents.Wrapper.tearDown(Wrapper.java:58)
at yashwanthgunapatiqa.globalcomponents.Wrapper.quitBrowser(Wrapper.java:49)
at yashwanthgunapatiqa.globalcomponents.Wrapper.tearDown(Wrapper.java:58)
at yashwanthgunapatiqa.globalcomponents.Wrapper.quitBrowser(Wrapper.java:49)
at yashwanthgunapatiqa.globalcomponents.Wrapper.tearDown(Wrapper.java:58)
at yashwanthgunapatiqa.globalcomponents.Wrapper.quitBrowser(Wrapper.java:49)
at yashwanthgunapatiqa.globalcomponents.Wrapper.tearDown(Wrapper.java:58)
at yashwanthgunapatiqa.globalcomponents.Wrapper.quitBrowser(Wrapper.java:49)
at yashwanthgunapatiqa.globalcomponents.Wrapper.tearDown(Wrapper.java:58)
at yashwanthgunapatiqa.globalcomponents.Wrapper.quitBrowser(Wrapper.java:49)
at yashwanthgunapatiqa.globalcomponents.Wrapper.tearDown(Wrapper.java:58)
at yashwanthgunapatiqa.globalcomponents.Wrapper.quitBrowser(Wrapper.java:49)
at yashwanthgunapatiqa.globalcomponents.Wrapper.tearDown(Wrapper.java:58)
at yashwanthgunapatiqa.globalcomponents.Wrapper.quitBrowser(Wrapper.java:49)
at yashwanthgunapatiqa.globalcomponents.Wrapper.tearDown(Wrapper.java:58)
at yashwanthgunapatiqa.globalcomponents.Wrapper.quitBrowser(Wrapper.java:49)
at yashwanthgunapatiqa.globalcomponents.Wrapper.tearDown(Wrapper.java:58)
at yashwanthgunapatiqa.globalcomponents.Wrapper.quitBrowser(Wrapper.java:49)
at yashwanthgunapatiqa.globalcomponents.Wrapper.tearDown(Wrapper.java:58)
at yashwanthgunapatiqa.globalcomponents.Wrapper.quitBrowser(Wrapper.java:49)
at yashwanthgunapatiqa.globalcomponents.Wrapper.tearDown(Wrapper.java:58)
at yashwanthgunapatiqa.globalcomponents.Wrapper.quitBrowser(Wrapper.java:49)
at yashwanthgunapatiqa.globalcomponents.Wrapper.tearDown(Wrapper.java:58)
at yashwanthgunapatiqa.globalcomponents.Wrapper.quitBrowser(Wrapper.java:49)
]]>
    </failure>
  </testcase> <!-- @AfterMethod quitBrowser -->
  <testcase classname="yashwanthgunapatiqa.globalcomponents.Wrapper" name="@BeforeMethod LaunchBrowser" time="-1.727126197036E9">
    <skipped/>
  </testcase> <!-- @BeforeMethod LaunchBrowser -->
  <testcase classname="yashwanthgunapatiqa.globalcomponents.Wrapper" name="@AfterMethod quitBrowser" time="-1.727126197075E9">
    <skipped/>
  </testcase> <!-- @AfterMethod quitBrowser -->
  <testcase classname="yashwanthgunapatiqa.globalcomponents.Wrapper" name="@BeforeMethod LaunchBrowser" time="-1.727126197081E9">
    <skipped/>
  </testcase> <!-- @BeforeMethod LaunchBrowser -->
  <testcase classname="yashwanthgunapatiqa.globalcomponents.Wrapper" name="@AfterMethod quitBrowser" time="-1.727126197122E9">
    <skipped/>
  </testcase> <!-- @AfterMethod quitBrowser -->
  <testcase classname="yashwanthgunapatiqa.tests.Errorvalidation" name="checkOutWithOutCountry" time="8.233"/>
  <testcase classname="yashwanthgunapatiqa.tests.Errorvalidation" name="loginErrorValidation" time="0.0">
    <skipped/>
  </testcase> <!-- loginErrorValidation -->
  <testcase classname="yashwanthgunapatiqa.tests.Errorvalidation" name="productRemovalValidation" time="0.0">
    <skipped/>
  </testcase> <!-- productRemovalValidation -->
</testsuite> <!-- Test -->
