<?xml version="1.0" encoding="UTF-8"?>
<!-- Generated by org.testng.reporters.JUnitXMLReporter -->
<testsuite ignored="1" hostname="DESKTOP-582AH23" failures="1" tests="3" name="Errors Validation in Application" time="40.619" errors="0" timestamp="2024-09-19T17:21:51 GMT-04:00">
  <testcase classname="yashwanthgunapatiqa.tests.Errorvalidation" name="checkOutWithOutCountry" time="8.542"/>
  <testcase classname="yashwanthgunapatiqa.tests.Errorvalidation" name="loginErrorValidation" time="1.222">
    <skipped/>
  </testcase> <!-- loginErrorValidation -->
  <testcase classname="yashwanthgunapatiqa.tests.Errorvalidation" name="loginErrorValidation" time="1.091">
    <failure type="java.lang.AssertionError" message="expected [Incorrect email or password entered] but found [Incorrect email or password.]">
      <![CDATA[java.lang.AssertionError: expected [Incorrect email or password entered] but found [Incorrect email or password.]
at yashwanthgunapatiqa.tests.Errorvalidation.loginErrorValidation(Errorvalidation.java:17)
at java.base/java.util.ArrayList.forEach(ArrayList.java:1511)
... Removed 37 stack frames]]>
    </failure>
  </testcase> <!-- loginErrorValidation -->
  <testcase classname="yashwanthgunapatiqa.tests.Errorvalidation" name="productRemovalValidation" time="0.0">
    <ignored/>
  </testcase> <!-- productRemovalValidation -->
</testsuite> <!-- Errors Validation in Application -->
