<?xml version="1.0" encoding="UTF-8"?>
<!-- Generated by org.testng.reporters.JUnitXMLReporter -->
<testsuite ignored="2" hostname="DESKTOP-582AH23" failures="0" tests="0" time="0.0" errors="0" timestamp="2024-09-19T17:21:51 GMT-04:00">
  <testcase classname="yashwanthgunapatiqa.tests.SubmitOrder_E2E_TestCase" name="checkOutProduct" time="0.0">
    <ignored/>
  </testcase> <!-- checkOutProduct -->
  <testcase classname="yashwanthgunapatiqa.tests.SubmitOrder_E2E_TestCase" name="checkOrderConfirmationofProduct" time="0.0">
    <ignored/>
  </testcase> <!-- checkOrderConfirmationofProduct -->
</testsuite>
