<?xml version="1.0" encoding="UTF-8"?>
<!-- Generated by org.testng.reporters.JUnitXMLReporter -->
<testsuite ignored="1" hostname="DESKTOP-582AH23" failures="2" tests="3" name="Error Handling Test" time="35.688" errors="0" timestamp="2024-09-26T17:19:02 GMT-04:00">
  <testcase classname="yashwanthgunapatiqa.tests.Errorvalidation" name="checkOutWithOutCountry" time="8.515">
    <failure type="java.lang.AssertionError" message="expected [Please Enter Full Shipping Information] but found []">
      <![CDATA[java.lang.AssertionError: expected [Please Enter Full Shipping Information] but found []
at yashwanthgunapatiqa.tests.Errorvalidation.checkOutWithOutCountry(Errorvalidation.java:47)
at java.base/java.util.ArrayList.forEach(ArrayList.java:1511)
... Removed 33 stack frames]]>
    </failure>
  </testcase> <!-- checkOutWithOutCountry -->
  <testcase classname="yashwanthgunapatiqa.tests.Errorvalidation" name="loginErrorValidation" time="1.929">
    <skipped/>
  </testcase> <!-- loginErrorValidation -->
  <testcase classname="yashwanthgunapatiqa.tests.Errorvalidation" name="loginErrorValidation" time="1.298">
    <failure type="java.lang.AssertionError" message="expected [Incorrect email or password] but found [Incorrect email or password.]">
      <![CDATA[java.lang.AssertionError: expected [Incorrect email or password] but found [Incorrect email or password.]
at yashwanthgunapatiqa.tests.Errorvalidation.loginErrorValidation(Errorvalidation.java:19)
at java.base/java.util.ArrayList.forEach(ArrayList.java:1511)
... Removed 33 stack frames]]>
    </failure>
  </testcase> <!-- loginErrorValidation -->
  <testcase classname="yashwanthgunapatiqa.tests.Errorvalidation" name="productRemovalValidation" time="0.0">
    <ignored/>
  </testcase> <!-- productRemovalValidation -->
</testsuite> <!-- Error Handling Test -->
