<?xml version="1.0" encoding="UTF-8"?>
<testsuite xmlns:xsi="http://www.w3.org/2001/XMLSchema-instance" xsi:noNamespaceSchemaLocation="https://maven.apache.org/surefire/maven-surefire-plugin/xsd/surefire-test-report.xsd" version="3.0.2" name="TestSuite" time="44.091" tests="3" errors="0" skipped="1" failures="1">
  <properties>
[...]
</properties>
  <testcase name="checkOutWithOutCountry" classname="yashwanthgunapatiqa.tests.Errorvalidation" time="8.547">
    <system-out><![CDATA[Setting up the browser: chrome
Browser window maximized.
Chrome browser initialized successfully.
Navigating to URL: https://rahulshettyacademy.com/client
Waiting for element to be visible: By.xpath: //div[@class='container']/div[@class='row']
Getting the product list, total products: 3
Checking product: ZARA COAT 3
Product found: ZARA COAT 3
Waiting for element to be visible: By.xpath: //div[@class='overlay-container']/div
Waiting for element to be Invisible: [[ChromeDriver: chrome on windows (f47d4b333f423e22eeead718e1c20087)] -> css selector: .ng-animating]
Product Added To Cart
Waiting for element to be visible: [[ChromeDriver: chrome on windows (f47d4b333f423e22eeead718e1c20087)] -> css selector: [routerlink*='/dashboard/cart']]
Waiting for the cart page to load...
Waiting for element to be visible: By.cssSelector: .cartSection h3
Products found in the cart: 1
Product in cart: ZARA COAT 3
Waiting for element to be Invisible: [[ChromeDriver: chrome on windows (f47d4b333f423e22eeead718e1c20087)] -> css selector: .action__submit]
Waited
The Actual Error message : Please Enter Full Shipping Information
]]></system-out>
    <system-err><![CDATA[SLF4J: Failed to load class "org.slf4j.impl.StaticLoggerBinder".
SLF4J: Defaulting to no-operation (NOP) logger implementation
SLF4J: See http://www.slf4j.org/codes.html#StaticLoggerBinder for further details.
Sep 19, 2024 5:21:14 PM org.openqa.selenium.devtools.CdpVersionFinder findNearestMatch
WARNING: Unable to find CDP implementation matching 122
Sep 19, 2024 5:21:14 PM org.openqa.selenium.chromium.ChromiumDriver lambda$new$5
WARNING: Unable to find version of CDP to use for 122.0.6261.129. You may need to include a dependency on a specific version of the CDP using something similar to `org.seleniumhq.selenium:selenium-devtools-v86:4.24.0` where the version ("v86") matches the version of the chromium-based browser you're using and the version number of the artifact is the same as Selenium's.
]]></system-err>
  </testcase>
  <testcase name="loginErrorValidation" classname="yashwanthgunapatiqa.tests.Errorvalidation" time="0.0">
    <skipped message="expected [Incorrect email or password entered] but found [Incorrect email or password.]"/>
    <system-out><![CDATA[Setting up the browser: chrome
Browser window maximized.
Chrome browser initialized successfully.
Navigating to URL: https://rahulshettyacademy.com/client
Waiting for element to be visible: [[ChromeDriver: chrome on windows (3113abc0d781af276b370bc162b4ddbc)] -> xpath: //div[@id='toast-container']/div/div]
Actual Text message : Incorrect email or password.
]]></system-out>
    <system-err><![CDATA[Sep 19, 2024 5:21:31 PM org.openqa.selenium.devtools.CdpVersionFinder findNearestMatch
WARNING: Unable to find CDP implementation matching 122
Sep 19, 2024 5:21:31 PM org.openqa.selenium.chromium.ChromiumDriver lambda$new$5
WARNING: Unable to find version of CDP to use for 122.0.6261.129. You may need to include a dependency on a specific version of the CDP using something similar to `org.seleniumhq.selenium:selenium-devtools-v86:4.24.0` where the version ("v86") matches the version of the chromium-based browser you're using and the version number of the artifact is the same as Selenium's.
]]></system-err>
  </testcase>
  <testcase name="loginErrorValidation" classname="yashwanthgunapatiqa.tests.Errorvalidation" time="2.155">
    <failure message="expected [Incorrect email or password entered] but found [Incorrect email or password.]" type="java.lang.AssertionError"><![CDATA[java.lang.AssertionError: expected [Incorrect email or password entered] but found [Incorrect email or password.]
	at org.testng.Assert.fail(Assert.java:111)
	at org.testng.Assert.failNotEquals(Assert.java:1578)
	at org.testng.Assert.assertEqualsImpl(Assert.java:150)
	at org.testng.Assert.assertEquals(Assert.java:132)
	at org.testng.Assert.assertEquals(Assert.java:656)
	at org.testng.Assert.assertEquals(Assert.java:666)
	at yashwanthgunapatiqa.tests.Errorvalidation.loginErrorValidation(Errorvalidation.java:17)
	at java.base/jdk.internal.reflect.NativeMethodAccessorImpl.invoke0(Native Method)
	at java.base/jdk.internal.reflect.NativeMethodAccessorImpl.invoke(NativeMethodAccessorImpl.java:77)
	at java.base/jdk.internal.reflect.DelegatingMethodAccessorImpl.invoke(DelegatingMethodAccessorImpl.java:43)
	at java.base/java.lang.reflect.Method.invoke(Method.java:568)
	at org.testng.internal.invokers.MethodInvocationHelper.invokeMethod(MethodInvocationHelper.java:141)
	at org.testng.internal.invokers.TestInvoker.invokeMethod(TestInvoker.java:686)
	at org.testng.internal.invokers.TestInvoker.retryFailed(TestInvoker.java:269)
	at org.testng.internal.invokers.MethodRunner.runInSequence(MethodRunner.java:76)
	at org.testng.internal.invokers.TestInvoker$MethodInvocationAgent.invoke(TestInvoker.java:992)
	at org.testng.internal.invokers.TestInvoker.invokeTestMethods(TestInvoker.java:203)
	at org.testng.internal.invokers.TestMethodWorker.invokeTestMethods(TestMethodWorker.java:154)
	at org.testng.internal.invokers.TestMethodWorker.run(TestMethodWorker.java:134)
	at java.base/java.util.ArrayList.forEach(ArrayList.java:1511)
	at org.testng.TestRunner.privateRun(TestRunner.java:739)
	at org.testng.TestRunner.run(TestRunner.java:614)
	at org.testng.SuiteRunner.runTest(SuiteRunner.java:421)
	at org.testng.SuiteRunner.runSequentially(SuiteRunner.java:413)
	at org.testng.SuiteRunner.privateRun(SuiteRunner.java:373)
	at org.testng.SuiteRunner.run(SuiteRunner.java:312)
	at org.testng.SuiteRunnerWorker.runSuite(SuiteRunnerWorker.java:52)
	at org.testng.SuiteRunnerWorker.run(SuiteRunnerWorker.java:95)
	at org.testng.TestNG.runSuitesSequentially(TestNG.java:1274)
	at org.testng.TestNG.runSuitesLocally(TestNG.java:1208)
	at org.testng.TestNG.runSuites(TestNG.java:1112)
	at org.testng.TestNG.run(TestNG.java:1079)
	at org.apache.maven.surefire.testng.TestNGExecutor.run(TestNGExecutor.java:308)
	at org.apache.maven.surefire.testng.TestNGXmlTestSuite.execute(TestNGXmlTestSuite.java:71)
	at org.apache.maven.surefire.testng.TestNGProvider.invoke(TestNGProvider.java:113)
	at org.apache.maven.surefire.booter.ForkedBooter.runSuitesInProcess(ForkedBooter.java:385)
	at org.apache.maven.surefire.booter.ForkedBooter.execute(ForkedBooter.java:162)
	at org.apache.maven.surefire.booter.ForkedBooter.run(ForkedBooter.java:507)
	at org.apache.maven.surefire.booter.ForkedBooter.main(ForkedBooter.java:495)
]]></failure>
    <system-out><![CDATA[Setting up the browser: chrome
Browser window maximized.
Chrome browser initialized successfully.
Navigating to URL: https://rahulshettyacademy.com/client
Waiting for element to be visible: [[ChromeDriver: chrome on windows (2aa61fc03e2fa8744898291fead689d6)] -> xpath: //div[@id='toast-container']/div/div]
Actual Text message : Incorrect email or password.
]]></system-out>
    <system-err><![CDATA[Sep 19, 2024 5:21:41 PM org.openqa.selenium.devtools.CdpVersionFinder findNearestMatch
WARNING: Unable to find CDP implementation matching 122
Sep 19, 2024 5:21:41 PM org.openqa.selenium.chromium.ChromiumDriver lambda$new$5
WARNING: Unable to find version of CDP to use for 122.0.6261.129. You may need to include a dependency on a specific version of the CDP using something similar to `org.seleniumhq.selenium:selenium-devtools-v86:4.24.0` where the version ("v86") matches the version of the chromium-based browser you're using and the version number of the artifact is the same as Selenium's.
]]></system-err>
  </testcase>
</testsuite>