<?xml version="1.0" encoding="UTF-8"?>
<testng-results ignored="0" total="3" passed="1" failed="0" skipped="2">
  <reporter-output>
  </reporter-output>
  <suite started-at="2024-09-23T17:16:22 GMT-04:00" name="Suite" finished-at="2024-09-23T17:16:37 GMT-04:00" duration-ms="14167">
    <groups>
      <group name="ErrorHandling">
        <method signature="Errorvalidation.checkOutWithOutCountry()[pri:0, instance:yashwanthgunapatiqa.tests.Errorvalidation@1e1a0406]" name="checkOutWithOutCountry" class="yashwanthgunapatiqa.tests.Errorvalidation"/>
        <method signature="Errorvalidation.loginErrorValidation()[pri:0, instance:yashwanthgunapatiqa.tests.Errorvalidation@1e1a0406]" name="loginErrorValidation" class="yashwanthgunapatiqa.tests.Errorvalidation"/>
      </group> <!-- ErrorHandling -->
    </groups>
    <test started-at="2024-09-23T17:16:22 GMT-04:00" name="Test" finished-at="2024-09-23T17:16:37 GMT-04:00" duration-ms="14167">
      <class name="yashwanthgunapatiqa.tests.Errorvalidation">
        <test-method is-config="true" signature="LaunchBrowser()[pri:0, instance:yashwanthgunapatiqa.tests.Errorvalidation@1e1a0406]" started-at="2024-09-23T17:16:22 GMT-04:00" name="LaunchBrowser" finished-at="2024-09-23T17:16:28 GMT-04:00" duration-ms="5661" status="PASS">
          <reporter-output>
          </reporter-output>
        </test-method> <!-- LaunchBrowser -->
        <test-method signature="checkOutWithOutCountry()[pri:0, instance:yashwanthgunapatiqa.tests.Errorvalidation@1e1a0406]" started-at="2024-09-23T17:16:28 GMT-04:00" name="checkOutWithOutCountry" finished-at="2024-09-23T17:16:36 GMT-04:00" duration-ms="8233" status="PASS">
          <reporter-output>
          </reporter-output>
        </test-method> <!-- checkOutWithOutCountry -->
        <test-method is-config="true" signature="quitBrowser()[pri:0, instance:yashwanthgunapatiqa.tests.Errorvalidation@1e1a0406]" started-at="2024-09-23T17:16:36 GMT-04:00" name="quitBrowser" finished-at="2024-09-23T17:16:36 GMT-04:00" duration-ms="75" status="FAIL">
          <exception class="java.lang.StackOverflowError">
            <full-stacktrace>
              <![CDATA[java.lang.StackOverflowError
at java.base/sun.nio.cs.UTF_8$Encoder.encodeArrayLoop(UTF_8.java:456)
at java.base/sun.nio.cs.UTF_8$Encoder.encodeLoop(UTF_8.java:564)
at java.base/java.nio.charset.CharsetEncoder.encode(CharsetEncoder.java:585)
at java.base/sun.nio.cs.StreamEncoder.implWrite(StreamEncoder.java:293)
at java.base/sun.nio.cs.StreamEncoder.implWrite(StreamEncoder.java:282)
at java.base/sun.nio.cs.StreamEncoder.write(StreamEncoder.java:132)
at java.base/java.io.OutputStreamWriter.write(OutputStreamWriter.java:205)
at java.base/java.io.BufferedWriter.flushBuffer(BufferedWriter.java:120)
at java.base/java.io.PrintStream.writeln(PrintStream.java:722)
at java.base/java.io.PrintStream.println(PrintStream.java:1028)
at yashwanthgunapatiqa.globalcomponents.Wrapper.tearDown(Wrapper.java:57)
at yashwanthgunapatiqa.globalcomponents.Wrapper.quitBrowser(Wrapper.java:49)
at yashwanthgunapatiqa.globalcomponents.Wrapper.tearDown(Wrapper.java:58)
at yashwanthgunapatiqa.globalcomponents.Wrapper.quitBrowser(Wrapper.java:49)
at yashwanthgunapatiqa.globalcomponents.Wrapper.tearDown(Wrapper.java:58)
at yashwanthgunapatiqa.globalcomponents.Wrapper.quitBrowser(Wrapper.java:49)
at yashwanthgunapatiqa.globalcomponents.Wrapper.tearDown(Wrapper.java:58)
at yashwanthgunapatiqa.globalcomponents.Wrapper.quitBrowser(Wrapper.java:49)
at yashwanthgunapatiqa.globalcomponents.Wrapper.tearDown(Wrapper.java:58)
at yashwanthgunapatiqa.globalcomponents.Wrapper.quitBrowser(Wrapper.java:49)
at yashwanthgunapatiqa.globalcomponents.Wrapper.tearDown(Wrapper.java:58)
at yashwanthgunapatiqa.globalcomponents.Wrapper.quitBrowser(Wrapper.java:49)
at yashwanthgunapatiqa.globalcomponents.Wrapper.tearDown(Wrapper.java:58)
at yashwanthgunapatiqa.globalcomponents.Wrapper.quitBrowser(Wrapper.java:49)
at yashwanthgunapatiqa.globalcomponents.Wrapper.tearDown(Wrapper.java:58)
at yashwanthgunapatiqa.globalcomponents.Wrapper.quitBrowser(Wrapper.java:49)
at yashwanthgunapatiqa.globalcomponents.Wrapper.tearDown(Wrapper.java:58)
at yashwanthgunapatiqa.globalcomponents.Wrapper.quitBrowser(Wrapper.java:49)
at yashwanthgunapatiqa.globalcomponents.Wrapper.tearDown(Wrapper.java:58)
at yashwanthgunapatiqa.globalcomponents.Wrapper.quitBrowser(Wrapper.java:49)
at yashwanthgunapatiqa.globalcomponents.Wrapper.tearDown(Wrapper.java:58)
at yashwanthgunapatiqa.globalcomponents.Wrapper.quitBrowser(Wrapper.java:49)
at yashwanthgunapatiqa.globalcomponents.Wrapper.tearDown(Wrapper.java:58)
at yashwanthgunapatiqa.globalcomponents.Wrapper.quitBrowser(Wrapper.java:49)
at yashwanthgunapatiqa.globalcomponents.Wrapper.tearDown(Wrapper.java:58)
at yashwanthgunapatiqa.globalcomponents.Wrapper.quitBrowser(Wrapper.java:49)
at yashwanthgunapatiqa.globalcomponents.Wrapper.tearDown(Wrapper.java:58)
at yashwanthgunapatiqa.globalcomponents.Wrapper.quitBrowser(Wrapper.java:49)
at yashwanthgunapatiqa.globalcomponents.Wrapper.tearDown(Wrapper.java:58)
at yashwanthgunapatiqa.globalcomponents.Wrapper.quitBrowser(Wrapper.java:49)
at yashwanthgunapatiqa.globalcomponents.Wrapper.tearDown(Wrapper.java:58)
at yashwanthgunapatiqa.globalcomponents.Wrapper.quitBrowser(Wrapper.java:49)
at yashwanthgunapatiqa.globalcomponents.Wrapper.tearDown(Wrapper.java:58)
at yashwanthgunapatiqa.globalcomponents.Wrapper.quitBrowser(Wrapper.java:49)
at yashwanthgunapatiqa.globalcomponents.Wrapper.tearDown(Wrapper.java:58)
at yashwanthgunapatiqa.globalcomponents.Wrapper.quitBrowser(Wrapper.java:49)
at yashwanthgunapatiqa.globalcomponents.Wrapper.tearDown(Wrapper.java:58)
at yashwanthgunapatiqa.globalcomponents.Wrapper.quitBrowser(Wrapper.java:49)
at yashwanthgunapatiqa.globalcomponents.Wrapper.tearDown(Wrapper.java:58)
at yashwanthgunapatiqa.globalcomponents.Wrapper.quitBrowser(Wrapper.java:49)
at yashwanthgunapatiqa.globalcomponents.Wrapper.tearDown(Wrapper.java:58)
at yashwanthgunapatiqa.globalcomponents.Wrapper.quitBrowser(Wrapper.java:49)
at yashwanthgunapatiqa.globalcomponents.Wrapper.tearDown(Wrapper.java:58)
at yashwanthgunapatiqa.globalcomponents.Wrapper.quitBrowser(Wrapper.java:49)
at yashwanthgunapatiqa.globalcomponents.Wrapper.tearDown(Wrapper.java:58)
at yashwanthgunapatiqa.globalcomponents.Wrapper.quitBrowser(Wrapper.java:49)
at yashwanthgunapatiqa.globalcomponents.Wrapper.tearDown(Wrapper.java:58)
at yashwanthgunapatiqa.globalcomponents.Wrapper.quitBrowser(Wrapper.java:49)
at yashwanthgunapatiqa.globalcomponents.Wrapper.tearDown(Wrapper.java:58)
at yashwanthgunapatiqa.globalcomponents.Wrapper.quitBrowser(Wrapper.java:49)
at yashwanthgunapatiqa.globalcomponents.Wrapper.tearDown(Wrapper.java:58)
at yashwanthgunapatiqa.globalcomponents.Wrapper.quitBrowser(Wrapper.java:49)
at yashwanthgunapatiqa.globalcomponents.Wrapper.tearDown(Wrapper.java:58)
at yashwanthgunapatiqa.globalcomponents.Wrapper.quitBrowser(Wrapper.java:49)
at yashwanthgunapatiqa.globalcomponents.Wrapper.tearDown(Wrapper.java:58)
at yashwanthgunapatiqa.globalcomponents.Wrapper.quitBrowser(Wrapper.java:49)
at yashwanthgunapatiqa.globalcomponents.Wrapper.tearDown(Wrapper.java:58)
at yashwanthgunapatiqa.globalcomponents.Wrapper.quitBrowser(Wrapper.java:49)
at yashwanthgunapatiqa.globalcomponents.Wrapper.tearDown(Wrapper.java:58)
at yashwanthgunapatiqa.globalcomponents.Wrapper.quitBrowser(Wrapper.java:49)
at yashwanthgunapatiqa.globalcomponents.Wrapper.tearDown(Wrapper.java:58)
at yashwanthgunapatiqa.globalcomponents.Wrapper.quitBrowser(Wrapper.java:49)
at yashwanthgunapatiqa.globalcomponents.Wrapper.tearDown(Wrapper.java:58)
at yashwanthgunapatiqa.globalcomponents.Wrapper.quitBrowser(Wrapper.java:49)
at yashwanthgunapatiqa.globalcomponents.Wrapper.tearDown(Wrapper.java:58)
at yashwanthgunapatiqa.globalcomponents.Wrapper.quitBrowser(Wrapper.java:49)
at yashwanthgunapatiqa.globalcomponents.Wrapper.tearDown(Wrapper.java:58)
at yashwanthgunapatiqa.globalcomponents.Wrapper.quitBrowser(Wrapper.java:49)
at yashwanthgunapatiqa.globalcomponents.Wrapper.tearDown(Wrapper.java:58)
at yashwanthgunapatiqa.globalcomponents.Wrapper.quitBrowser(Wrapper.java:49)
at yashwanthgunapatiqa.globalcomponents.Wrapper.tearDown(Wrapper.java:58)
at yashwanthgunapatiqa.globalcomponents.Wrapper.quitBrowser(Wrapper.java:49)
at yashwanthgunapatiqa.globalcomponents.Wrapper.tearDown(Wrapper.java:58)
at yashwanthgunapatiqa.globalcomponents.Wrapper.quitBrowser(Wrapper.java:49)
at yashwanthgunapatiqa.globalcomponents.Wrapper.tearDown(Wrapper.java:58)
at yashwanthgunapatiqa.globalcomponents.Wrapper.quitBrowser(Wrapper.java:49)
at yashwanthgunapatiqa.globalcomponents.Wrapper.tearDown(Wrapper.java:58)
at yashwanthgunapatiqa.globalcomponents.Wrapper.quitBrowser(Wrapper.java:49)
at yashwanthgunapatiqa.globalcomponents.Wrapper.tearDown(Wrapper.java:58)
at yashwanthgunapatiqa.globalcomponents.Wrapper.quitBrowser(Wrapper.java:49)
at yashwanthgunapatiqa.globalcomponents.Wrapper.tearDown(Wrapper.java:58)
at yashwanthgunapatiqa.globalcomponents.Wrapper.quitBrowser(Wrapper.java:49)
at yashwanthgunapatiqa.globalcomponents.Wrapper.tearDown(Wrapper.java:58)
at yashwanthgunapatiqa.globalcomponents.Wrapper.quitBrowser(Wrapper.java:49)
at yashwanthgunapatiqa.globalcomponents.Wrapper.tearDown(Wrapper.java:58)
at yashwanthgunapatiqa.globalcomponents.Wrapper.quitBrowser(Wrapper.java:49)
at yashwanthgunapatiqa.globalcomponents.Wrapper.tearDown(Wrapper.java:58)
at yashwanthgunapatiqa.globalcomponents.Wrapper.quitBrowser(Wrapper.java:49)
at yashwanthgunapatiqa.globalcomponents.Wrapper.tearDown(Wrapper.java:58)
at yashwanthgunapatiqa.globalcomponents.Wrapper.quitBrowser(Wrapper.java:49)
at yashwanthgunapatiqa.globalcomponents.Wrapper.tearDown(Wrapper.java:58)
at yashwanthgunapatiqa.globalcomponents.Wrapper.quitBrowser(Wrapper.java:49)
at yashwanthgunapatiqa.globalcomponents.Wrapper.tearDown(Wrapper.java:58)
at yashwanthgunapatiqa.globalcomponents.Wrapper.quitBrowser(Wrapper.java:49)
at yashwanthgunapatiqa.globalcomponents.Wrapper.tearDown(Wrapper.java:58)
at yashwanthgunapatiqa.globalcomponents.Wrapper.quitBrowser(Wrapper.java:49)
at yashwanthgunapatiqa.globalcomponents.Wrapper.tearDown(Wrapper.java:58)
at yashwanthgunapatiqa.globalcomponents.Wrapper.quitBrowser(Wrapper.java:49)
at yashwanthgunapatiqa.globalcomponents.Wrapper.tearDown(Wrapper.java:58)
at yashwanthgunapatiqa.globalcomponents.Wrapper.quitBrowser(Wrapper.java:49)
at yashwanthgunapatiqa.globalcomponents.Wrapper.tearDown(Wrapper.java:58)
at yashwanthgunapatiqa.globalcomponents.Wrapper.quitBrowser(Wrapper.java:49)
at yashwanthgunapatiqa.globalcomponents.Wrapper.tearDown(Wrapper.java:58)
at yashwanthgunapatiqa.globalcomponents.Wrapper.quitBrowser(Wrapper.java:49)
at yashwanthgunapatiqa.globalcomponents.Wrapper.tearDown(Wrapper.java:58)
at yashwanthgunapatiqa.globalcomponents.Wrapper.quitBrowser(Wrapper.java:49)
at yashwanthgunapatiqa.globalcomponents.Wrapper.tearDown(Wrapper.java:58)
at yashwanthgunapatiqa.globalcomponents.Wrapper.quitBrowser(Wrapper.java:49)
at yashwanthgunapatiqa.globalcomponents.Wrapper.tearDown(Wrapper.java:58)
at yashwanthgunapatiqa.globalcomponents.Wrapper.quitBrowser(Wrapper.java:49)
at yashwanthgunapatiqa.globalcomponents.Wrapper.tearDown(Wrapper.java:58)
at yashwanthgunapatiqa.globalcomponents.Wrapper.quitBrowser(Wrapper.java:49)
at yashwanthgunapatiqa.globalcomponents.Wrapper.tearDown(Wrapper.java:58)
at yashwanthgunapatiqa.globalcomponents.Wrapper.quitBrowser(Wrapper.java:49)
at yashwanthgunapatiqa.globalcomponents.Wrapper.tearDown(Wrapper.java:58)
at yashwanthgunapatiqa.globalcomponents.Wrapper.quitBrowser(Wrapper.java:49)
at yashwanthgunapatiqa.globalcomponents.Wrapper.tearDown(Wrapper.java:58)
at yashwanthgunapatiqa.globalcomponents.Wrapper.quitBrowser(Wrapper.java:49)
at yashwanthgunapatiqa.globalcomponents.Wrapper.tearDown(Wrapper.java:58)
at yashwanthgunapatiqa.globalcomponents.Wrapper.quitBrowser(Wrapper.java:49)
at yashwanthgunapatiqa.globalcomponents.Wrapper.tearDown(Wrapper.java:58)
at yashwanthgunapatiqa.globalcomponents.Wrapper.quitBrowser(Wrapper.java:49)
at yashwanthgunapatiqa.globalcomponents.Wrapper.tearDown(Wrapper.java:58)
at yashwanthgunapatiqa.globalcomponents.Wrapper.quitBrowser(Wrapper.java:49)
at yashwanthgunapatiqa.globalcomponents.Wrapper.tearDown(Wrapper.java:58)
at yashwanthgunapatiqa.globalcomponents.Wrapper.quitBrowser(Wrapper.java:49)
at yashwanthgunapatiqa.globalcomponents.Wrapper.tearDown(Wrapper.java:58)
at yashwanthgunapatiqa.globalcomponents.Wrapper.quitBrowser(Wrapper.java:49)
at yashwanthgunapatiqa.globalcomponents.Wrapper.tearDown(Wrapper.java:58)
at yashwanthgunapatiqa.globalcomponents.Wrapper.quitBrowser(Wrapper.java:49)
at yashwanthgunapatiqa.globalcomponents.Wrapper.tearDown(Wrapper.java:58)
at yashwanthgunapatiqa.globalcomponents.Wrapper.quitBrowser(Wrapper.java:49)
at yashwanthgunapatiqa.globalcomponents.Wrapper.tearDown(Wrapper.java:58)
at yashwanthgunapatiqa.globalcomponents.Wrapper.quitBrowser(Wrapper.java:49)
at yashwanthgunapatiqa.globalcomponents.Wrapper.tearDown(Wrapper.java:58)
at yashwanthgunapatiqa.globalcomponents.Wrapper.quitBrowser(Wrapper.java:49)
at yashwanthgunapatiqa.globalcomponents.Wrapper.tearDown(Wrapper.java:58)
at yashwanthgunapatiqa.globalcomponents.Wrapper.quitBrowser(Wrapper.java:49)
at yashwanthgunapatiqa.globalcomponents.Wrapper.tearDown(Wrapper.java:58)
at yashwanthgunapatiqa.globalcomponents.Wrapper.quitBrowser(Wrapper.java:49)
at yashwanthgunapatiqa.globalcomponents.Wrapper.tearDown(Wrapper.java:58)
at yashwanthgunapatiqa.globalcomponents.Wrapper.quitBrowser(Wrapper.java:49)
at yashwanthgunapatiqa.globalcomponents.Wrapper.tearDown(Wrapper.java:58)
at yashwanthgunapatiqa.globalcomponents.Wrapper.quitBrowser(Wrapper.java:49)
at yashwanthgunapatiqa.globalcomponents.Wrapper.tearDown(Wrapper.java:58)
at yashwanthgunapatiqa.globalcomponents.Wrapper.quitBrowser(Wrapper.java:49)
at yashwanthgunapatiqa.globalcomponents.Wrapper.tearDown(Wrapper.java:58)
at yashwanthgunapatiqa.globalcomponents.Wrapper.quitBrowser(Wrapper.java:49)
at yashwanthgunapatiqa.globalcomponents.Wrapper.tearDown(Wrapper.java:58)
at yashwanthgunapatiqa.globalcomponents.Wrapper.quitBrowser(Wrapper.java:49)
at yashwanthgunapatiqa.globalcomponents.Wrapper.tearDown(Wrapper.java:58)
at yashwanthgunapatiqa.globalcomponents.Wrapper.quitBrowser(Wrapper.java:49)
at yashwanthgunapatiqa.globalcomponents.Wrapper.tearDown(Wrapper.java:58)
at yashwanthgunapatiqa.globalcomponents.Wrapper.quitBrowser(Wrapper.java:49)
at yashwanthgunapatiqa.globalcomponents.Wrapper.tearDown(Wrapper.java:58)
at yashwanthgunapatiqa.globalcomponents.Wrapper.quitBrowser(Wrapper.java:49)
at yashwanthgunapatiqa.globalcomponents.Wrapper.tearDown(Wrapper.java:58)
at yashwanthgunapatiqa.globalcomponents.Wrapper.quitBrowser(Wrapper.java:49)
at yashwanthgunapatiqa.globalcomponents.Wrapper.tearDown(Wrapper.java:58)
at yashwanthgunapatiqa.globalcomponents.Wrapper.quitBrowser(Wrapper.java:49)
at yashwanthgunapatiqa.globalcomponents.Wrapper.tearDown(Wrapper.java:58)
at yashwanthgunapatiqa.globalcomponents.Wrapper.quitBrowser(Wrapper.java:49)
at yashwanthgunapatiqa.globalcomponents.Wrapper.tearDown(Wrapper.java:58)
at yashwanthgunapatiqa.globalcomponents.Wrapper.quitBrowser(Wrapper.java:49)
at yashwanthgunapatiqa.globalcomponents.Wrapper.tearDown(Wrapper.java:58)
at yashwanthgunapatiqa.globalcomponents.Wrapper.quitBrowser(Wrapper.java:49)
at yashwanthgunapatiqa.globalcomponents.Wrapper.tearDown(Wrapper.java:58)
at yashwanthgunapatiqa.globalcomponents.Wrapper.quitBrowser(Wrapper.java:49)
at yashwanthgunapatiqa.globalcomponents.Wrapper.tearDown(Wrapper.java:58)
at yashwanthgunapatiqa.globalcomponents.Wrapper.quitBrowser(Wrapper.java:49)
at yashwanthgunapatiqa.globalcomponents.Wrapper.tearDown(Wrapper.java:58)
at yashwanthgunapatiqa.globalcomponents.Wrapper.quitBrowser(Wrapper.java:49)
at yashwanthgunapatiqa.globalcomponents.Wrapper.tearDown(Wrapper.java:58)
at yashwanthgunapatiqa.globalcomponents.Wrapper.quitBrowser(Wrapper.java:49)
at yashwanthgunapatiqa.globalcomponents.Wrapper.tearDown(Wrapper.java:58)
at yashwanthgunapatiqa.globalcomponents.Wrapper.quitBrowser(Wrapper.java:49)
at yashwanthgunapatiqa.globalcomponents.Wrapper.tearDown(Wrapper.java:58)
at yashwanthgunapatiqa.globalcomponents.Wrapper.quitBrowser(Wrapper.java:49)
at yashwanthgunapatiqa.globalcomponents.Wrapper.tearDown(Wrapper.java:58)
at yashwanthgunapatiqa.globalcomponents.Wrapper.quitBrowser(Wrapper.java:49)
at yashwanthgunapatiqa.globalcomponents.Wrapper.tearDown(Wrapper.java:58)
at yashwanthgunapatiqa.globalcomponents.Wrapper.quitBrowser(Wrapper.java:49)
at yashwanthgunapatiqa.globalcomponents.Wrapper.tearDown(Wrapper.java:58)
at yashwanthgunapatiqa.globalcomponents.Wrapper.quitBrowser(Wrapper.java:49)
at yashwanthgunapatiqa.globalcomponents.Wrapper.tearDown(Wrapper.java:58)
at yashwanthgunapatiqa.globalcomponents.Wrapper.quitBrowser(Wrapper.java:49)
at yashwanthgunapatiqa.globalcomponents.Wrapper.tearDown(Wrapper.java:58)
at yashwanthgunapatiqa.globalcomponents.Wrapper.quitBrowser(Wrapper.java:49)
at yashwanthgunapatiqa.globalcomponents.Wrapper.tearDown(Wrapper.java:58)
at yashwanthgunapatiqa.globalcomponents.Wrapper.quitBrowser(Wrapper.java:49)
at yashwanthgunapatiqa.globalcomponents.Wrapper.tearDown(Wrapper.java:58)
at yashwanthgunapatiqa.globalcomponents.Wrapper.quitBrowser(Wrapper.java:49)
at yashwanthgunapatiqa.globalcomponents.Wrapper.tearDown(Wrapper.java:58)
at yashwanthgunapatiqa.globalcomponents.Wrapper.quitBrowser(Wrapper.java:49)
at yashwanthgunapatiqa.globalcomponents.Wrapper.tearDown(Wrapper.java:58)
at yashwanthgunapatiqa.globalcomponents.Wrapper.quitBrowser(Wrapper.java:49)
at yashwanthgunapatiqa.globalcomponents.Wrapper.tearDown(Wrapper.java:58)
at yashwanthgunapatiqa.globalcomponents.Wrapper.quitBrowser(Wrapper.java:49)
at yashwanthgunapatiqa.globalcomponents.Wrapper.tearDown(Wrapper.java:58)
at yashwanthgunapatiqa.globalcomponents.Wrapper.quitBrowser(Wrapper.java:49)
at yashwanthgunapatiqa.globalcomponents.Wrapper.tearDown(Wrapper.java:58)
at yashwanthgunapatiqa.globalcomponents.Wrapper.quitBrowser(Wrapper.java:49)
at yashwanthgunapatiqa.globalcomponents.Wrapper.tearDown(Wrapper.java:58)
at yashwanthgunapatiqa.globalcomponents.Wrapper.quitBrowser(Wrapper.java:49)
at yashwanthgunapatiqa.globalcomponents.Wrapper.tearDown(Wrapper.java:58)
at yashwanthgunapatiqa.globalcomponents.Wrapper.quitBrowser(Wrapper.java:49)
at yashwanthgunapatiqa.globalcomponents.Wrapper.tearDown(Wrapper.java:58)
at yashwanthgunapatiqa.globalcomponents.Wrapper.quitBrowser(Wrapper.java:49)
at yashwanthgunapatiqa.globalcomponents.Wrapper.tearDown(Wrapper.java:58)
at yashwanthgunapatiqa.globalcomponents.Wrapper.quitBrowser(Wrapper.java:49)
at yashwanthgunapatiqa.globalcomponents.Wrapper.tearDown(Wrapper.java:58)
at yashwanthgunapatiqa.globalcomponents.Wrapper.quitBrowser(Wrapper.java:49)
at yashwanthgunapatiqa.globalcomponents.Wrapper.tearDown(Wrapper.java:58)
at yashwanthgunapatiqa.globalcomponents.Wrapper.quitBrowser(Wrapper.java:49)
at yashwanthgunapatiqa.globalcomponents.Wrapper.tearDown(Wrapper.java:58)
at yashwanthgunapatiqa.globalcomponents.Wrapper.quitBrowser(Wrapper.java:49)
at yashwanthgunapatiqa.globalcomponents.Wrapper.tearDown(Wrapper.java:58)
at yashwanthgunapatiqa.globalcomponents.Wrapper.quitBrowser(Wrapper.java:49)
at yashwanthgunapatiqa.globalcomponents.Wrapper.tearDown(Wrapper.java:58)
at yashwanthgunapatiqa.globalcomponents.Wrapper.quitBrowser(Wrapper.java:49)
at yashwanthgunapatiqa.globalcomponents.Wrapper.tearDown(Wrapper.java:58)
at yashwanthgunapatiqa.globalcomponents.Wrapper.quitBrowser(Wrapper.java:49)
at yashwanthgunapatiqa.globalcomponents.Wrapper.tearDown(Wrapper.java:58)
at yashwanthgunapatiqa.globalcomponents.Wrapper.quitBrowser(Wrapper.java:49)
at yashwanthgunapatiqa.globalcomponents.Wrapper.tearDown(Wrapper.java:58)
at yashwanthgunapatiqa.globalcomponents.Wrapper.quitBrowser(Wrapper.java:49)
at yashwanthgunapatiqa.globalcomponents.Wrapper.tearDown(Wrapper.java:58)
at yashwanthgunapatiqa.globalcomponents.Wrapper.quitBrowser(Wrapper.java:49)
at yashwanthgunapatiqa.globalcomponents.Wrapper.tearDown(Wrapper.java:58)
at yashwanthgunapatiqa.globalcomponents.Wrapper.quitBrowser(Wrapper.java:49)
at yashwanthgunapatiqa.globalcomponents.Wrapper.tearDown(Wrapper.java:58)
at yashwanthgunapatiqa.globalcomponents.Wrapper.quitBrowser(Wrapper.java:49)
at yashwanthgunapatiqa.globalcomponents.Wrapper.tearDown(Wrapper.java:58)
at yashwanthgunapatiqa.globalcomponents.Wrapper.quitBrowser(Wrapper.java:49)
at yashwanthgunapatiqa.globalcomponents.Wrapper.tearDown(Wrapper.java:58)
at yashwanthgunapatiqa.globalcomponents.Wrapper.quitBrowser(Wrapper.java:49)
at yashwanthgunapatiqa.globalcomponents.Wrapper.tearDown(Wrapper.java:58)
at yashwanthgunapatiqa.globalcomponents.Wrapper.quitBrowser(Wrapper.java:49)
at yashwanthgunapatiqa.globalcomponents.Wrapper.tearDown(Wrapper.java:58)
at yashwanthgunapatiqa.globalcomponents.Wrapper.quitBrowser(Wrapper.java:49)
at yashwanthgunapatiqa.globalcomponents.Wrapper.tearDown(Wrapper.java:58)
at yashwanthgunapatiqa.globalcomponents.Wrapper.quitBrowser(Wrapper.java:49)
at yashwanthgunapatiqa.globalcomponents.Wrapper.tearDown(Wrapper.java:58)
at yashwanthgunapatiqa.globalcomponents.Wrapper.quitBrowser(Wrapper.java:49)
at yashwanthgunapatiqa.globalcomponents.Wrapper.tearDown(Wrapper.java:58)
at yashwanthgunapatiqa.globalcomponents.Wrapper.quitBrowser(Wrapper.java:49)
at yashwanthgunapatiqa.globalcomponents.Wrapper.tearDown(Wrapper.java:58)
at yashwanthgunapatiqa.globalcomponents.Wrapper.quitBrowser(Wrapper.java:49)
at yashwanthgunapatiqa.globalcomponents.Wrapper.tearDown(Wrapper.java:58)
at yashwanthgunapatiqa.globalcomponents.Wrapper.quitBrowser(Wrapper.java:49)
at yashwanthgunapatiqa.globalcomponents.Wrapper.tearDown(Wrapper.java:58)
at yashwanthgunapatiqa.globalcomponents.Wrapper.quitBrowser(Wrapper.java:49)
at yashwanthgunapatiqa.globalcomponents.Wrapper.tearDown(Wrapper.java:58)
at yashwanthgunapatiqa.globalcomponents.Wrapper.quitBrowser(Wrapper.java:49)
at yashwanthgunapatiqa.globalcomponents.Wrapper.tearDown(Wrapper.java:58)
at yashwanthgunapatiqa.globalcomponents.Wrapper.quitBrowser(Wrapper.java:49)
at yashwanthgunapatiqa.globalcomponents.Wrapper.tearDown(Wrapper.java:58)
at yashwanthgunapatiqa.globalcomponents.Wrapper.quitBrowser(Wrapper.java:49)
at yashwanthgunapatiqa.globalcomponents.Wrapper.tearDown(Wrapper.java:58)
at yashwanthgunapatiqa.globalcomponents.Wrapper.quitBrowser(Wrapper.java:49)
at yashwanthgunapatiqa.globalcomponents.Wrapper.tearDown(Wrapper.java:58)
at yashwanthgunapatiqa.globalcomponents.Wrapper.quitBrowser(Wrapper.java:49)
at yashwanthgunapatiqa.globalcomponents.Wrapper.tearDown(Wrapper.java:58)
at yashwanthgunapatiqa.globalcomponents.Wrapper.quitBrowser(Wrapper.java:49)
at yashwanthgunapatiqa.globalcomponents.Wrapper.tearDown(Wrapper.java:58)
at yashwanthgunapatiqa.globalcomponents.Wrapper.quitBrowser(Wrapper.java:49)
at yashwanthgunapatiqa.globalcomponents.Wrapper.tearDown(Wrapper.java:58)
at yashwanthgunapatiqa.globalcomponents.Wrapper.quitBrowser(Wrapper.java:49)
at yashwanthgunapatiqa.globalcomponents.Wrapper.tearDown(Wrapper.java:58)
at yashwanthgunapatiqa.globalcomponents.Wrapper.quitBrowser(Wrapper.java:49)
at yashwanthgunapatiqa.globalcomponents.Wrapper.tearDown(Wrapper.java:58)
at yashwanthgunapatiqa.globalcomponents.Wrapper.quitBrowser(Wrapper.java:49)
at yashwanthgunapatiqa.globalcomponents.Wrapper.tearDown(Wrapper.java:58)
at yashwanthgunapatiqa.globalcomponents.Wrapper.quitBrowser(Wrapper.java:49)
at yashwanthgunapatiqa.globalcomponents.Wrapper.tearDown(Wrapper.java:58)
at yashwanthgunapatiqa.globalcomponents.Wrapper.quitBrowser(Wrapper.java:49)
at yashwanthgunapatiqa.globalcomponents.Wrapper.tearDown(Wrapper.java:58)
at yashwanthgunapatiqa.globalcomponents.Wrapper.quitBrowser(Wrapper.java:49)
at yashwanthgunapatiqa.globalcomponents.Wrapper.tearDown(Wrapper.java:58)
at yashwanthgunapatiqa.globalcomponents.Wrapper.quitBrowser(Wrapper.java:49)
at yashwanthgunapatiqa.globalcomponents.Wrapper.tearDown(Wrapper.java:58)
at yashwanthgunapatiqa.globalcomponents.Wrapper.quitBrowser(Wrapper.java:49)
at yashwanthgunapatiqa.globalcomponents.Wrapper.tearDown(Wrapper.java:58)
at yashwanthgunapatiqa.globalcomponents.Wrapper.quitBrowser(Wrapper.java:49)
at yashwanthgunapatiqa.globalcomponents.Wrapper.tearDown(Wrapper.java:58)
at yashwanthgunapatiqa.globalcomponents.Wrapper.quitBrowser(Wrapper.java:49)
at yashwanthgunapatiqa.globalcomponents.Wrapper.tearDown(Wrapper.java:58)
at yashwanthgunapatiqa.globalcomponents.Wrapper.quitBrowser(Wrapper.java:49)
at yashwanthgunapatiqa.globalcomponents.Wrapper.tearDown(Wrapper.java:58)
at yashwanthgunapatiqa.globalcomponents.Wrapper.quitBrowser(Wrapper.java:49)
at yashwanthgunapatiqa.globalcomponents.Wrapper.tearDown(Wrapper.java:58)
at yashwanthgunapatiqa.globalcomponents.Wrapper.quitBrowser(Wrapper.java:49)
at yashwanthgunapatiqa.globalcomponents.Wrapper.tearDown(Wrapper.java:58)
at yashwanthgunapatiqa.globalcomponents.Wrapper.quitBrowser(Wrapper.java:49)
at yashwanthgunapatiqa.globalcomponents.Wrapper.tearDown(Wrapper.java:58)
at yashwanthgunapatiqa.globalcomponents.Wrapper.quitBrowser(Wrapper.java:49)
at yashwanthgunapatiqa.globalcomponents.Wrapper.tearDown(Wrapper.java:58)
at yashwanthgunapatiqa.globalcomponents.Wrapper.quitBrowser(Wrapper.java:49)
at yashwanthgunapatiqa.globalcomponents.Wrapper.tearDown(Wrapper.java:58)
at yashwanthgunapatiqa.globalcomponents.Wrapper.quitBrowser(Wrapper.java:49)
at yashwanthgunapatiqa.globalcomponents.Wrapper.tearDown(Wrapper.java:58)
at yashwanthgunapatiqa.globalcomponents.Wrapper.quitBrowser(Wrapper.java:49)
at yashwanthgunapatiqa.globalcomponents.Wrapper.tearDown(Wrapper.java:58)
at yashwanthgunapatiqa.globalcomponents.Wrapper.quitBrowser(Wrapper.java:49)
at yashwanthgunapatiqa.globalcomponents.Wrapper.tearDown(Wrapper.java:58)
at yashwanthgunapatiqa.globalcomponents.Wrapper.quitBrowser(Wrapper.java:49)
at yashwanthgunapatiqa.globalcomponents.Wrapper.tearDown(Wrapper.java:58)
at yashwanthgunapatiqa.globalcomponents.Wrapper.quitBrowser(Wrapper.java:49)
at yashwanthgunapatiqa.globalcomponents.Wrapper.tearDown(Wrapper.java:58)
at yashwanthgunapatiqa.globalcomponents.Wrapper.quitBrowser(Wrapper.java:49)
at yashwanthgunapatiqa.globalcomponents.Wrapper.tearDown(Wrapper.java:58)
at yashwanthgunapatiqa.globalcomponents.Wrapper.quitBrowser(Wrapper.java:49)
at yashwanthgunapatiqa.globalcomponents.Wrapper.tearDown(Wrapper.java:58)
at yashwanthgunapatiqa.globalcomponents.Wrapper.quitBrowser(Wrapper.java:49)
at yashwanthgunapatiqa.globalcomponents.Wrapper.tearDown(Wrapper.java:58)
at yashwanthgunapatiqa.globalcomponents.Wrapper.quitBrowser(Wrapper.java:49)
at yashwanthgunapatiqa.globalcomponents.Wrapper.tearDown(Wrapper.java:58)
at yashwanthgunapatiqa.globalcomponents.Wrapper.quitBrowser(Wrapper.java:49)
at yashwanthgunapatiqa.globalcomponents.Wrapper.tearDown(Wrapper.java:58)
at yashwanthgunapatiqa.globalcomponents.Wrapper.quitBrowser(Wrapper.java:49)
at yashwanthgunapatiqa.globalcomponents.Wrapper.tearDown(Wrapper.java:58)
at yashwanthgunapatiqa.globalcomponents.Wrapper.quitBrowser(Wrapper.java:49)
at yashwanthgunapatiqa.globalcomponents.Wrapper.tearDown(Wrapper.java:58)
at yashwanthgunapatiqa.globalcomponents.Wrapper.quitBrowser(Wrapper.java:49)
at yashwanthgunapatiqa.globalcomponents.Wrapper.tearDown(Wrapper.java:58)
at yashwanthgunapatiqa.globalcomponents.Wrapper.quitBrowser(Wrapper.java:49)
at yashwanthgunapatiqa.globalcomponents.Wrapper.tearDown(Wrapper.java:58)
at yashwanthgunapatiqa.globalcomponents.Wrapper.quitBrowser(Wrapper.java:49)
at yashwanthgunapatiqa.globalcomponents.Wrapper.tearDown(Wrapper.java:58)
at yashwanthgunapatiqa.globalcomponents.Wrapper.quitBrowser(Wrapper.java:49)
at yashwanthgunapatiqa.globalcomponents.Wrapper.tearDown(Wrapper.java:58)
at yashwanthgunapatiqa.globalcomponents.Wrapper.quitBrowser(Wrapper.java:49)
at yashwanthgunapatiqa.globalcomponents.Wrapper.tearDown(Wrapper.java:58)
at yashwanthgunapatiqa.globalcomponents.Wrapper.quitBrowser(Wrapper.java:49)
at yashwanthgunapatiqa.globalcomponents.Wrapper.tearDown(Wrapper.java:58)
at yashwanthgunapatiqa.globalcomponents.Wrapper.quitBrowser(Wrapper.java:49)
at yashwanthgunapatiqa.globalcomponents.Wrapper.tearDown(Wrapper.java:58)
at yashwanthgunapatiqa.globalcomponents.Wrapper.quitBrowser(Wrapper.java:49)
at yashwanthgunapatiqa.globalcomponents.Wrapper.tearDown(Wrapper.java:58)
at yashwanthgunapatiqa.globalcomponents.Wrapper.quitBrowser(Wrapper.java:49)
at yashwanthgunapatiqa.globalcomponents.Wrapper.tearDown(Wrapper.java:58)
at yashwanthgunapatiqa.globalcomponents.Wrapper.quitBrowser(Wrapper.java:49)
at yashwanthgunapatiqa.globalcomponents.Wrapper.tearDown(Wrapper.java:58)
at yashwanthgunapatiqa.globalcomponents.Wrapper.quitBrowser(Wrapper.java:49)
at yashwanthgunapatiqa.globalcomponents.Wrapper.tearDown(Wrapper.java:58)
at yashwanthgunapatiqa.globalcomponents.Wrapper.quitBrowser(Wrapper.java:49)
at yashwanthgunapatiqa.globalcomponents.Wrapper.tearDown(Wrapper.java:58)
at yashwanthgunapatiqa.globalcomponents.Wrapper.quitBrowser(Wrapper.java:49)
at yashwanthgunapatiqa.globalcomponents.Wrapper.tearDown(Wrapper.java:58)
at yashwanthgunapatiqa.globalcomponents.Wrapper.quitBrowser(Wrapper.java:49)
at yashwanthgunapatiqa.globalcomponents.Wrapper.tearDown(Wrapper.java:58)
at yashwanthgunapatiqa.globalcomponents.Wrapper.quitBrowser(Wrapper.java:49)
at yashwanthgunapatiqa.globalcomponents.Wrapper.tearDown(Wrapper.java:58)
at yashwanthgunapatiqa.globalcomponents.Wrapper.quitBrowser(Wrapper.java:49)
at yashwanthgunapatiqa.globalcomponents.Wrapper.tearDown(Wrapper.java:58)
at yashwanthgunapatiqa.globalcomponents.Wrapper.quitBrowser(Wrapper.java:49)
at yashwanthgunapatiqa.globalcomponents.Wrapper.tearDown(Wrapper.java:58)
at yashwanthgunapatiqa.globalcomponents.Wrapper.quitBrowser(Wrapper.java:49)
at yashwanthgunapatiqa.globalcomponents.Wrapper.tearDown(Wrapper.java:58)
at yashwanthgunapatiqa.globalcomponents.Wrapper.quitBrowser(Wrapper.java:49)
at yashwanthgunapatiqa.globalcomponents.Wrapper.tearDown(Wrapper.java:58)
at yashwanthgunapatiqa.globalcomponents.Wrapper.quitBrowser(Wrapper.java:49)
at yashwanthgunapatiqa.globalcomponents.Wrapper.tearDown(Wrapper.java:58)
at yashwanthgunapatiqa.globalcomponents.Wrapper.quitBrowser(Wrapper.java:49)
at yashwanthgunapatiqa.globalcomponents.Wrapper.tearDown(Wrapper.java:58)
at yashwanthgunapatiqa.globalcomponents.Wrapper.quitBrowser(Wrapper.java:49)
at yashwanthgunapatiqa.globalcomponents.Wrapper.tearDown(Wrapper.java:58)
at yashwanthgunapatiqa.globalcomponents.Wrapper.quitBrowser(Wrapper.java:49)
at yashwanthgunapatiqa.globalcomponents.Wrapper.tearDown(Wrapper.java:58)
at yashwanthgunapatiqa.globalcomponents.Wrapper.quitBrowser(Wrapper.java:49)
at yashwanthgunapatiqa.globalcomponents.Wrapper.tearDown(Wrapper.java:58)
at yashwanthgunapatiqa.globalcomponents.Wrapper.quitBrowser(Wrapper.java:49)
at yashwanthgunapatiqa.globalcomponents.Wrapper.tearDown(Wrapper.java:58)
at yashwanthgunapatiqa.globalcomponents.Wrapper.quitBrowser(Wrapper.java:49)
at yashwanthgunapatiqa.globalcomponents.Wrapper.tearDown(Wrapper.java:58)
at yashwanthgunapatiqa.globalcomponents.Wrapper.quitBrowser(Wrapper.java:49)
at yashwanthgunapatiqa.globalcomponents.Wrapper.tearDown(Wrapper.java:58)
at yashwanthgunapatiqa.globalcomponents.Wrapper.quitBrowser(Wrapper.java:49)
at yashwanthgunapatiqa.globalcomponents.Wrapper.tearDown(Wrapper.java:58)
at yashwanthgunapatiqa.globalcomponents.Wrapper.quitBrowser(Wrapper.java:49)
at yashwanthgunapatiqa.globalcomponents.Wrapper.tearDown(Wrapper.java:58)
at yashwanthgunapatiqa.globalcomponents.Wrapper.quitBrowser(Wrapper.java:49)
at yashwanthgunapatiqa.globalcomponents.Wrapper.tearDown(Wrapper.java:58)
at yashwanthgunapatiqa.globalcomponents.Wrapper.quitBrowser(Wrapper.java:49)
at yashwanthgunapatiqa.globalcomponents.Wrapper.tearDown(Wrapper.java:58)
at yashwanthgunapatiqa.globalcomponents.Wrapper.quitBrowser(Wrapper.java:49)
at yashwanthgunapatiqa.globalcomponents.Wrapper.tearDown(Wrapper.java:58)
at yashwanthgunapatiqa.globalcomponents.Wrapper.quitBrowser(Wrapper.java:49)
at yashwanthgunapatiqa.globalcomponents.Wrapper.tearDown(Wrapper.java:58)
at yashwanthgunapatiqa.globalcomponents.Wrapper.quitBrowser(Wrapper.java:49)
at yashwanthgunapatiqa.globalcomponents.Wrapper.tearDown(Wrapper.java:58)
at yashwanthgunapatiqa.globalcomponents.Wrapper.quitBrowser(Wrapper.java:49)
at yashwanthgunapatiqa.globalcomponents.Wrapper.tearDown(Wrapper.java:58)
at yashwanthgunapatiqa.globalcomponents.Wrapper.quitBrowser(Wrapper.java:49)
at yashwanthgunapatiqa.globalcomponents.Wrapper.tearDown(Wrapper.java:58)
at yashwanthgunapatiqa.globalcomponents.Wrapper.quitBrowser(Wrapper.java:49)
at yashwanthgunapatiqa.globalcomponents.Wrapper.tearDown(Wrapper.java:58)
at yashwanthgunapatiqa.globalcomponents.Wrapper.quitBrowser(Wrapper.java:49)
at yashwanthgunapatiqa.globalcomponents.Wrapper.tearDown(Wrapper.java:58)
at yashwanthgunapatiqa.globalcomponents.Wrapper.quitBrowser(Wrapper.java:49)
at yashwanthgunapatiqa.globalcomponents.Wrapper.tearDown(Wrapper.java:58)
at yashwanthgunapatiqa.globalcomponents.Wrapper.quitBrowser(Wrapper.java:49)
at yashwanthgunapatiqa.globalcomponents.Wrapper.tearDown(Wrapper.java:58)
at yashwanthgunapatiqa.globalcomponents.Wrapper.quitBrowser(Wrapper.java:49)
at yashwanthgunapatiqa.globalcomponents.Wrapper.tearDown(Wrapper.java:58)
at yashwanthgunapatiqa.globalcomponents.Wrapper.quitBrowser(Wrapper.java:49)
at yashwanthgunapatiqa.globalcomponents.Wrapper.tearDown(Wrapper.java:58)
at yashwanthgunapatiqa.globalcomponents.Wrapper.quitBrowser(Wrapper.java:49)
at yashwanthgunapatiqa.globalcomponents.Wrapper.tearDown(Wrapper.java:58)
at yashwanthgunapatiqa.globalcomponents.Wrapper.quitBrowser(Wrapper.java:49)
at yashwanthgunapatiqa.globalcomponents.Wrapper.tearDown(Wrapper.java:58)
at yashwanthgunapatiqa.globalcomponents.Wrapper.quitBrowser(Wrapper.java:49)
at yashwanthgunapatiqa.globalcomponents.Wrapper.tearDown(Wrapper.java:58)
at yashwanthgunapatiqa.globalcomponents.Wrapper.quitBrowser(Wrapper.java:49)
at yashwanthgunapatiqa.globalcomponents.Wrapper.tearDown(Wrapper.java:58)
at yashwanthgunapatiqa.globalcomponents.Wrapper.quitBrowser(Wrapper.java:49)
at yashwanthgunapatiqa.globalcomponents.Wrapper.tearDown(Wrapper.java:58)
at yashwanthgunapatiqa.globalcomponents.Wrapper.quitBrowser(Wrapper.java:49)
at yashwanthgunapatiqa.globalcomponents.Wrapper.tearDown(Wrapper.java:58)
at yashwanthgunapatiqa.globalcomponents.Wrapper.quitBrowser(Wrapper.java:49)
at yashwanthgunapatiqa.globalcomponents.Wrapper.tearDown(Wrapper.java:58)
at yashwanthgunapatiqa.globalcomponents.Wrapper.quitBrowser(Wrapper.java:49)
at yashwanthgunapatiqa.globalcomponents.Wrapper.tearDown(Wrapper.java:58)
at yashwanthgunapatiqa.globalcomponents.Wrapper.quitBrowser(Wrapper.java:49)
at yashwanthgunapatiqa.globalcomponents.Wrapper.tearDown(Wrapper.java:58)
at yashwanthgunapatiqa.globalcomponents.Wrapper.quitBrowser(Wrapper.java:49)
at yashwanthgunapatiqa.globalcomponents.Wrapper.tearDown(Wrapper.java:58)
at yashwanthgunapatiqa.globalcomponents.Wrapper.quitBrowser(Wrapper.java:49)
at yashwanthgunapatiqa.globalcomponents.Wrapper.tearDown(Wrapper.java:58)
at yashwanthgunapatiqa.globalcomponents.Wrapper.quitBrowser(Wrapper.java:49)
at yashwanthgunapatiqa.globalcomponents.Wrapper.tearDown(Wrapper.java:58)
at yashwanthgunapatiqa.globalcomponents.Wrapper.quitBrowser(Wrapper.java:49)
at yashwanthgunapatiqa.globalcomponents.Wrapper.tearDown(Wrapper.java:58)
at yashwanthgunapatiqa.globalcomponents.Wrapper.quitBrowser(Wrapper.java:49)
at yashwanthgunapatiqa.globalcomponents.Wrapper.tearDown(Wrapper.java:58)
at yashwanthgunapatiqa.globalcomponents.Wrapper.quitBrowser(Wrapper.java:49)
at yashwanthgunapatiqa.globalcomponents.Wrapper.tearDown(Wrapper.java:58)
at yashwanthgunapatiqa.globalcomponents.Wrapper.quitBrowser(Wrapper.java:49)
at yashwanthgunapatiqa.globalcomponents.Wrapper.tearDown(Wrapper.java:58)
at yashwanthgunapatiqa.globalcomponents.Wrapper.quitBrowser(Wrapper.java:49)
at yashwanthgunapatiqa.globalcomponents.Wrapper.tearDown(Wrapper.java:58)
at yashwanthgunapatiqa.globalcomponents.Wrapper.quitBrowser(Wrapper.java:49)
at yashwanthgunapatiqa.globalcomponents.Wrapper.tearDown(Wrapper.java:58)
at yashwanthgunapatiqa.globalcomponents.Wrapper.quitBrowser(Wrapper.java:49)
at yashwanthgunapatiqa.globalcomponents.Wrapper.tearDown(Wrapper.java:58)
at yashwanthgunapatiqa.globalcomponents.Wrapper.quitBrowser(Wrapper.java:49)
at yashwanthgunapatiqa.globalcomponents.Wrapper.tearDown(Wrapper.java:58)
at yashwanthgunapatiqa.globalcomponents.Wrapper.quitBrowser(Wrapper.java:49)
at yashwanthgunapatiqa.globalcomponents.Wrapper.tearDown(Wrapper.java:58)
at yashwanthgunapatiqa.globalcomponents.Wrapper.quitBrowser(Wrapper.java:49)
at yashwanthgunapatiqa.globalcomponents.Wrapper.tearDown(Wrapper.java:58)
at yashwanthgunapatiqa.globalcomponents.Wrapper.quitBrowser(Wrapper.java:49)
at yashwanthgunapatiqa.globalcomponents.Wrapper.tearDown(Wrapper.java:58)
at yashwanthgunapatiqa.globalcomponents.Wrapper.quitBrowser(Wrapper.java:49)
at yashwanthgunapatiqa.globalcomponents.Wrapper.tearDown(Wrapper.java:58)
at yashwanthgunapatiqa.globalcomponents.Wrapper.quitBrowser(Wrapper.java:49)
at yashwanthgunapatiqa.globalcomponents.Wrapper.tearDown(Wrapper.java:58)
at yashwanthgunapatiqa.globalcomponents.Wrapper.quitBrowser(Wrapper.java:49)
at yashwanthgunapatiqa.globalcomponents.Wrapper.tearDown(Wrapper.java:58)
at yashwanthgunapatiqa.globalcomponents.Wrapper.quitBrowser(Wrapper.java:49)
at yashwanthgunapatiqa.globalcomponents.Wrapper.tearDown(Wrapper.java:58)
at yashwanthgunapatiqa.globalcomponents.Wrapper.quitBrowser(Wrapper.java:49)
at yashwanthgunapatiqa.globalcomponents.Wrapper.tearDown(Wrapper.java:58)
at yashwanthgunapatiqa.globalcomponents.Wrapper.quitBrowser(Wrapper.java:49)
at yashwanthgunapatiqa.globalcomponents.Wrapper.tearDown(Wrapper.java:58)
at yashwanthgunapatiqa.globalcomponents.Wrapper.quitBrowser(Wrapper.java:49)
at yashwanthgunapatiqa.globalcomponents.Wrapper.tearDown(Wrapper.java:58)
at yashwanthgunapatiqa.globalcomponents.Wrapper.quitBrowser(Wrapper.java:49)
at yashwanthgunapatiqa.globalcomponents.Wrapper.tearDown(Wrapper.java:58)
at yashwanthgunapatiqa.globalcomponents.Wrapper.quitBrowser(Wrapper.java:49)
at yashwanthgunapatiqa.globalcomponents.Wrapper.tearDown(Wrapper.java:58)
at yashwanthgunapatiqa.globalcomponents.Wrapper.quitBrowser(Wrapper.java:49)
at yashwanthgunapatiqa.globalcomponents.Wrapper.tearDown(Wrapper.java:58)
at yashwanthgunapatiqa.globalcomponents.Wrapper.quitBrowser(Wrapper.java:49)
at yashwanthgunapatiqa.globalcomponents.Wrapper.tearDown(Wrapper.java:58)
at yashwanthgunapatiqa.globalcomponents.Wrapper.quitBrowser(Wrapper.java:49)
at yashwanthgunapatiqa.globalcomponents.Wrapper.tearDown(Wrapper.java:58)
at yashwanthgunapatiqa.globalcomponents.Wrapper.quitBrowser(Wrapper.java:49)
at yashwanthgunapatiqa.globalcomponents.Wrapper.tearDown(Wrapper.java:58)
at yashwanthgunapatiqa.globalcomponents.Wrapper.quitBrowser(Wrapper.java:49)
at yashwanthgunapatiqa.globalcomponents.Wrapper.tearDown(Wrapper.java:58)
at yashwanthgunapatiqa.globalcomponents.Wrapper.quitBrowser(Wrapper.java:49)
at yashwanthgunapatiqa.globalcomponents.Wrapper.tearDown(Wrapper.java:58)
at yashwanthgunapatiqa.globalcomponents.Wrapper.quitBrowser(Wrapper.java:49)
at yashwanthgunapatiqa.globalcomponents.Wrapper.tearDown(Wrapper.java:58)
at yashwanthgunapatiqa.globalcomponents.Wrapper.quitBrowser(Wrapper.java:49)
at yashwanthgunapatiqa.globalcomponents.Wrapper.tearDown(Wrapper.java:58)
at yashwanthgunapatiqa.globalcomponents.Wrapper.quitBrowser(Wrapper.java:49)
at yashwanthgunapatiqa.globalcomponents.Wrapper.tearDown(Wrapper.java:58)
at yashwanthgunapatiqa.globalcomponents.Wrapper.quitBrowser(Wrapper.java:49)
at yashwanthgunapatiqa.globalcomponents.Wrapper.tearDown(Wrapper.java:58)
at yashwanthgunapatiqa.globalcomponents.Wrapper.quitBrowser(Wrapper.java:49)
at yashwanthgunapatiqa.globalcomponents.Wrapper.tearDown(Wrapper.java:58)
at yashwanthgunapatiqa.globalcomponents.Wrapper.quitBrowser(Wrapper.java:49)
at yashwanthgunapatiqa.globalcomponents.Wrapper.tearDown(Wrapper.java:58)
at yashwanthgunapatiqa.globalcomponents.Wrapper.quitBrowser(Wrapper.java:49)
at yashwanthgunapatiqa.globalcomponents.Wrapper.tearDown(Wrapper.java:58)
at yashwanthgunapatiqa.globalcomponents.Wrapper.quitBrowser(Wrapper.java:49)
at yashwanthgunapatiqa.globalcomponents.Wrapper.tearDown(Wrapper.java:58)
at yashwanthgunapatiqa.globalcomponents.Wrapper.quitBrowser(Wrapper.java:49)
at yashwanthgunapatiqa.globalcomponents.Wrapper.tearDown(Wrapper.java:58)
at yashwanthgunapatiqa.globalcomponents.Wrapper.quitBrowser(Wrapper.java:49)
at yashwanthgunapatiqa.globalcomponents.Wrapper.tearDown(Wrapper.java:58)
at yashwanthgunapatiqa.globalcomponents.Wrapper.quitBrowser(Wrapper.java:49)
at yashwanthgunapatiqa.globalcomponents.Wrapper.tearDown(Wrapper.java:58)
at yashwanthgunapatiqa.globalcomponents.Wrapper.quitBrowser(Wrapper.java:49)
at yashwanthgunapatiqa.globalcomponents.Wrapper.tearDown(Wrapper.java:58)
at yashwanthgunapatiqa.globalcomponents.Wrapper.quitBrowser(Wrapper.java:49)
at yashwanthgunapatiqa.globalcomponents.Wrapper.tearDown(Wrapper.java:58)
at yashwanthgunapatiqa.globalcomponents.Wrapper.quitBrowser(Wrapper.java:49)
at yashwanthgunapatiqa.globalcomponents.Wrapper.tearDown(Wrapper.java:58)
at yashwanthgunapatiqa.globalcomponents.Wrapper.quitBrowser(Wrapper.java:49)
at yashwanthgunapatiqa.globalcomponents.Wrapper.tearDown(Wrapper.java:58)
at yashwanthgunapatiqa.globalcomponents.Wrapper.quitBrowser(Wrapper.java:49)
at yashwanthgunapatiqa.globalcomponents.Wrapper.tearDown(Wrapper.java:58)
at yashwanthgunapatiqa.globalcomponents.Wrapper.quitBrowser(Wrapper.java:49)
at yashwanthgunapatiqa.globalcomponents.Wrapper.tearDown(Wrapper.java:58)
at yashwanthgunapatiqa.globalcomponents.Wrapper.quitBrowser(Wrapper.java:49)
at yashwanthgunapatiqa.globalcomponents.Wrapper.tearDown(Wrapper.java:58)
at yashwanthgunapatiqa.globalcomponents.Wrapper.quitBrowser(Wrapper.java:49)
at yashwanthgunapatiqa.globalcomponents.Wrapper.tearDown(Wrapper.java:58)
at yashwanthgunapatiqa.globalcomponents.Wrapper.quitBrowser(Wrapper.java:49)
at yashwanthgunapatiqa.globalcomponents.Wrapper.tearDown(Wrapper.java:58)
at yashwanthgunapatiqa.globalcomponents.Wrapper.quitBrowser(Wrapper.java:49)
at yashwanthgunapatiqa.globalcomponents.Wrapper.tearDown(Wrapper.java:58)
at yashwanthgunapatiqa.globalcomponents.Wrapper.quitBrowser(Wrapper.java:49)
at yashwanthgunapatiqa.globalcomponents.Wrapper.tearDown(Wrapper.java:58)
at yashwanthgunapatiqa.globalcomponents.Wrapper.quitBrowser(Wrapper.java:49)
at yashwanthgunapatiqa.globalcomponents.Wrapper.tearDown(Wrapper.java:58)
at yashwanthgunapatiqa.globalcomponents.Wrapper.quitBrowser(Wrapper.java:49)
at yashwanthgunapatiqa.globalcomponents.Wrapper.tearDown(Wrapper.java:58)
at yashwanthgunapatiqa.globalcomponents.Wrapper.quitBrowser(Wrapper.java:49)
at yashwanthgunapatiqa.globalcomponents.Wrapper.tearDown(Wrapper.java:58)
at yashwanthgunapatiqa.globalcomponents.Wrapper.quitBrowser(Wrapper.java:49)
at yashwanthgunapatiqa.globalcomponents.Wrapper.tearDown(Wrapper.java:58)
at yashwanthgunapatiqa.globalcomponents.Wrapper.quitBrowser(Wrapper.java:49)
at yashwanthgunapatiqa.globalcomponents.Wrapper.tearDown(Wrapper.java:58)
at yashwanthgunapatiqa.globalcomponents.Wrapper.quitBrowser(Wrapper.java:49)
at yashwanthgunapatiqa.globalcomponents.Wrapper.tearDown(Wrapper.java:58)
at yashwanthgunapatiqa.globalcomponents.Wrapper.quitBrowser(Wrapper.java:49)
at yashwanthgunapatiqa.globalcomponents.Wrapper.tearDown(Wrapper.java:58)
at yashwanthgunapatiqa.globalcomponents.Wrapper.quitBrowser(Wrapper.java:49)
at yashwanthgunapatiqa.globalcomponents.Wrapper.tearDown(Wrapper.java:58)
at yashwanthgunapatiqa.globalcomponents.Wrapper.quitBrowser(Wrapper.java:49)
at yashwanthgunapatiqa.globalcomponents.Wrapper.tearDown(Wrapper.java:58)
at yashwanthgunapatiqa.globalcomponents.Wrapper.quitBrowser(Wrapper.java:49)
at yashwanthgunapatiqa.globalcomponents.Wrapper.tearDown(Wrapper.java:58)
at yashwanthgunapatiqa.globalcomponents.Wrapper.quitBrowser(Wrapper.java:49)
at yashwanthgunapatiqa.globalcomponents.Wrapper.tearDown(Wrapper.java:58)
at yashwanthgunapatiqa.globalcomponents.Wrapper.quitBrowser(Wrapper.java:49)
at yashwanthgunapatiqa.globalcomponents.Wrapper.tearDown(Wrapper.java:58)
at yashwanthgunapatiqa.globalcomponents.Wrapper.quitBrowser(Wrapper.java:49)
at yashwanthgunapatiqa.globalcomponents.Wrapper.tearDown(Wrapper.java:58)
at yashwanthgunapatiqa.globalcomponents.Wrapper.quitBrowser(Wrapper.java:49)
at yashwanthgunapatiqa.globalcomponents.Wrapper.tearDown(Wrapper.java:58)
at yashwanthgunapatiqa.globalcomponents.Wrapper.quitBrowser(Wrapper.java:49)
at yashwanthgunapatiqa.globalcomponents.Wrapper.tearDown(Wrapper.java:58)
at yashwanthgunapatiqa.globalcomponents.Wrapper.quitBrowser(Wrapper.java:49)
at yashwanthgunapatiqa.globalcomponents.Wrapper.tearDown(Wrapper.java:58)
at yashwanthgunapatiqa.globalcomponents.Wrapper.quitBrowser(Wrapper.java:49)
at yashwanthgunapatiqa.globalcomponents.Wrapper.tearDown(Wrapper.java:58)
at yashwanthgunapatiqa.globalcomponents.Wrapper.quitBrowser(Wrapper.java:49)
at yashwanthgunapatiqa.globalcomponents.Wrapper.tearDown(Wrapper.java:58)
at yashwanthgunapatiqa.globalcomponents.Wrapper.quitBrowser(Wrapper.java:49)
at yashwanthgunapatiqa.globalcomponents.Wrapper.tearDown(Wrapper.java:58)
at yashwanthgunapatiqa.globalcomponents.Wrapper.quitBrowser(Wrapper.java:49)
at yashwanthgunapatiqa.globalcomponents.Wrapper.tearDown(Wrapper.java:58)
at yashwanthgunapatiqa.globalcomponents.Wrapper.quitBrowser(Wrapper.java:49)
at yashwanthgunapatiqa.globalcomponents.Wrapper.tearDown(Wrapper.java:58)
at yashwanthgunapatiqa.globalcomponents.Wrapper.quitBrowser(Wrapper.java:49)
at yashwanthgunapatiqa.globalcomponents.Wrapper.tearDown(Wrapper.java:58)
at yashwanthgunapatiqa.globalcomponents.Wrapper.quitBrowser(Wrapper.java:49)
at yashwanthgunapatiqa.globalcomponents.Wrapper.tearDown(Wrapper.java:58)
at yashwanthgunapatiqa.globalcomponents.Wrapper.quitBrowser(Wrapper.java:49)
at yashwanthgunapatiqa.globalcomponents.Wrapper.tearDown(Wrapper.java:58)
at yashwanthgunapatiqa.globalcomponents.Wrapper.quitBrowser(Wrapper.java:49)
at yashwanthgunapatiqa.globalcomponents.Wrapper.tearDown(Wrapper.java:58)
at yashwanthgunapatiqa.globalcomponents.Wrapper.quitBrowser(Wrapper.java:49)
at yashwanthgunapatiqa.globalcomponents.Wrapper.tearDown(Wrapper.java:58)
at yashwanthgunapatiqa.globalcomponents.Wrapper.quitBrowser(Wrapper.java:49)
at yashwanthgunapatiqa.globalcomponents.Wrapper.tearDown(Wrapper.java:58)
at yashwanthgunapatiqa.globalcomponents.Wrapper.quitBrowser(Wrapper.java:49)
at yashwanthgunapatiqa.globalcomponents.Wrapper.tearDown(Wrapper.java:58)
at yashwanthgunapatiqa.globalcomponents.Wrapper.quitBrowser(Wrapper.java:49)
at yashwanthgunapatiqa.globalcomponents.Wrapper.tearDown(Wrapper.java:58)
at yashwanthgunapatiqa.globalcomponents.Wrapper.quitBrowser(Wrapper.java:49)
at yashwanthgunapatiqa.globalcomponents.Wrapper.tearDown(Wrapper.java:58)
at yashwanthgunapatiqa.globalcomponents.Wrapper.quitBrowser(Wrapper.java:49)
at yashwanthgunapatiqa.globalcomponents.Wrapper.tearDown(Wrapper.java:58)
at yashwanthgunapatiqa.globalcomponents.Wrapper.quitBrowser(Wrapper.java:49)
at yashwanthgunapatiqa.globalcomponents.Wrapper.tearDown(Wrapper.java:58)
at yashwanthgunapatiqa.globalcomponents.Wrapper.quitBrowser(Wrapper.java:49)
at yashwanthgunapatiqa.globalcomponents.Wrapper.tearDown(Wrapper.java:58)
at yashwanthgunapatiqa.globalcomponents.Wrapper.quitBrowser(Wrapper.java:49)
at yashwanthgunapatiqa.globalcomponents.Wrapper.tearDown(Wrapper.java:58)
at yashwanthgunapatiqa.globalcomponents.Wrapper.quitBrowser(Wrapper.java:49)
at yashwanthgunapatiqa.globalcomponents.Wrapper.tearDown(Wrapper.java:58)
at yashwanthgunapatiqa.globalcomponents.Wrapper.quitBrowser(Wrapper.java:49)
at yashwanthgunapatiqa.globalcomponents.Wrapper.tearDown(Wrapper.java:58)
at yashwanthgunapatiqa.globalcomponents.Wrapper.quitBrowser(Wrapper.java:49)
at yashwanthgunapatiqa.globalcomponents.Wrapper.tearDown(Wrapper.java:58)
at yashwanthgunapatiqa.globalcomponents.Wrapper.quitBrowser(Wrapper.java:49)
at yashwanthgunapatiqa.globalcomponents.Wrapper.tearDown(Wrapper.java:58)
at yashwanthgunapatiqa.globalcomponents.Wrapper.quitBrowser(Wrapper.java:49)
at yashwanthgunapatiqa.globalcomponents.Wrapper.tearDown(Wrapper.java:58)
at yashwanthgunapatiqa.globalcomponents.Wrapper.quitBrowser(Wrapper.java:49)
at yashwanthgunapatiqa.globalcomponents.Wrapper.tearDown(Wrapper.java:58)
at yashwanthgunapatiqa.globalcomponents.Wrapper.quitBrowser(Wrapper.java:49)
at yashwanthgunapatiqa.globalcomponents.Wrapper.tearDown(Wrapper.java:58)
at yashwanthgunapatiqa.globalcomponents.Wrapper.quitBrowser(Wrapper.java:49)
at yashwanthgunapatiqa.globalcomponents.Wrapper.tearDown(Wrapper.java:58)
at yashwanthgunapatiqa.globalcomponents.Wrapper.quitBrowser(Wrapper.java:49)
at yashwanthgunapatiqa.globalcomponents.Wrapper.tearDown(Wrapper.java:58)
at yashwanthgunapatiqa.globalcomponents.Wrapper.quitBrowser(Wrapper.java:49)
at yashwanthgunapatiqa.globalcomponents.Wrapper.tearDown(Wrapper.java:58)
at yashwanthgunapatiqa.globalcomponents.Wrapper.quitBrowser(Wrapper.java:49)
at yashwanthgunapatiqa.globalcomponents.Wrapper.tearDown(Wrapper.java:58)
at yashwanthgunapatiqa.globalcomponents.Wrapper.quitBrowser(Wrapper.java:49)
at yashwanthgunapatiqa.globalcomponents.Wrapper.tearDown(Wrapper.java:58)
at yashwanthgunapatiqa.globalcomponents.Wrapper.quitBrowser(Wrapper.java:49)
at yashwanthgunapatiqa.globalcomponents.Wrapper.tearDown(Wrapper.java:58)
at yashwanthgunapatiqa.globalcomponents.Wrapper.quitBrowser(Wrapper.java:49)
at yashwanthgunapatiqa.globalcomponents.Wrapper.tearDown(Wrapper.java:58)
at yashwanthgunapatiqa.globalcomponents.Wrapper.quitBrowser(Wrapper.java:49)
at yashwanthgunapatiqa.globalcomponents.Wrapper.tearDown(Wrapper.java:58)
at yashwanthgunapatiqa.globalcomponents.Wrapper.quitBrowser(Wrapper.java:49)
at yashwanthgunapatiqa.globalcomponents.Wrapper.tearDown(Wrapper.java:58)
at yashwanthgunapatiqa.globalcomponents.Wrapper.quitBrowser(Wrapper.java:49)
at yashwanthgunapatiqa.globalcomponents.Wrapper.tearDown(Wrapper.java:58)
at yashwanthgunapatiqa.globalcomponents.Wrapper.quitBrowser(Wrapper.java:49)
at yashwanthgunapatiqa.globalcomponents.Wrapper.tearDown(Wrapper.java:58)
at yashwanthgunapatiqa.globalcomponents.Wrapper.quitBrowser(Wrapper.java:49)
at yashwanthgunapatiqa.globalcomponents.Wrapper.tearDown(Wrapper.java:58)
at yashwanthgunapatiqa.globalcomponents.Wrapper.quitBrowser(Wrapper.java:49)
at yashwanthgunapatiqa.globalcomponents.Wrapper.tearDown(Wrapper.java:58)
at yashwanthgunapatiqa.globalcomponents.Wrapper.quitBrowser(Wrapper.java:49)
at yashwanthgunapatiqa.globalcomponents.Wrapper.tearDown(Wrapper.java:58)
at yashwanthgunapatiqa.globalcomponents.Wrapper.quitBrowser(Wrapper.java:49)
at yashwanthgunapatiqa.globalcomponents.Wrapper.tearDown(Wrapper.java:58)
at yashwanthgunapatiqa.globalcomponents.Wrapper.quitBrowser(Wrapper.java:49)
at yashwanthgunapatiqa.globalcomponents.Wrapper.tearDown(Wrapper.java:58)
at yashwanthgunapatiqa.globalcomponents.Wrapper.quitBrowser(Wrapper.java:49)
at yashwanthgunapatiqa.globalcomponents.Wrapper.tearDown(Wrapper.java:58)
at yashwanthgunapatiqa.globalcomponents.Wrapper.quitBrowser(Wrapper.java:49)
at yashwanthgunapatiqa.globalcomponents.Wrapper.tearDown(Wrapper.java:58)
at yashwanthgunapatiqa.globalcomponents.Wrapper.quitBrowser(Wrapper.java:49)
at yashwanthgunapatiqa.globalcomponents.Wrapper.tearDown(Wrapper.java:58)
at yashwanthgunapatiqa.globalcomponents.Wrapper.quitBrowser(Wrapper.java:49)
at yashwanthgunapatiqa.globalcomponents.Wrapper.tearDown(Wrapper.java:58)
at yashwanthgunapatiqa.globalcomponents.Wrapper.quitBrowser(Wrapper.java:49)
at yashwanthgunapatiqa.globalcomponents.Wrapper.tearDown(Wrapper.java:58)
at yashwanthgunapatiqa.globalcomponents.Wrapper.quitBrowser(Wrapper.java:49)
at yashwanthgunapatiqa.globalcomponents.Wrapper.tearDown(Wrapper.java:58)
at yashwanthgunapatiqa.globalcomponents.Wrapper.quitBrowser(Wrapper.java:49)
at yashwanthgunapatiqa.globalcomponents.Wrapper.tearDown(Wrapper.java:58)
at yashwanthgunapatiqa.globalcomponents.Wrapper.quitBrowser(Wrapper.java:49)
at yashwanthgunapatiqa.globalcomponents.Wrapper.tearDown(Wrapper.java:58)
at yashwanthgunapatiqa.globalcomponents.Wrapper.quitBrowser(Wrapper.java:49)
at yashwanthgunapatiqa.globalcomponents.Wrapper.tearDown(Wrapper.java:58)
at yashwanthgunapatiqa.globalcomponents.Wrapper.quitBrowser(Wrapper.java:49)
at yashwanthgunapatiqa.globalcomponents.Wrapper.tearDown(Wrapper.java:58)
at yashwanthgunapatiqa.globalcomponents.Wrapper.quitBrowser(Wrapper.java:49)
at yashwanthgunapatiqa.globalcomponents.Wrapper.tearDown(Wrapper.java:58)
at yashwanthgunapatiqa.globalcomponents.Wrapper.quitBrowser(Wrapper.java:49)
at yashwanthgunapatiqa.globalcomponents.Wrapper.tearDown(Wrapper.java:58)
at yashwanthgunapatiqa.globalcomponents.Wrapper.quitBrowser(Wrapper.java:49)
at yashwanthgunapatiqa.globalcomponents.Wrapper.tearDown(Wrapper.java:58)
at yashwanthgunapatiqa.globalcomponents.Wrapper.quitBrowser(Wrapper.java:49)
at yashwanthgunapatiqa.globalcomponents.Wrapper.tearDown(Wrapper.java:58)
at yashwanthgunapatiqa.globalcomponents.Wrapper.quitBrowser(Wrapper.java:49)
at yashwanthgunapatiqa.globalcomponents.Wrapper.tearDown(Wrapper.java:58)
at yashwanthgunapatiqa.globalcomponents.Wrapper.quitBrowser(Wrapper.java:49)
at yashwanthgunapatiqa.globalcomponents.Wrapper.tearDown(Wrapper.java:58)
at yashwanthgunapatiqa.globalcomponents.Wrapper.quitBrowser(Wrapper.java:49)
at yashwanthgunapatiqa.globalcomponents.Wrapper.tearDown(Wrapper.java:58)
at yashwanthgunapatiqa.globalcomponents.Wrapper.quitBrowser(Wrapper.java:49)
at yashwanthgunapatiqa.globalcomponents.Wrapper.tearDown(Wrapper.java:58)
at yashwanthgunapatiqa.globalcomponents.Wrapper.quitBrowser(Wrapper.java:49)
at yashwanthgunapatiqa.globalcomponents.Wrapper.tearDown(Wrapper.java:58)
at yashwanthgunapatiqa.globalcomponents.Wrapper.quitBrowser(Wrapper.java:49)
at yashwanthgunapatiqa.globalcomponents.Wrapper.tearDown(Wrapper.java:58)
at yashwanthgunapatiqa.globalcomponents.Wrapper.quitBrowser(Wrapper.java:49)
at yashwanthgunapatiqa.globalcomponents.Wrapper.tearDown(Wrapper.java:58)
at yashwanthgunapatiqa.globalcomponents.Wrapper.quitBrowser(Wrapper.java:49)
at yashwanthgunapatiqa.globalcomponents.Wrapper.tearDown(Wrapper.java:58)
at yashwanthgunapatiqa.globalcomponents.Wrapper.quitBrowser(Wrapper.java:49)
at yashwanthgunapatiqa.globalcomponents.Wrapper.tearDown(Wrapper.java:58)
at yashwanthgunapatiqa.globalcomponents.Wrapper.quitBrowser(Wrapper.java:49)
at yashwanthgunapatiqa.globalcomponents.Wrapper.tearDown(Wrapper.java:58)
at yashwanthgunapatiqa.globalcomponents.Wrapper.quitBrowser(Wrapper.java:49)
at yashwanthgunapatiqa.globalcomponents.Wrapper.tearDown(Wrapper.java:58)
at yashwanthgunapatiqa.globalcomponents.Wrapper.quitBrowser(Wrapper.java:49)
at yashwanthgunapatiqa.globalcomponents.Wrapper.tearDown(Wrapper.java:58)
at yashwanthgunapatiqa.globalcomponents.Wrapper.quitBrowser(Wrapper.java:49)
at yashwanthgunapatiqa.globalcomponents.Wrapper.tearDown(Wrapper.java:58)
at yashwanthgunapatiqa.globalcomponents.Wrapper.quitBrowser(Wrapper.java:49)
at yashwanthgunapatiqa.globalcomponents.Wrapper.tearDown(Wrapper.java:58)
at yashwanthgunapatiqa.globalcomponents.Wrapper.quitBrowser(Wrapper.java:49)
at yashwanthgunapatiqa.globalcomponents.Wrapper.tearDown(Wrapper.java:58)
at yashwanthgunapatiqa.globalcomponents.Wrapper.quitBrowser(Wrapper.java:49)
at yashwanthgunapatiqa.globalcomponents.Wrapper.tearDown(Wrapper.java:58)
at yashwanthgunapatiqa.globalcomponents.Wrapper.quitBrowser(Wrapper.java:49)
at yashwanthgunapatiqa.globalcomponents.Wrapper.tearDown(Wrapper.java:58)
at yashwanthgunapatiqa.globalcomponents.Wrapper.quitBrowser(Wrapper.java:49)
at yashwanthgunapatiqa.globalcomponents.Wrapper.tearDown(Wrapper.java:58)
at yashwanthgunapatiqa.globalcomponents.Wrapper.quitBrowser(Wrapper.java:49)
at yashwanthgunapatiqa.globalcomponents.Wrapper.tearDown(Wrapper.java:58)
at yashwanthgunapatiqa.globalcomponents.Wrapper.quitBrowser(Wrapper.java:49)
at yashwanthgunapatiqa.globalcomponents.Wrapper.tearDown(Wrapper.java:58)
at yashwanthgunapatiqa.globalcomponents.Wrapper.quitBrowser(Wrapper.java:49)
at yashwanthgunapatiqa.globalcomponents.Wrapper.tearDown(Wrapper.java:58)
at yashwanthgunapatiqa.globalcomponents.Wrapper.quitBrowser(Wrapper.java:49)
at yashwanthgunapatiqa.globalcomponents.Wrapper.tearDown(Wrapper.java:58)
at yashwanthgunapatiqa.globalcomponents.Wrapper.quitBrowser(Wrapper.java:49)
at yashwanthgunapatiqa.globalcomponents.Wrapper.tearDown(Wrapper.java:58)
at yashwanthgunapatiqa.globalcomponents.Wrapper.quitBrowser(Wrapper.java:49)
at yashwanthgunapatiqa.globalcomponents.Wrapper.tearDown(Wrapper.java:58)
at yashwanthgunapatiqa.globalcomponents.Wrapper.quitBrowser(Wrapper.java:49)
at yashwanthgunapatiqa.globalcomponents.Wrapper.tearDown(Wrapper.java:58)
at yashwanthgunapatiqa.globalcomponents.Wrapper.quitBrowser(Wrapper.java:49)
at yashwanthgunapatiqa.globalcomponents.Wrapper.tearDown(Wrapper.java:58)
at yashwanthgunapatiqa.globalcomponents.Wrapper.quitBrowser(Wrapper.java:49)
at yashwanthgunapatiqa.globalcomponents.Wrapper.tearDown(Wrapper.java:58)
at yashwanthgunapatiqa.globalcomponents.Wrapper.quitBrowser(Wrapper.java:49)
at yashwanthgunapatiqa.globalcomponents.Wrapper.tearDown(Wrapper.java:58)
at yashwanthgunapatiqa.globalcomponents.Wrapper.quitBrowser(Wrapper.java:49)
at yashwanthgunapatiqa.globalcomponents.Wrapper.tearDown(Wrapper.java:58)
at yashwanthgunapatiqa.globalcomponents.Wrapper.quitBrowser(Wrapper.java:49)
at yashwanthgunapatiqa.globalcomponents.Wrapper.tearDown(Wrapper.java:58)
at yashwanthgunapatiqa.globalcomponents.Wrapper.quitBrowser(Wrapper.java:49)
at yashwanthgunapatiqa.globalcomponents.Wrapper.tearDown(Wrapper.java:58)
at yashwanthgunapatiqa.globalcomponents.Wrapper.quitBrowser(Wrapper.java:49)
at yashwanthgunapatiqa.globalcomponents.Wrapper.tearDown(Wrapper.java:58)
at yashwanthgunapatiqa.globalcomponents.Wrapper.quitBrowser(Wrapper.java:49)
at yashwanthgunapatiqa.globalcomponents.Wrapper.tearDown(Wrapper.java:58)
at yashwanthgunapatiqa.globalcomponents.Wrapper.quitBrowser(Wrapper.java:49)
at yashwanthgunapatiqa.globalcomponents.Wrapper.tearDown(Wrapper.java:58)
at yashwanthgunapatiqa.globalcomponents.Wrapper.quitBrowser(Wrapper.java:49)
at yashwanthgunapatiqa.globalcomponents.Wrapper.tearDown(Wrapper.java:58)
at yashwanthgunapatiqa.globalcomponents.Wrapper.quitBrowser(Wrapper.java:49)
at yashwanthgunapatiqa.globalcomponents.Wrapper.tearDown(Wrapper.java:58)
at yashwanthgunapatiqa.globalcomponents.Wrapper.quitBrowser(Wrapper.java:49)
at yashwanthgunapatiqa.globalcomponents.Wrapper.tearDown(Wrapper.java:58)
at yashwanthgunapatiqa.globalcomponents.Wrapper.quitBrowser(Wrapper.java:49)
at yashwanthgunapatiqa.globalcomponents.Wrapper.tearDown(Wrapper.java:58)
at yashwanthgunapatiqa.globalcomponents.Wrapper.quitBrowser(Wrapper.java:49)
at yashwanthgunapatiqa.globalcomponents.Wrapper.tearDown(Wrapper.java:58)
at yashwanthgunapatiqa.globalcomponents.Wrapper.quitBrowser(Wrapper.java:49)
at yashwanthgunapatiqa.globalcomponents.Wrapper.tearDown(Wrapper.java:58)
at yashwanthgunapatiqa.globalcomponents.Wrapper.quitBrowser(Wrapper.java:49)
at yashwanthgunapatiqa.globalcomponents.Wrapper.tearDown(Wrapper.java:58)
at yashwanthgunapatiqa.globalcomponents.Wrapper.quitBrowser(Wrapper.java:49)
at yashwanthgunapatiqa.globalcomponents.Wrapper.tearDown(Wrapper.java:58)
at yashwanthgunapatiqa.globalcomponents.Wrapper.quitBrowser(Wrapper.java:49)
at yashwanthgunapatiqa.globalcomponents.Wrapper.tearDown(Wrapper.java:58)
at yashwanthgunapatiqa.globalcomponents.Wrapper.quitBrowser(Wrapper.java:49)
at yashwanthgunapatiqa.globalcomponents.Wrapper.tearDown(Wrapper.java:58)
at yashwanthgunapatiqa.globalcomponents.Wrapper.quitBrowser(Wrapper.java:49)
at yashwanthgunapatiqa.globalcomponents.Wrapper.tearDown(Wrapper.java:58)
at yashwanthgunapatiqa.globalcomponents.Wrapper.quitBrowser(Wrapper.java:49)
at yashwanthgunapatiqa.globalcomponents.Wrapper.tearDown(Wrapper.java:58)
at yashwanthgunapatiqa.globalcomponents.Wrapper.quitBrowser(Wrapper.java:49)
at yashwanthgunapatiqa.globalcomponents.Wrapper.tearDown(Wrapper.java:58)
at yashwanthgunapatiqa.globalcomponents.Wrapper.quitBrowser(Wrapper.java:49)
at yashwanthgunapatiqa.globalcomponents.Wrapper.tearDown(Wrapper.java:58)
at yashwanthgunapatiqa.globalcomponents.Wrapper.quitBrowser(Wrapper.java:49)
at yashwanthgunapatiqa.globalcomponents.Wrapper.tearDown(Wrapper.java:58)
at yashwanthgunapatiqa.globalcomponents.Wrapper.quitBrowser(Wrapper.java:49)
at yashwanthgunapatiqa.globalcomponents.Wrapper.tearDown(Wrapper.java:58)
at yashwanthgunapatiqa.globalcomponents.Wrapper.quitBrowser(Wrapper.java:49)
at yashwanthgunapatiqa.globalcomponents.Wrapper.tearDown(Wrapper.java:58)
at yashwanthgunapatiqa.globalcomponents.Wrapper.quitBrowser(Wrapper.java:49)
at yashwanthgunapatiqa.globalcomponents.Wrapper.tearDown(Wrapper.java:58)
at yashwanthgunapatiqa.globalcomponents.Wrapper.quitBrowser(Wrapper.java:49)
at yashwanthgunapatiqa.globalcomponents.Wrapper.tearDown(Wrapper.java:58)
at yashwanthgunapatiqa.globalcomponents.Wrapper.quitBrowser(Wrapper.java:49)
at yashwanthgunapatiqa.globalcomponents.Wrapper.tearDown(Wrapper.java:58)
at yashwanthgunapatiqa.globalcomponents.Wrapper.quitBrowser(Wrapper.java:49)
at yashwanthgunapatiqa.globalcomponents.Wrapper.tearDown(Wrapper.java:58)
at yashwanthgunapatiqa.globalcomponents.Wrapper.quitBrowser(Wrapper.java:49)
at yashwanthgunapatiqa.globalcomponents.Wrapper.tearDown(Wrapper.java:58)
at yashwanthgunapatiqa.globalcomponents.Wrapper.quitBrowser(Wrapper.java:49)
at yashwanthgunapatiqa.globalcomponents.Wrapper.tearDown(Wrapper.java:58)
at yashwanthgunapatiqa.globalcomponents.Wrapper.quitBrowser(Wrapper.java:49)
at yashwanthgunapatiqa.globalcomponents.Wrapper.tearDown(Wrapper.java:58)
at yashwanthgunapatiqa.globalcomponents.Wrapper.quitBrowser(Wrapper.java:49)
at yashwanthgunapatiqa.globalcomponents.Wrapper.tearDown(Wrapper.java:58)
at yashwanthgunapatiqa.globalcomponents.Wrapper.quitBrowser(Wrapper.java:49)
at yashwanthgunapatiqa.globalcomponents.Wrapper.tearDown(Wrapper.java:58)
at yashwanthgunapatiqa.globalcomponents.Wrapper.quitBrowser(Wrapper.java:49)
at yashwanthgunapatiqa.globalcomponents.Wrapper.tearDown(Wrapper.java:58)
at yashwanthgunapatiqa.globalcomponents.Wrapper.quitBrowser(Wrapper.java:49)
at yashwanthgunapatiqa.globalcomponents.Wrapper.tearDown(Wrapper.java:58)
at yashwanthgunapatiqa.globalcomponents.Wrapper.quitBrowser(Wrapper.java:49)
at yashwanthgunapatiqa.globalcomponents.Wrapper.tearDown(Wrapper.java:58)
at yashwanthgunapatiqa.globalcomponents.Wrapper.quitBrowser(Wrapper.java:49)
at yashwanthgunapatiqa.globalcomponents.Wrapper.tearDown(Wrapper.java:58)
at yashwanthgunapatiqa.globalcomponents.Wrapper.quitBrowser(Wrapper.java:49)
at yashwanthgunapatiqa.globalcomponents.Wrapper.tearDown(Wrapper.java:58)
at yashwanthgunapatiqa.globalcomponents.Wrapper.quitBrowser(Wrapper.java:49)
at yashwanthgunapatiqa.globalcomponents.Wrapper.tearDown(Wrapper.java:58)
at yashwanthgunapatiqa.globalcomponents.Wrapper.quitBrowser(Wrapper.java:49)
at yashwanthgunapatiqa.globalcomponents.Wrapper.tearDown(Wrapper.java:58)
at yashwanthgunapatiqa.globalcomponents.Wrapper.quitBrowser(Wrapper.java:49)
at yashwanthgunapatiqa.globalcomponents.Wrapper.tearDown(Wrapper.java:58)
at yashwanthgunapatiqa.globalcomponents.Wrapper.quitBrowser(Wrapper.java:49)
at yashwanthgunapatiqa.globalcomponents.Wrapper.tearDown(Wrapper.java:58)
at yashwanthgunapatiqa.globalcomponents.Wrapper.quitBrowser(Wrapper.java:49)
at yashwanthgunapatiqa.globalcomponents.Wrapper.tearDown(Wrapper.java:58)
at yashwanthgunapatiqa.globalcomponents.Wrapper.quitBrowser(Wrapper.java:49)
at yashwanthgunapatiqa.globalcomponents.Wrapper.tearDown(Wrapper.java:58)
at yashwanthgunapatiqa.globalcomponents.Wrapper.quitBrowser(Wrapper.java:49)
at yashwanthgunapatiqa.globalcomponents.Wrapper.tearDown(Wrapper.java:58)
at yashwanthgunapatiqa.globalcomponents.Wrapper.quitBrowser(Wrapper.java:49)
at yashwanthgunapatiqa.globalcomponents.Wrapper.tearDown(Wrapper.java:58)
at yashwanthgunapatiqa.globalcomponents.Wrapper.quitBrowser(Wrapper.java:49)
at yashwanthgunapatiqa.globalcomponents.Wrapper.tearDown(Wrapper.java:58)
at yashwanthgunapatiqa.globalcomponents.Wrapper.quitBrowser(Wrapper.java:49)
at yashwanthgunapatiqa.globalcomponents.Wrapper.tearDown(Wrapper.java:58)
at yashwanthgunapatiqa.globalcomponents.Wrapper.quitBrowser(Wrapper.java:49)
at yashwanthgunapatiqa.globalcomponents.Wrapper.tearDown(Wrapper.java:58)
at yashwanthgunapatiqa.globalcomponents.Wrapper.quitBrowser(Wrapper.java:49)
at yashwanthgunapatiqa.globalcomponents.Wrapper.tearDown(Wrapper.java:58)
at yashwanthgunapatiqa.globalcomponents.Wrapper.quitBrowser(Wrapper.java:49)
at yashwanthgunapatiqa.globalcomponents.Wrapper.tearDown(Wrapper.java:58)
at yashwanthgunapatiqa.globalcomponents.Wrapper.quitBrowser(Wrapper.java:49)
at yashwanthgunapatiqa.globalcomponents.Wrapper.tearDown(Wrapper.java:58)
at yashwanthgunapatiqa.globalcomponents.Wrapper.quitBrowser(Wrapper.java:49)
at yashwanthgunapatiqa.globalcomponents.Wrapper.tearDown(Wrapper.java:58)
at yashwanthgunapatiqa.globalcomponents.Wrapper.quitBrowser(Wrapper.java:49)
at yashwanthgunapatiqa.globalcomponents.Wrapper.tearDown(Wrapper.java:58)
at yashwanthgunapatiqa.globalcomponents.Wrapper.quitBrowser(Wrapper.java:49)
at yashwanthgunapatiqa.globalcomponents.Wrapper.tearDown(Wrapper.java:58)
at yashwanthgunapatiqa.globalcomponents.Wrapper.quitBrowser(Wrapper.java:49)
at yashwanthgunapatiqa.globalcomponents.Wrapper.tearDown(Wrapper.java:58)
at yashwanthgunapatiqa.globalcomponents.Wrapper.quitBrowser(Wrapper.java:49)
at yashwanthgunapatiqa.globalcomponents.Wrapper.tearDown(Wrapper.java:58)
at yashwanthgunapatiqa.globalcomponents.Wrapper.quitBrowser(Wrapper.java:49)
at yashwanthgunapatiqa.globalcomponents.Wrapper.tearDown(Wrapper.java:58)
at yashwanthgunapatiqa.globalcomponents.Wrapper.quitBrowser(Wrapper.java:49)
at yashwanthgunapatiqa.globalcomponents.Wrapper.tearDown(Wrapper.java:58)
at yashwanthgunapatiqa.globalcomponents.Wrapper.quitBrowser(Wrapper.java:49)
at yashwanthgunapatiqa.globalcomponents.Wrapper.tearDown(Wrapper.java:58)
at yashwanthgunapatiqa.globalcomponents.Wrapper.quitBrowser(Wrapper.java:49)
at yashwanthgunapatiqa.globalcomponents.Wrapper.tearDown(Wrapper.java:58)
at yashwanthgunapatiqa.globalcomponents.Wrapper.quitBrowser(Wrapper.java:49)
at yashwanthgunapatiqa.globalcomponents.Wrapper.tearDown(Wrapper.java:58)
at yashwanthgunapatiqa.globalcomponents.Wrapper.quitBrowser(Wrapper.java:49)
at yashwanthgunapatiqa.globalcomponents.Wrapper.tearDown(Wrapper.java:58)
at yashwanthgunapatiqa.globalcomponents.Wrapper.quitBrowser(Wrapper.java:49)
at yashwanthgunapatiqa.globalcomponents.Wrapper.tearDown(Wrapper.java:58)
at yashwanthgunapatiqa.globalcomponents.Wrapper.quitBrowser(Wrapper.java:49)
at yashwanthgunapatiqa.globalcomponents.Wrapper.tearDown(Wrapper.java:58)
at yashwanthgunapatiqa.globalcomponents.Wrapper.quitBrowser(Wrapper.java:49)
at yashwanthgunapatiqa.globalcomponents.Wrapper.tearDown(Wrapper.java:58)
at yashwanthgunapatiqa.globalcomponents.Wrapper.quitBrowser(Wrapper.java:49)
at yashwanthgunapatiqa.globalcomponents.Wrapper.tearDown(Wrapper.java:58)
at yashwanthgunapatiqa.globalcomponents.Wrapper.quitBrowser(Wrapper.java:49)
at yashwanthgunapatiqa.globalcomponents.Wrapper.tearDown(Wrapper.java:58)
at yashwanthgunapatiqa.globalcomponents.Wrapper.quitBrowser(Wrapper.java:49)
at yashwanthgunapatiqa.globalcomponents.Wrapper.tearDown(Wrapper.java:58)
at yashwanthgunapatiqa.globalcomponents.Wrapper.quitBrowser(Wrapper.java:49)
at yashwanthgunapatiqa.globalcomponents.Wrapper.tearDown(Wrapper.java:58)
at yashwanthgunapatiqa.globalcomponents.Wrapper.quitBrowser(Wrapper.java:49)
at yashwanthgunapatiqa.globalcomponents.Wrapper.tearDown(Wrapper.java:58)
at yashwanthgunapatiqa.globalcomponents.Wrapper.quitBrowser(Wrapper.java:49)
at yashwanthgunapatiqa.globalcomponents.Wrapper.tearDown(Wrapper.java:58)
at yashwanthgunapatiqa.globalcomponents.Wrapper.quitBrowser(Wrapper.java:49)
at yashwanthgunapatiqa.globalcomponents.Wrapper.tearDown(Wrapper.java:58)
at yashwanthgunapatiqa.globalcomponents.Wrapper.quitBrowser(Wrapper.java:49)
at yashwanthgunapatiqa.globalcomponents.Wrapper.tearDown(Wrapper.java:58)
at yashwanthgunapatiqa.globalcomponents.Wrapper.quitBrowser(Wrapper.java:49)
at yashwanthgunapatiqa.globalcomponents.Wrapper.tearDown(Wrapper.java:58)
at yashwanthgunapatiqa.globalcomponents.Wrapper.quitBrowser(Wrapper.java:49)
at yashwanthgunapatiqa.globalcomponents.Wrapper.tearDown(Wrapper.java:58)
at yashwanthgunapatiqa.globalcomponents.Wrapper.quitBrowser(Wrapper.java:49)
at yashwanthgunapatiqa.globalcomponents.Wrapper.tearDown(Wrapper.java:58)
at yashwanthgunapatiqa.globalcomponents.Wrapper.quitBrowser(Wrapper.java:49)
at yashwanthgunapatiqa.globalcomponents.Wrapper.tearDown(Wrapper.java:58)
at yashwanthgunapatiqa.globalcomponents.Wrapper.quitBrowser(Wrapper.java:49)
at yashwanthgunapatiqa.globalcomponents.Wrapper.tearDown(Wrapper.java:58)
at yashwanthgunapatiqa.globalcomponents.Wrapper.quitBrowser(Wrapper.java:49)
at yashwanthgunapatiqa.globalcomponents.Wrapper.tearDown(Wrapper.java:58)
at yashwanthgunapatiqa.globalcomponents.Wrapper.quitBrowser(Wrapper.java:49)
at yashwanthgunapatiqa.globalcomponents.Wrapper.tearDown(Wrapper.java:58)
at yashwanthgunapatiqa.globalcomponents.Wrapper.quitBrowser(Wrapper.java:49)
at yashwanthgunapatiqa.globalcomponents.Wrapper.tearDown(Wrapper.java:58)
at yashwanthgunapatiqa.globalcomponents.Wrapper.quitBrowser(Wrapper.java:49)
at yashwanthgunapatiqa.globalcomponents.Wrapper.tearDown(Wrapper.java:58)
at yashwanthgunapatiqa.globalcomponents.Wrapper.quitBrowser(Wrapper.java:49)
at yashwanthgunapatiqa.globalcomponents.Wrapper.tearDown(Wrapper.java:58)
at yashwanthgunapatiqa.globalcomponents.Wrapper.quitBrowser(Wrapper.java:49)
at yashwanthgunapatiqa.globalcomponents.Wrapper.tearDown(Wrapper.java:58)
at yashwanthgunapatiqa.globalcomponents.Wrapper.quitBrowser(Wrapper.java:49)
at yashwanthgunapatiqa.globalcomponents.Wrapper.tearDown(Wrapper.java:58)
at yashwanthgunapatiqa.globalcomponents.Wrapper.quitBrowser(Wrapper.java:49)
at yashwanthgunapatiqa.globalcomponents.Wrapper.tearDown(Wrapper.java:58)
at yashwanthgunapatiqa.globalcomponents.Wrapper.quitBrowser(Wrapper.java:49)
at yashwanthgunapatiqa.globalcomponents.Wrapper.tearDown(Wrapper.java:58)
at yashwanthgunapatiqa.globalcomponents.Wrapper.quitBrowser(Wrapper.java:49)
at yashwanthgunapatiqa.globalcomponents.Wrapper.tearDown(Wrapper.java:58)
at yashwanthgunapatiqa.globalcomponents.Wrapper.quitBrowser(Wrapper.java:49)
at yashwanthgunapatiqa.globalcomponents.Wrapper.tearDown(Wrapper.java:58)
at yashwanthgunapatiqa.globalcomponents.Wrapper.quitBrowser(Wrapper.java:49)
at yashwanthgunapatiqa.globalcomponents.Wrapper.tearDown(Wrapper.java:58)
at yashwanthgunapatiqa.globalcomponents.Wrapper.quitBrowser(Wrapper.java:49)
at yashwanthgunapatiqa.globalcomponents.Wrapper.tearDown(Wrapper.java:58)
at yashwanthgunapatiqa.globalcomponents.Wrapper.quitBrowser(Wrapper.java:49)
at yashwanthgunapatiqa.globalcomponents.Wrapper.tearDown(Wrapper.java:58)
at yashwanthgunapatiqa.globalcomponents.Wrapper.quitBrowser(Wrapper.java:49)
at yashwanthgunapatiqa.globalcomponents.Wrapper.tearDown(Wrapper.java:58)
at yashwanthgunapatiqa.globalcomponents.Wrapper.quitBrowser(Wrapper.java:49)
at yashwanthgunapatiqa.globalcomponents.Wrapper.tearDown(Wrapper.java:58)
at yashwanthgunapatiqa.globalcomponents.Wrapper.quitBrowser(Wrapper.java:49)
at yashwanthgunapatiqa.globalcomponents.Wrapper.tearDown(Wrapper.java:58)
at yashwanthgunapatiqa.globalcomponents.Wrapper.quitBrowser(Wrapper.java:49)
at yashwanthgunapatiqa.globalcomponents.Wrapper.tearDown(Wrapper.java:58)
at yashwanthgunapatiqa.globalcomponents.Wrapper.quitBrowser(Wrapper.java:49)
at yashwanthgunapatiqa.globalcomponents.Wrapper.tearDown(Wrapper.java:58)
at yashwanthgunapatiqa.globalcomponents.Wrapper.quitBrowser(Wrapper.java:49)
at yashwanthgunapatiqa.globalcomponents.Wrapper.tearDown(Wrapper.java:58)
at yashwanthgunapatiqa.globalcomponents.Wrapper.quitBrowser(Wrapper.java:49)
at yashwanthgunapatiqa.globalcomponents.Wrapper.tearDown(Wrapper.java:58)
at yashwanthgunapatiqa.globalcomponents.Wrapper.quitBrowser(Wrapper.java:49)
at yashwanthgunapatiqa.globalcomponents.Wrapper.tearDown(Wrapper.java:58)
at yashwanthgunapatiqa.globalcomponents.Wrapper.quitBrowser(Wrapper.java:49)
at yashwanthgunapatiqa.globalcomponents.Wrapper.tearDown(Wrapper.java:58)
at yashwanthgunapatiqa.globalcomponents.Wrapper.quitBrowser(Wrapper.java:49)
at yashwanthgunapatiqa.globalcomponents.Wrapper.tearDown(Wrapper.java:58)
at yashwanthgunapatiqa.globalcomponents.Wrapper.quitBrowser(Wrapper.java:49)
at yashwanthgunapatiqa.globalcomponents.Wrapper.tearDown(Wrapper.java:58)
at yashwanthgunapatiqa.globalcomponents.Wrapper.quitBrowser(Wrapper.java:49)
at yashwanthgunapatiqa.globalcomponents.Wrapper.tearDown(Wrapper.java:58)
at yashwanthgunapatiqa.globalcomponents.Wrapper.quitBrowser(Wrapper.java:49)
at yashwanthgunapatiqa.globalcomponents.Wrapper.tearDown(Wrapper.java:58)
at yashwanthgunapatiqa.globalcomponents.Wrapper.quitBrowser(Wrapper.java:49)
at yashwanthgunapatiqa.globalcomponents.Wrapper.tearDown(Wrapper.java:58)
at yashwanthgunapatiqa.globalcomponents.Wrapper.quitBrowser(Wrapper.java:49)
at yashwanthgunapatiqa.globalcomponents.Wrapper.tearDown(Wrapper.java:58)
at yashwanthgunapatiqa.globalcomponents.Wrapper.quitBrowser(Wrapper.java:49)
at yashwanthgunapatiqa.globalcomponents.Wrapper.tearDown(Wrapper.java:58)
at yashwanthgunapatiqa.globalcomponents.Wrapper.quitBrowser(Wrapper.java:49)
at yashwanthgunapatiqa.globalcomponents.Wrapper.tearDown(Wrapper.java:58)
at yashwanthgunapatiqa.globalcomponents.Wrapper.quitBrowser(Wrapper.java:49)
at yashwanthgunapatiqa.globalcomponents.Wrapper.tearDown(Wrapper.java:58)
at yashwanthgunapatiqa.globalcomponents.Wrapper.quitBrowser(Wrapper.java:49)
at yashwanthgunapatiqa.globalcomponents.Wrapper.tearDown(Wrapper.java:58)
at yashwanthgunapatiqa.globalcomponents.Wrapper.quitBrowser(Wrapper.java:49)
at yashwanthgunapatiqa.globalcomponents.Wrapper.tearDown(Wrapper.java:58)
at yashwanthgunapatiqa.globalcomponents.Wrapper.quitBrowser(Wrapper.java:49)
at yashwanthgunapatiqa.globalcomponents.Wrapper.tearDown(Wrapper.java:58)
at yashwanthgunapatiqa.globalcomponents.Wrapper.quitBrowser(Wrapper.java:49)
at yashwanthgunapatiqa.globalcomponents.Wrapper.tearDown(Wrapper.java:58)
at yashwanthgunapatiqa.globalcomponents.Wrapper.quitBrowser(Wrapper.java:49)
at yashwanthgunapatiqa.globalcomponents.Wrapper.tearDown(Wrapper.java:58)
at yashwanthgunapatiqa.globalcomponents.Wrapper.quitBrowser(Wrapper.java:49)
at yashwanthgunapatiqa.globalcomponents.Wrapper.tearDown(Wrapper.java:58)
at yashwanthgunapatiqa.globalcomponents.Wrapper.quitBrowser(Wrapper.java:49)
at yashwanthgunapatiqa.globalcomponents.Wrapper.tearDown(Wrapper.java:58)
at yashwanthgunapatiqa.globalcomponents.Wrapper.quitBrowser(Wrapper.java:49)
at yashwanthgunapatiqa.globalcomponents.Wrapper.tearDown(Wrapper.java:58)
at yashwanthgunapatiqa.globalcomponents.Wrapper.quitBrowser(Wrapper.java:49)
at yashwanthgunapatiqa.globalcomponents.Wrapper.tearDown(Wrapper.java:58)
at yashwanthgunapatiqa.globalcomponents.Wrapper.quitBrowser(Wrapper.java:49)
at yashwanthgunapatiqa.globalcomponents.Wrapper.tearDown(Wrapper.java:58)
at yashwanthgunapatiqa.globalcomponents.Wrapper.quitBrowser(Wrapper.java:49)
at yashwanthgunapatiqa.globalcomponents.Wrapper.tearDown(Wrapper.java:58)
at yashwanthgunapatiqa.globalcomponents.Wrapper.quitBrowser(Wrapper.java:49)
at yashwanthgunapatiqa.globalcomponents.Wrapper.tearDown(Wrapper.java:58)
at yashwanthgunapatiqa.globalcomponents.Wrapper.quitBrowser(Wrapper.java:49)
at yashwanthgunapatiqa.globalcomponents.Wrapper.tearDown(Wrapper.java:58)
at yashwanthgunapatiqa.globalcomponents.Wrapper.quitBrowser(Wrapper.java:49)
at yashwanthgunapatiqa.globalcomponents.Wrapper.tearDown(Wrapper.java:58)
at yashwanthgunapatiqa.globalcomponents.Wrapper.quitBrowser(Wrapper.java:49)
at yashwanthgunapatiqa.globalcomponents.Wrapper.tearDown(Wrapper.java:58)
at yashwanthgunapatiqa.globalcomponents.Wrapper.quitBrowser(Wrapper.java:49)
at yashwanthgunapatiqa.globalcomponents.Wrapper.tearDown(Wrapper.java:58)
at yashwanthgunapatiqa.globalcomponents.Wrapper.quitBrowser(Wrapper.java:49)
at yashwanthgunapatiqa.globalcomponents.Wrapper.tearDown(Wrapper.java:58)
at yashwanthgunapatiqa.globalcomponents.Wrapper.quitBrowser(Wrapper.java:49)
at yashwanthgunapatiqa.globalcomponents.Wrapper.tearDown(Wrapper.java:58)
at yashwanthgunapatiqa.globalcomponents.Wrapper.quitBrowser(Wrapper.java:49)
at yashwanthgunapatiqa.globalcomponents.Wrapper.tearDown(Wrapper.java:58)
at yashwanthgunapatiqa.globalcomponents.Wrapper.quitBrowser(Wrapper.java:49)
at yashwanthgunapatiqa.globalcomponents.Wrapper.tearDown(Wrapper.java:58)
at yashwanthgunapatiqa.globalcomponents.Wrapper.quitBrowser(Wrapper.java:49)
at yashwanthgunapatiqa.globalcomponents.Wrapper.tearDown(Wrapper.java:58)
at yashwanthgunapatiqa.globalcomponents.Wrapper.quitBrowser(Wrapper.java:49)
at yashwanthgunapatiqa.globalcomponents.Wrapper.tearDown(Wrapper.java:58)
at yashwanthgunapatiqa.globalcomponents.Wrapper.quitBrowser(Wrapper.java:49)
at yashwanthgunapatiqa.globalcomponents.Wrapper.tearDown(Wrapper.java:58)
at yashwanthgunapatiqa.globalcomponents.Wrapper.quitBrowser(Wrapper.java:49)
at yashwanthgunapatiqa.globalcomponents.Wrapper.tearDown(Wrapper.java:58)
at yashwanthgunapatiqa.globalcomponents.Wrapper.quitBrowser(Wrapper.java:49)
at yashwanthgunapatiqa.globalcomponents.Wrapper.tearDown(Wrapper.java:58)
at yashwanthgunapatiqa.globalcomponents.Wrapper.quitBrowser(Wrapper.java:49)
at yashwanthgunapatiqa.globalcomponents.Wrapper.tearDown(Wrapper.java:58)
at yashwanthgunapatiqa.globalcomponents.Wrapper.quitBrowser(Wrapper.java:49)
at yashwanthgunapatiqa.globalcomponents.Wrapper.tearDown(Wrapper.java:58)
at yashwanthgunapatiqa.globalcomponents.Wrapper.quitBrowser(Wrapper.java:49)
at yashwanthgunapatiqa.globalcomponents.Wrapper.tearDown(Wrapper.java:58)
at yashwanthgunapatiqa.globalcomponents.Wrapper.quitBrowser(Wrapper.java:49)
at yashwanthgunapatiqa.globalcomponents.Wrapper.tearDown(Wrapper.java:58)
at yashwanthgunapatiqa.globalcomponents.Wrapper.quitBrowser(Wrapper.java:49)
at yashwanthgunapatiqa.globalcomponents.Wrapper.tearDown(Wrapper.java:58)
at yashwanthgunapatiqa.globalcomponents.Wrapper.quitBrowser(Wrapper.java:49)
at yashwanthgunapatiqa.globalcomponents.Wrapper.tearDown(Wrapper.java:58)
at yashwanthgunapatiqa.globalcomponents.Wrapper.quitBrowser(Wrapper.java:49)
at yashwanthgunapatiqa.globalcomponents.Wrapper.tearDown(Wrapper.java:58)
at yashwanthgunapatiqa.globalcomponents.Wrapper.quitBrowser(Wrapper.java:49)
at yashwanthgunapatiqa.globalcomponents.Wrapper.tearDown(Wrapper.java:58)
at yashwanthgunapatiqa.globalcomponents.Wrapper.quitBrowser(Wrapper.java:49)
at yashwanthgunapatiqa.globalcomponents.Wrapper.tearDown(Wrapper.java:58)
at yashwanthgunapatiqa.globalcomponents.Wrapper.quitBrowser(Wrapper.java:49)
]]>
            </full-stacktrace>
          </exception> <!-- java.lang.StackOverflowError -->
          <reporter-output>
          </reporter-output>
        </test-method> <!-- quitBrowser -->
        <test-method is-config="true" signature="LaunchBrowser()[pri:0, instance:yashwanthgunapatiqa.tests.Errorvalidation@1e1a0406]" started-at="2024-09-23T17:16:37 GMT-04:00" name="LaunchBrowser" finished-at="1969-12-31T19:00:00 GMT-05:00" duration-ms="-1727126197036" status="SKIP">
          <reporter-output>
          </reporter-output>
[...]
at yashwanthgunapatiqa.globalcomponents.Wrapper.quitBrowser(Wrapper.java:49)
at yashwanthgunapatiqa.globalcomponents.Wrapper.tearDown(Wrapper.java:58)
at yashwanthgunapatiqa.globalcomponents.Wrapper.quitBrowser(Wrapper.java:49)
at yashwanthgunapatiqa.globalcomponents.Wrapper.tearDown(Wrapper.java:58)
at yashwanthgunapatiqa.globalcomponents.Wrapper.quitBrowser(Wrapper.java:49)
at yashwanthgunapatiqa.globalcomponents.Wrapper.tearDown(Wrapper.java:58)
at yashwanthgunapatiqa.globalcomponents.Wrapper.quitBrowser(Wrapper.java:49)
at yashwanthgunapatiqa.globalcomponents.Wrapper.tearDown(Wrapper.java:58)
at yashwanthgunapatiqa.globalcomponents.Wrapper.quitBrowser(Wrapper.java:49)
at yashwanthgunapatiqa.globalcomponents.Wrapper.tearDown(Wrapper.java:58)
at yashwanthgunapatiqa.globalcomponents.Wrapper.quitBrowser(Wrapper.java:49)
at yashwanthgunapatiqa.globalcomponents.Wrapper.tearDown(Wrapper.java:58)
at yashwanthgunapatiqa.globalcomponents.Wrapper.quitBrowser(Wrapper.java:49)
at yashwanthgunapatiqa.globalcomponents.Wrapper.tearDown(Wrapper.java:58)
at yashwanthgunapatiqa.globalcomponents.Wrapper.quitBrowser(Wrapper.java:49)
at yashwanthgunapatiqa.globalcomponents.Wrapper.tearDown(Wrapper.java:58)
at yashwanthgunapatiqa.globalcomponents.Wrapper.quitBrowser(Wrapper.java:49)
at yashwanthgunapatiqa.globalcomponents.Wrapper.tearDown(Wrapper.java:58)
at yashwanthgunapatiqa.globalcomponents.Wrapper.quitBrowser(Wrapper.java:49)
at yashwanthgunapatiqa.globalcomponents.Wrapper.tearDown(Wrapper.java:58)
at yashwanthgunapatiqa.globalcomponents.Wrapper.quitBrowser(Wrapper.java:49)
at yashwanthgunapatiqa.globalcomponents.Wrapper.tearDown(Wrapper.java:58)
at yashwanthgunapatiqa.globalcomponents.Wrapper.quitBrowser(Wrapper.java:49)
at yashwanthgunapatiqa.globalcomponents.Wrapper.tearDown(Wrapper.java:58)
at yashwanthgunapatiqa.globalcomponents.Wrapper.quitBrowser(Wrapper.java:49)
at yashwanthgunapatiqa.globalcomponents.Wrapper.tearDown(Wrapper.java:58)
at yashwanthgunapatiqa.globalcomponents.Wrapper.quitBrowser(Wrapper.java:49)
at yashwanthgunapatiqa.globalcomponents.Wrapper.tearDown(Wrapper.java:58)
at yashwanthgunapatiqa.globalcomponents.Wrapper.quitBrowser(Wrapper.java:49)
at yashwanthgunapatiqa.globalcomponents.Wrapper.tearDown(Wrapper.java:58)
at yashwanthgunapatiqa.globalcomponents.Wrapper.quitBrowser(Wrapper.java:49)
at yashwanthgunapatiqa.globalcomponents.Wrapper.tearDown(Wrapper.java:58)
at yashwanthgunapatiqa.globalcomponents.Wrapper.quitBrowser(Wrapper.java:49)
at yashwanthgunapatiqa.globalcomponents.Wrapper.tearDown(Wrapper.java:58)
at yashwanthgunapatiqa.globalcomponents.Wrapper.quitBrowser(Wrapper.java:49)
at yashwanthgunapatiqa.globalcomponents.Wrapper.tearDown(Wrapper.java:58)
at yashwanthgunapatiqa.globalcomponents.Wrapper.quitBrowser(Wrapper.java:49)
at yashwanthgunapatiqa.globalcomponents.Wrapper.tearDown(Wrapper.java:58)
at yashwanthgunapatiqa.globalcomponents.Wrapper.quitBrowser(Wrapper.java:49)
at yashwanthgunapatiqa.globalcomponents.Wrapper.tearDown(Wrapper.java:58)
at yashwanthgunapatiqa.globalcomponents.Wrapper.quitBrowser(Wrapper.java:49)
at yashwanthgunapatiqa.globalcomponents.Wrapper.tearDown(Wrapper.java:58)
at yashwanthgunapatiqa.globalcomponents.Wrapper.quitBrowser(Wrapper.java:49)
at yashwanthgunapatiqa.globalcomponents.Wrapper.tearDown(Wrapper.java:58)
at yashwanthgunapatiqa.globalcomponents.Wrapper.quitBrowser(Wrapper.java:49)
at yashwanthgunapatiqa.globalcomponents.Wrapper.tearDown(Wrapper.java:58)
at yashwanthgunapatiqa.globalcomponents.Wrapper.quitBrowser(Wrapper.java:49)
at yashwanthgunapatiqa.globalcomponents.Wrapper.tearDown(Wrapper.java:58)
at yashwanthgunapatiqa.globalcomponents.Wrapper.quitBrowser(Wrapper.java:49)
at yashwanthgunapatiqa.globalcomponents.Wrapper.tearDown(Wrapper.java:58)
at yashwanthgunapatiqa.globalcomponents.Wrapper.quitBrowser(Wrapper.java:49)
at yashwanthgunapatiqa.globalcomponents.Wrapper.tearDown(Wrapper.java:58)
at yashwanthgunapatiqa.globalcomponents.Wrapper.quitBrowser(Wrapper.java:49)
at yashwanthgunapatiqa.globalcomponents.Wrapper.tearDown(Wrapper.java:58)
at yashwanthgunapatiqa.globalcomponents.Wrapper.quitBrowser(Wrapper.java:49)
at yashwanthgunapatiqa.globalcomponents.Wrapper.tearDown(Wrapper.java:58)
at yashwanthgunapatiqa.globalcomponents.Wrapper.quitBrowser(Wrapper.java:49)
at yashwanthgunapatiqa.globalcomponents.Wrapper.tearDown(Wrapper.java:58)
at yashwanthgunapatiqa.globalcomponents.Wrapper.quitBrowser(Wrapper.java:49)
at yashwanthgunapatiqa.globalcomponents.Wrapper.tearDown(Wrapper.java:58)
at yashwanthgunapatiqa.globalcomponents.Wrapper.quitBrowser(Wrapper.java:49)
at yashwanthgunapatiqa.globalcomponents.Wrapper.tearDown(Wrapper.java:58)
at yashwanthgunapatiqa.globalcomponents.Wrapper.quitBrowser(Wrapper.java:49)
at yashwanthgunapatiqa.globalcomponents.Wrapper.tearDown(Wrapper.java:58)
at yashwanthgunapatiqa.globalcomponents.Wrapper.quitBrowser(Wrapper.java:49)
at yashwanthgunapatiqa.globalcomponents.Wrapper.tearDown(Wrapper.java:58)
at yashwanthgunapatiqa.globalcomponents.Wrapper.quitBrowser(Wrapper.java:49)
at yashwanthgunapatiqa.globalcomponents.Wrapper.tearDown(Wrapper.java:58)
at yashwanthgunapatiqa.globalcomponents.Wrapper.quitBrowser(Wrapper.java:49)
at yashwanthgunapatiqa.globalcomponents.Wrapper.tearDown(Wrapper.java:58)
at yashwanthgunapatiqa.globalcomponents.Wrapper.quitBrowser(Wrapper.java:49)
at yashwanthgunapatiqa.globalcomponents.Wrapper.tearDown(Wrapper.java:58)
at yashwanthgunapatiqa.globalcomponents.Wrapper.quitBrowser(Wrapper.java:49)
at yashwanthgunapatiqa.globalcomponents.Wrapper.tearDown(Wrapper.java:58)
at yashwanthgunapatiqa.globalcomponents.Wrapper.quitBrowser(Wrapper.java:49)
at yashwanthgunapatiqa.globalcomponents.Wrapper.tearDown(Wrapper.java:58)
at yashwanthgunapatiqa.globalcomponents.Wrapper.quitBrowser(Wrapper.java:49)
at yashwanthgunapatiqa.globalcomponents.Wrapper.tearDown(Wrapper.java:58)
at yashwanthgunapatiqa.globalcomponents.Wrapper.quitBrowser(Wrapper.java:49)
at yashwanthgunapatiqa.globalcomponents.Wrapper.tearDown(Wrapper.java:58)
at yashwanthgunapatiqa.globalcomponents.Wrapper.quitBrowser(Wrapper.java:49)
at yashwanthgunapatiqa.globalcomponents.Wrapper.tearDown(Wrapper.java:58)
at yashwanthgunapatiqa.globalcomponents.Wrapper.quitBrowser(Wrapper.java:49)
at yashwanthgunapatiqa.globalcomponents.Wrapper.tearDown(Wrapper.java:58)
at yashwanthgunapatiqa.globalcomponents.Wrapper.quitBrowser(Wrapper.java:49)
at yashwanthgunapatiqa.globalcomponents.Wrapper.tearDown(Wrapper.java:58)
at yashwanthgunapatiqa.globalcomponents.Wrapper.quitBrowser(Wrapper.java:49)
at yashwanthgunapatiqa.globalcomponents.Wrapper.tearDown(Wrapper.java:58)
at yashwanthgunapatiqa.globalcomponents.Wrapper.quitBrowser(Wrapper.java:49)
at yashwanthgunapatiqa.globalcomponents.Wrapper.tearDown(Wrapper.java:58)
at yashwanthgunapatiqa.globalcomponents.Wrapper.quitBrowser(Wrapper.java:49)
at yashwanthgunapatiqa.globalcomponents.Wrapper.tearDown(Wrapper.java:58)
at yashwanthgunapatiqa.globalcomponents.Wrapper.quitBrowser(Wrapper.java:49)
at yashwanthgunapatiqa.globalcomponents.Wrapper.tearDown(Wrapper.java:58)
at yashwanthgunapatiqa.globalcomponents.Wrapper.quitBrowser(Wrapper.java:49)
at yashwanthgunapatiqa.globalcomponents.Wrapper.tearDown(Wrapper.java:58)
at yashwanthgunapatiqa.globalcomponents.Wrapper.quitBrowser(Wrapper.java:49)
at yashwanthgunapatiqa.globalcomponents.Wrapper.tearDown(Wrapper.java:58)
at yashwanthgunapatiqa.globalcomponents.Wrapper.quitBrowser(Wrapper.java:49)
at yashwanthgunapatiqa.globalcomponents.Wrapper.tearDown(Wrapper.java:58)
at yashwanthgunapatiqa.globalcomponents.Wrapper.quitBrowser(Wrapper.java:49)
at yashwanthgunapatiqa.globalcomponents.Wrapper.tearDown(Wrapper.java:58)
at yashwanthgunapatiqa.globalcomponents.Wrapper.quitBrowser(Wrapper.java:49)
at yashwanthgunapatiqa.globalcomponents.Wrapper.tearDown(Wrapper.java:58)
at yashwanthgunapatiqa.globalcomponents.Wrapper.quitBrowser(Wrapper.java:49)
at yashwanthgunapatiqa.globalcomponents.Wrapper.tearDown(Wrapper.java:58)
at yashwanthgunapatiqa.globalcomponents.Wrapper.quitBrowser(Wrapper.java:49)
at yashwanthgunapatiqa.globalcomponents.Wrapper.tearDown(Wrapper.java:58)
at yashwanthgunapatiqa.globalcomponents.Wrapper.quitBrowser(Wrapper.java:49)
at yashwanthgunapatiqa.globalcomponents.Wrapper.tearDown(Wrapper.java:58)
at yashwanthgunapatiqa.globalcomponents.Wrapper.quitBrowser(Wrapper.java:49)
at yashwanthgunapatiqa.globalcomponents.Wrapper.tearDown(Wrapper.java:58)
at yashwanthgunapatiqa.globalcomponents.Wrapper.quitBrowser(Wrapper.java:49)
at yashwanthgunapatiqa.globalcomponents.Wrapper.tearDown(Wrapper.java:58)
at yashwanthgunapatiqa.globalcomponents.Wrapper.quitBrowser(Wrapper.java:49)
at yashwanthgunapatiqa.globalcomponents.Wrapper.tearDown(Wrapper.java:58)
at yashwanthgunapatiqa.globalcomponents.Wrapper.quitBrowser(Wrapper.java:49)
at yashwanthgunapatiqa.globalcomponents.Wrapper.tearDown(Wrapper.java:58)
at yashwanthgunapatiqa.globalcomponents.Wrapper.quitBrowser(Wrapper.java:49)
at yashwanthgunapatiqa.globalcomponents.Wrapper.tearDown(Wrapper.java:58)
at yashwanthgunapatiqa.globalcomponents.Wrapper.quitBrowser(Wrapper.java:49)
at yashwanthgunapatiqa.globalcomponents.Wrapper.tearDown(Wrapper.java:58)
at yashwanthgunapatiqa.globalcomponents.Wrapper.quitBrowser(Wrapper.java:49)
at yashwanthgunapatiqa.globalcomponents.Wrapper.tearDown(Wrapper.java:58)
at yashwanthgunapatiqa.globalcomponents.Wrapper.quitBrowser(Wrapper.java:49)
at yashwanthgunapatiqa.globalcomponents.Wrapper.tearDown(Wrapper.java:58)
at yashwanthgunapatiqa.globalcomponents.Wrapper.quitBrowser(Wrapper.java:49)
at yashwanthgunapatiqa.globalcomponents.Wrapper.tearDown(Wrapper.java:58)
at yashwanthgunapatiqa.globalcomponents.Wrapper.quitBrowser(Wrapper.java:49)
at yashwanthgunapatiqa.globalcomponents.Wrapper.tearDown(Wrapper.java:58)
at yashwanthgunapatiqa.globalcomponents.Wrapper.quitBrowser(Wrapper.java:49)
at yashwanthgunapatiqa.globalcomponents.Wrapper.tearDown(Wrapper.java:58)
at yashwanthgunapatiqa.globalcomponents.Wrapper.quitBrowser(Wrapper.java:49)
at yashwanthgunapatiqa.globalcomponents.Wrapper.tearDown(Wrapper.java:58)
at yashwanthgunapatiqa.globalcomponents.Wrapper.quitBrowser(Wrapper.java:49)
at yashwanthgunapatiqa.globalcomponents.Wrapper.tearDown(Wrapper.java:58)
at yashwanthgunapatiqa.globalcomponents.Wrapper.quitBrowser(Wrapper.java:49)
at yashwanthgunapatiqa.globalcomponents.Wrapper.tearDown(Wrapper.java:58)
at yashwanthgunapatiqa.globalcomponents.Wrapper.quitBrowser(Wrapper.java:49)
at yashwanthgunapatiqa.globalcomponents.Wrapper.tearDown(Wrapper.java:58)
at yashwanthgunapatiqa.globalcomponents.Wrapper.quitBrowser(Wrapper.java:49)
at yashwanthgunapatiqa.globalcomponents.Wrapper.tearDown(Wrapper.java:58)
at yashwanthgunapatiqa.globalcomponents.Wrapper.quitBrowser(Wrapper.java:49)
at yashwanthgunapatiqa.globalcomponents.Wrapper.tearDown(Wrapper.java:58)
at yashwanthgunapatiqa.globalcomponents.Wrapper.quitBrowser(Wrapper.java:49)
at yashwanthgunapatiqa.globalcomponents.Wrapper.tearDown(Wrapper.java:58)
at yashwanthgunapatiqa.globalcomponents.Wrapper.quitBrowser(Wrapper.java:49)
at yashwanthgunapatiqa.globalcomponents.Wrapper.tearDown(Wrapper.java:58)
at yashwanthgunapatiqa.globalcomponents.Wrapper.quitBrowser(Wrapper.java:49)
at yashwanthgunapatiqa.globalcomponents.Wrapper.tearDown(Wrapper.java:58)
at yashwanthgunapatiqa.globalcomponents.Wrapper.quitBrowser(Wrapper.java:49)
at yashwanthgunapatiqa.globalcomponents.Wrapper.tearDown(Wrapper.java:58)
at yashwanthgunapatiqa.globalcomponents.Wrapper.quitBrowser(Wrapper.java:49)
at yashwanthgunapatiqa.globalcomponents.Wrapper.tearDown(Wrapper.java:58)
at yashwanthgunapatiqa.globalcomponents.Wrapper.quitBrowser(Wrapper.java:49)
at yashwanthgunapatiqa.globalcomponents.Wrapper.tearDown(Wrapper.java:58)
at yashwanthgunapatiqa.globalcomponents.Wrapper.quitBrowser(Wrapper.java:49)
at yashwanthgunapatiqa.globalcomponents.Wrapper.tearDown(Wrapper.java:58)
at yashwanthgunapatiqa.globalcomponents.Wrapper.quitBrowser(Wrapper.java:49)
at yashwanthgunapatiqa.globalcomponents.Wrapper.tearDown(Wrapper.java:58)
at yashwanthgunapatiqa.globalcomponents.Wrapper.quitBrowser(Wrapper.java:49)
at yashwanthgunapatiqa.globalcomponents.Wrapper.tearDown(Wrapper.java:58)
at yashwanthgunapatiqa.globalcomponents.Wrapper.quitBrowser(Wrapper.java:49)
at yashwanthgunapatiqa.globalcomponents.Wrapper.tearDown(Wrapper.java:58)
at yashwanthgunapatiqa.globalcomponents.Wrapper.quitBrowser(Wrapper.java:49)
at yashwanthgunapatiqa.globalcomponents.Wrapper.tearDown(Wrapper.java:58)
at yashwanthgunapatiqa.globalcomponents.Wrapper.quitBrowser(Wrapper.java:49)
at yashwanthgunapatiqa.globalcomponents.Wrapper.tearDown(Wrapper.java:58)
at yashwanthgunapatiqa.globalcomponents.Wrapper.quitBrowser(Wrapper.java:49)
at yashwanthgunapatiqa.globalcomponents.Wrapper.tearDown(Wrapper.java:58)
at yashwanthgunapatiqa.globalcomponents.Wrapper.quitBrowser(Wrapper.java:49)
at yashwanthgunapatiqa.globalcomponents.Wrapper.tearDown(Wrapper.java:58)
at yashwanthgunapatiqa.globalcomponents.Wrapper.quitBrowser(Wrapper.java:49)
at yashwanthgunapatiqa.globalcomponents.Wrapper.tearDown(Wrapper.java:58)
at yashwanthgunapatiqa.globalcomponents.Wrapper.quitBrowser(Wrapper.java:49)
at yashwanthgunapatiqa.globalcomponents.Wrapper.tearDown(Wrapper.java:58)
at yashwanthgunapatiqa.globalcomponents.Wrapper.quitBrowser(Wrapper.java:49)
at yashwanthgunapatiqa.globalcomponents.Wrapper.tearDown(Wrapper.java:58)
at yashwanthgunapatiqa.globalcomponents.Wrapper.quitBrowser(Wrapper.java:49)
at yashwanthgunapatiqa.globalcomponents.Wrapper.tearDown(Wrapper.java:58)
at yashwanthgunapatiqa.globalcomponents.Wrapper.quitBrowser(Wrapper.java:49)
at yashwanthgunapatiqa.globalcomponents.Wrapper.tearDown(Wrapper.java:58)
at yashwanthgunapatiqa.globalcomponents.Wrapper.quitBrowser(Wrapper.java:49)
at yashwanthgunapatiqa.globalcomponents.Wrapper.tearDown(Wrapper.java:58)
at yashwanthgunapatiqa.globalcomponents.Wrapper.quitBrowser(Wrapper.java:49)
at yashwanthgunapatiqa.globalcomponents.Wrapper.tearDown(Wrapper.java:58)
at yashwanthgunapatiqa.globalcomponents.Wrapper.quitBrowser(Wrapper.java:49)
at yashwanthgunapatiqa.globalcomponents.Wrapper.tearDown(Wrapper.java:58)
at yashwanthgunapatiqa.globalcomponents.Wrapper.quitBrowser(Wrapper.java:49)
at yashwanthgunapatiqa.globalcomponents.Wrapper.tearDown(Wrapper.java:58)
at yashwanthgunapatiqa.globalcomponents.Wrapper.quitBrowser(Wrapper.java:49)
at yashwanthgunapatiqa.globalcomponents.Wrapper.tearDown(Wrapper.java:58)
at yashwanthgunapatiqa.globalcomponents.Wrapper.quitBrowser(Wrapper.java:49)
at yashwanthgunapatiqa.globalcomponents.Wrapper.tearDown(Wrapper.java:58)
at yashwanthgunapatiqa.globalcomponents.Wrapper.quitBrowser(Wrapper.java:49)
at yashwanthgunapatiqa.globalcomponents.Wrapper.tearDown(Wrapper.java:58)
at yashwanthgunapatiqa.globalcomponents.Wrapper.quitBrowser(Wrapper.java:49)
at yashwanthgunapatiqa.globalcomponents.Wrapper.tearDown(Wrapper.java:58)
at yashwanthgunapatiqa.globalcomponents.Wrapper.quitBrowser(Wrapper.java:49)
at yashwanthgunapatiqa.globalcomponents.Wrapper.tearDown(Wrapper.java:58)
at yashwanthgunapatiqa.globalcomponents.Wrapper.quitBrowser(Wrapper.java:49)
at yashwanthgunapatiqa.globalcomponents.Wrapper.tearDown(Wrapper.java:58)
at yashwanthgunapatiqa.globalcomponents.Wrapper.quitBrowser(Wrapper.java:49)
at yashwanthgunapatiqa.globalcomponents.Wrapper.tearDown(Wrapper.java:58)
at yashwanthgunapatiqa.globalcomponents.Wrapper.quitBrowser(Wrapper.java:49)
at yashwanthgunapatiqa.globalcomponents.Wrapper.tearDown(Wrapper.java:58)
at yashwanthgunapatiqa.globalcomponents.Wrapper.quitBrowser(Wrapper.java:49)
at yashwanthgunapatiqa.globalcomponents.Wrapper.tearDown(Wrapper.java:58)
at yashwanthgunapatiqa.globalcomponents.Wrapper.quitBrowser(Wrapper.java:49)
at yashwanthgunapatiqa.globalcomponents.Wrapper.tearDown(Wrapper.java:58)
at yashwanthgunapatiqa.globalcomponents.Wrapper.quitBrowser(Wrapper.java:49)
at yashwanthgunapatiqa.globalcomponents.Wrapper.tearDown(Wrapper.java:58)
at yashwanthgunapatiqa.globalcomponents.Wrapper.quitBrowser(Wrapper.java:49)
at yashwanthgunapatiqa.globalcomponents.Wrapper.tearDown(Wrapper.java:58)
at yashwanthgunapatiqa.globalcomponents.Wrapper.quitBrowser(Wrapper.java:49)
at yashwanthgunapatiqa.globalcomponents.Wrapper.tearDown(Wrapper.java:58)
at yashwanthgunapatiqa.globalcomponents.Wrapper.quitBrowser(Wrapper.java:49)
at yashwanthgunapatiqa.globalcomponents.Wrapper.tearDown(Wrapper.java:58)
at yashwanthgunapatiqa.globalcomponents.Wrapper.quitBrowser(Wrapper.java:49)
at yashwanthgunapatiqa.globalcomponents.Wrapper.tearDown(Wrapper.java:58)
at yashwanthgunapatiqa.globalcomponents.Wrapper.quitBrowser(Wrapper.java:49)
at yashwanthgunapatiqa.globalcomponents.Wrapper.tearDown(Wrapper.java:58)
at yashwanthgunapatiqa.globalcomponents.Wrapper.quitBrowser(Wrapper.java:49)
at yashwanthgunapatiqa.globalcomponents.Wrapper.tearDown(Wrapper.java:58)
at yashwanthgunapatiqa.globalcomponents.Wrapper.quitBrowser(Wrapper.java:49)
at yashwanthgunapatiqa.globalcomponents.Wrapper.tearDown(Wrapper.java:58)
at yashwanthgunapatiqa.globalcomponents.Wrapper.quitBrowser(Wrapper.java:49)
at yashwanthgunapatiqa.globalcomponents.Wrapper.tearDown(Wrapper.java:58)
at yashwanthgunapatiqa.globalcomponents.Wrapper.quitBrowser(Wrapper.java:49)
at yashwanthgunapatiqa.globalcomponents.Wrapper.tearDown(Wrapper.java:58)
at yashwanthgunapatiqa.globalcomponents.Wrapper.quitBrowser(Wrapper.java:49)
at yashwanthgunapatiqa.globalcomponents.Wrapper.tearDown(Wrapper.java:58)
at yashwanthgunapatiqa.globalcomponents.Wrapper.quitBrowser(Wrapper.java:49)
at yashwanthgunapatiqa.globalcomponents.Wrapper.tearDown(Wrapper.java:58)
at yashwanthgunapatiqa.globalcomponents.Wrapper.quitBrowser(Wrapper.java:49)
at yashwanthgunapatiqa.globalcomponents.Wrapper.tearDown(Wrapper.java:58)
at yashwanthgunapatiqa.globalcomponents.Wrapper.quitBrowser(Wrapper.java:49)
at yashwanthgunapatiqa.globalcomponents.Wrapper.tearDown(Wrapper.java:58)
at yashwanthgunapatiqa.globalcomponents.Wrapper.quitBrowser(Wrapper.java:49)
at yashwanthgunapatiqa.globalcomponents.Wrapper.tearDown(Wrapper.java:58)
at yashwanthgunapatiqa.globalcomponents.Wrapper.quitBrowser(Wrapper.java:49)
at yashwanthgunapatiqa.globalcomponents.Wrapper.tearDown(Wrapper.java:58)
at yashwanthgunapatiqa.globalcomponents.Wrapper.quitBrowser(Wrapper.java:49)
at yashwanthgunapatiqa.globalcomponents.Wrapper.tearDown(Wrapper.java:58)
at yashwanthgunapatiqa.globalcomponents.Wrapper.quitBrowser(Wrapper.java:49)
at yashwanthgunapatiqa.globalcomponents.Wrapper.tearDown(Wrapper.java:58)
at yashwanthgunapatiqa.globalcomponents.Wrapper.quitBrowser(Wrapper.java:49)
at yashwanthgunapatiqa.globalcomponents.Wrapper.tearDown(Wrapper.java:58)
at yashwanthgunapatiqa.globalcomponents.Wrapper.quitBrowser(Wrapper.java:49)
at yashwanthgunapatiqa.globalcomponents.Wrapper.tearDown(Wrapper.java:58)
at yashwanthgunapatiqa.globalcomponents.Wrapper.quitBrowser(Wrapper.java:49)
at yashwanthgunapatiqa.globalcomponents.Wrapper.tearDown(Wrapper.java:58)
at yashwanthgunapatiqa.globalcomponents.Wrapper.quitBrowser(Wrapper.java:49)
at yashwanthgunapatiqa.globalcomponents.Wrapper.tearDown(Wrapper.java:58)
at yashwanthgunapatiqa.globalcomponents.Wrapper.quitBrowser(Wrapper.java:49)
]]>
            </full-stacktrace>
          </exception> <!-- java.lang.StackOverflowError -->
          <reporter-output>
          </reporter-output>
        </test-method> <!-- productRemovalValidation -->
        <test-method is-config="true" signature="quitBrowser()[pri:0, instance:yashwanthgunapatiqa.tests.Errorvalidation@1e1a0406]" started-at="2024-09-23T17:16:37 GMT-04:00" name="quitBrowser" finished-at="1969-12-31T19:00:00 GMT-05:00" duration-ms="-1727126197122" status="SKIP">
          <reporter-output>
          </reporter-output>
        </test-method> <!-- quitBrowser -->
      </class> <!-- yashwanthgunapatiqa.tests.Errorvalidation -->
    </test> <!-- Test -->
  </suite> <!-- Suite -->
</testng-results>
